            DOOM Shareware Startup
Playing demo demo1.lmp.
V_Init: allocate screens.
M_LoadDefaults: Load system defauls.
Z_Init: Init zone memory allocation daemon.
W_Init: Init WADfiles.
 adding doom1.wad
 adding demo1.lmp
added
==================
   Shareware!
==================
M_Init: Init miscellaneous info.
R_Init: Init DOOM refresh daemon - 
InitTextures
InitFlatsR_InitSpriteLumps

InitSprites
InitColormaps
R_InitData
R_InitPointToAngle
R_InitTables
R_InitPlanes
R_InitLightTables
R_InitSkyMap
R_InitTranslationsTables
P_Init: Init Playloop state.
I_Init: Setting up machine state.
D_CheckNetGame: Checking network game status.
startskill 2 deathmatch: False startmap: 1 startepisode: 1
player 1 of 1 (1 nodes)
S_Init: Setting up sound.
S_Init: default sfx volume 64
HU_Init: Setting up heads up display.
ST_Init: Init status bar.
R_DrawColumn: dc_source read out of bounds [16]
R_DrawColumn: dc_source read out of bounds [16]
S_StartSound not imlemented
S_StartSound not imlemented
S_StartSound not imlemented
S_StartSound not imlemented
S_StartSound not imlemented
S_StartSound not imlemented
S_StartSound not imlemented
S_StartSound not imlemented
S_StartSound not imlemented
S_StartSound not imlemented
S_StartSound not imlemented
R_DrawColumn: dc_source read out of bounds [127]
S_StartSound not imlemented
S_StartSound not imlemented
S_StartSound not imlemented
S_StartSound not imlemented
S_StartSound not imlemented
R_DrawColumn: dc_source read out of bounds [127]
R_DrawColumn: dc_source read out of bounds [127]
R_DrawColumn: dc_source read out of bounds [127]
S_StartSound not imlemented
S_StartSound not imlemented
S_StartSound not imlemented
S_StartSound not imlemented
S_StartSound not imlemented
S_StartSound not imlemented
S_StartSound not imlemented
S_StartSound not imlemented
S_StartSound not imlemented
S_StartSound not imlemented
S_StartSound not imlemented
S_StartSound not imlemented
S_StartSound not imlemented
S_StartSound not imlemented
S_StartSound not imlemented
S_StartSound not imlemented
S_StartSound not imlemented
S_StartSound not imlemented
S_StartSound not imlemented
S_StartSound not imlemented
S_StartSound not imlemented
S_StartSound not imlemented
S_StartSound not imlemented
S_StartSound not imlemented
S_StartSound not imlemented
R_DrawColumn: dc_source read out of bounds [17]
R_DrawColumn: dc_source read out of bounds [36]
R_DrawColumn: dc_source read out of bounds [39]
S_StartSound not imlemented
S_StartSound not imlemented
S_StartSound not imlemented
S_StartSound not imlemented
R_DrawColumn: dc_source read out of bounds [127]
R_DrawColumn: dc_source read out of bounds [127]
R_DrawColumn: dc_source read out of bounds [127]
R_DrawColumn: dc_source read out of bounds [127]
R_DrawColumn: dc_source read out of bounds [127]
R_DrawColumn: dc_source read out of bounds [127]
R_DrawColumn: dc_source read out of bounds [127]
R_DrawColumn: dc_source read out of bounds [127]
R_DrawColumn: dc_source read out of bounds [127]
R_DrawColumn: dc_source read out of bounds [127]
R_DrawColumn: dc_source read out of bounds [127]
R_DrawColumn: dc_source read out of bounds [127]
R_DrawColumn: dc_source read out of bounds [127]
R_DrawColumn: dc_source read out of bounds [127]
R_DrawColumn: dc_source read out of bounds [127]
R_DrawColumn: dc_source read out of bounds [127]
S_StartSound not imlemented
S_StartSound not imlemented
S_StartSound not imlemented
S_StartSound not imlemented
S_StartSound not imlemented
S_StartSound not imlemented
S_StartSound not imlemented
S_StartSound not imlemented
R_DrawColumn: dc_source read out of bounds [127]
R_DrawColumn: dc_source read out of bounds [127]
R_DrawColumn: dc_source read out of bounds [127]
R_DrawColumn: dc_source read out of bounds [127]
R_DrawColumn: dc_source read out of bounds [127]
R_DrawColumn: dc_source read out of bounds [127]
R_DrawColumn: dc_source read out of bounds [127]
S_StartSound not imlemented
R_DrawColumn: dc_source read out of bounds [127]
R_DrawColumn: dc_source read out of bounds [127]
R_DrawColumn: dc_source read out of bounds [127]
R_DrawColumn: dc_source read out of bounds [127]
R_DrawColumn: dc_source read out of bounds [127]
S_StartSound not imlemented
S_StartSound not imlemented
S_StartSound not imlemented
35972,wipe
6479,wipe
7739,wipe
8599,wipe
11289,wipe
10827,wipe
12315,wipe
11826,wipe
16784,wipe
17350,wipe
16379,wipe
14058,wipe
35048,wipe
10822,wipe
9812,wipe
8851,wipe
8718,wipe
8761,wipe
8363,wipe
9454,wipe
9798,wipe
10177,wipe
8763,wipe
7992,wipe
10125,wipe
6574,wipe
6840,wipe
5887,wipe
5127,wipe
4972,wipe
3935,wipe
3188,wipe
2596,wipe
2227,wipe
2000,wipe
1685,wipe
1394,wipe
1401,wipe
1128,wipe
2059,wipe
1125,wipe
1175,wipe
986166,gamestate 0
962573,gamestate 0
957751,gamestate 0
952534,gamestate 0
946910,gamestate 0
961757,gamestate 0
963332,gamestate 0
976438,gamestate 0
957291,gamestate 0
971258,gamestate 0
955089,gamestate 0
950537,gamestate 0
971593,gamestate 0
957875,gamestate 0
953432,gamestate 0
952607,gamestate 0
958813,gamestate 0
971810,gamestate 0
947019,gamestate 0
953536,gamestate 0
947064,gamestate 0
941179,gamestate 0
950806,gamestate 0
928812,gamestate 0
933265,gamestate 0
918441,gamestate 0
924048,gamestate 0
911233,gamestate 0
907554,gamestate 0
883656,gamestate 0
866024,gamestate 0
864858,gamestate 0
846147,gamestate 0
845691,gamestate 0
824386,gamestate 0
801348,gamestate 0
783685,gamestate 0
745733,gamestate 0
733738,gamestate 0
734633,gamestate 0
744246,gamestate 0
760993,gamestate 0
755744,gamestate 0
777139,gamestate 0
778990,gamestate 0
774358,gamestate 0
761869,gamestate 0
775605,gamestate 0
763365,gamestate 0
852124,gamestate 0
957081,gamestate 0
923386,gamestate 0
928601,gamestate 0
921224,gamestate 0
913506,gamestate 0
902714,gamestate 0
845016,gamestate 0
785438,gamestate 0
775514,gamestate 0
698230,gamestate 0
679942,gamestate 0
682612,gamestate 0
677172,gamestate 0
686364,gamestate 0
693885,gamestate 0
713484,gamestate 0
712891,gamestate 0
711772,gamestate 0
704989,gamestate 0
701610,gamestate 0
706059,gamestate 0
700519,gamestate 0
693152,gamestate 0
679832,gamestate 0
677084,gamestate 0
684991,gamestate 0
717198,gamestate 0
753966,gamestate 0
782418,gamestate 0
824412,gamestate 0
842020,gamestate 0
837797,gamestate 0
841825,gamestate 0
814530,gamestate 0
811173,gamestate 0
819126,gamestate 0
801505,gamestate 0
793144,gamestate 0
781468,gamestate 0
795514,gamestate 0
773678,gamestate 0
759177,gamestate 0
761878,gamestate 0
742504,gamestate 0
725583,gamestate 0
710351,gamestate 0
707372,gamestate 0
685521,gamestate 0
695430,gamestate 0
675757,gamestate 0
664195,gamestate 0
646346,gamestate 0
635522,gamestate 0
618003,gamestate 0
616129,gamestate 0
617685,gamestate 0
633145,gamestate 0
628100,gamestate 0
627395,gamestate 0
611828,gamestate 0
622205,gamestate 0
632537,gamestate 0
621079,gamestate 0
631801,gamestate 0
641045,gamestate 0
633209,gamestate 0
633331,gamestate 0
636095,gamestate 0
620861,gamestate 0
612397,gamestate 0
609429,gamestate 0
618659,gamestate 0
601640,gamestate 0
602659,gamestate 0
602612,gamestate 0
600682,gamestate 0
597366,gamestate 0
624602,gamestate 0
614836,gamestate 0
611256,gamestate 0
614845,gamestate 0
630783,gamestate 0
626101,gamestate 0
620283,gamestate 0
626841,gamestate 0
623547,gamestate 0
624207,gamestate 0
631187,gamestate 0
614649,gamestate 0
624243,gamestate 0
609369,gamestate 0
607206,gamestate 0
593485,gamestate 0
584037,gamestate 0
578051,gamestate 0
580018,gamestate 0
582598,gamestate 0
607210,gamestate 0
595256,gamestate 0
597741,gamestate 0
599307,gamestate 0
614575,gamestate 0
614006,gamestate 0
617446,gamestate 0
618757,gamestate 0
620096,gamestate 0
618332,gamestate 0
627467,gamestate 0
614786,gamestate 0
618572,gamestate 0
619981,gamestate 0
613976,gamestate 0
612425,gamestate 0
609901,gamestate 0
612695,gamestate 0
607566,gamestate 0
609207,gamestate 0
636294,gamestate 0
630821,gamestate 0
629512,gamestate 0
621033,gamestate 0
622549,gamestate 0
607373,gamestate 0
602672,gamestate 0
587293,gamestate 0
574060,gamestate 0
541782,gamestate 0
534818,gamestate 0
513312,gamestate 0
499104,gamestate 0
501678,gamestate 0
505241,gamestate 0
496501,gamestate 0
488746,gamestate 0
485316,gamestate 0
487853,gamestate 0
487040,gamestate 0
495670,gamestate 0
490215,gamestate 0
496655,gamestate 0
696885,gamestate 0
664866,gamestate 0
656467,gamestate 0
662726,gamestate 0
654939,gamestate 0
658722,gamestate 0
657002,gamestate 0
684699,gamestate 0
656139,gamestate 0
658515,gamestate 0
649427,gamestate 0
692739,gamestate 0
649684,gamestate 0
649558,gamestate 0
653536,gamestate 0
677640,gamestate 0
655081,gamestate 0
660006,gamestate 0
702979,gamestate 0
780817,gamestate 0
813616,gamestate 0
888121,gamestate 0
904934,gamestate 0
891351,gamestate 0
869178,gamestate 0
865287,gamestate 0
868579,gamestate 0
897465,gamestate 0
884254,gamestate 0
920768,gamestate 0
938214,gamestate 0
968694,gamestate 0
948925,gamestate 0
955562,gamestate 0
961448,gamestate 0
960842,gamestate 0
953798,gamestate 0
944968,gamestate 0
942859,gamestate 0
965853,gamestate 0
946369,gamestate 0
933053,gamestate 0
940141,gamestate 0
966196,gamestate 0
930638,gamestate 0
1097710,gamestate 0
888593,gamestate 0
903169,gamestate 0
881185,gamestate 0
897175,gamestate 0
871795,gamestate 0
888991,gamestate 0
868775,gamestate 0
876001,gamestate 0
873108,gamestate 0
904302,gamestate 0
876715,gamestate 0
874315,gamestate 0
879190,gamestate 0
909156,gamestate 0
891976,gamestate 0
901111,gamestate 0
893233,gamestate 0
911928,gamestate 0
866868,gamestate 0
880370,gamestate 0
874375,gamestate 0
886521,gamestate 0
849023,gamestate 0
862773,gamestate 0
839743,gamestate 0
851903,gamestate 0
834675,gamestate 0
834017,gamestate 0
816581,gamestate 0
843338,gamestate 0
830027,gamestate 0
833330,gamestate 0
825886,gamestate 0
851440,gamestate 0
811264,gamestate 0
801487,gamestate 0
798433,gamestate 0
818441,gamestate 0
800422,gamestate 0
799521,gamestate 0
788284,gamestate 0
1121328,gamestate 0
752781,gamestate 0
749651,gamestate 0
712540,gamestate 0
705496,gamestate 0
647799,gamestate 0
642560,gamestate 0
642837,gamestate 0
651748,gamestate 0
645756,gamestate 0
640059,gamestate 0
643287,gamestate 0
664214,gamestate 0
642571,gamestate 0
649526,gamestate 0
656474,gamestate 0
670250,gamestate 0
654427,gamestate 0
659344,gamestate 0
662327,gamestate 0
676259,gamestate 0
648211,gamestate 0
643494,gamestate 0
637104,gamestate 0
652135,gamestate 0
619528,gamestate 0
631185,gamestate 0
621995,gamestate 0
649132,gamestate 0
637702,gamestate 0
638540,gamestate 0
641660,gamestate 0
703075,gamestate 0
677264,gamestate 0
684274,gamestate 0
699907,gamestate 0
732585,gamestate 0
717232,gamestate 0
716877,gamestate 0
724024,gamestate 0
747284,gamestate 0
703974,gamestate 0
709351,gamestate 0
683956,gamestate 0
719877,gamestate 0
665175,gamestate 0
650327,gamestate 0
648544,gamestate 0
699187,gamestate 0
657299,gamestate 0
657324,gamestate 0
673482,gamestate 0
739074,gamestate 0
729524,gamestate 0
754410,gamestate 0
758309,gamestate 0
792529,gamestate 0
779203,gamestate 0
790504,gamestate 0
810371,gamestate 0
838666,gamestate 0
860092,gamestate 0
844661,gamestate 0
827974,gamestate 0
864612,gamestate 0
800719,gamestate 0
805176,gamestate 0
799419,gamestate 0
855212,gamestate 0
818047,gamestate 0
1037923,gamestate 0
824139,gamestate 0
857628,gamestate 0
825417,gamestate 0
820402,gamestate 0
823191,gamestate 0
827019,gamestate 0
797110,gamestate 0
797669,gamestate 0
816662,gamestate 0
815200,gamestate 0
789040,gamestate 0
785919,gamestate 0
800167,gamestate 0
1029176,gamestate 0
821932,gamestate 0
806239,gamestate 0
787239,gamestate 0
897682,gamestate 0
834696,gamestate 0
783437,gamestate 0
775757,gamestate 0
843698,gamestate 0
761663,gamestate 0
748391,gamestate 0
803957,gamestate 0
769225,gamestate 0
748673,gamestate 0
1101613,gamestate 0
788425,gamestate 0
817262,gamestate 0
870277,gamestate 0
814296,gamestate 0
807435,gamestate 0
931846,gamestate 0
816626,gamestate 0
829625,gamestate 0
812463,gamestate 0
942949,gamestate 0
863907,gamestate 0
849687,gamestate 0
943747,gamestate 0
1264092,gamestate 0
877748,gamestate 0
875387,gamestate 0
850819,gamestate 0
868249,gamestate 0
912716,gamestate 0
871166,gamestate 0
860738,gamestate 0
879058,gamestate 0
913884,gamestate 0
875873,gamestate 0
903209,gamestate 0
917101,gamestate 0
969021,gamestate 0
942237,gamestate 0
932883,gamestate 0
925815,gamestate 0
977582,gamestate 0
945021,gamestate 0
956604,gamestate 0
959822,gamestate 0
1035545,gamestate 0
979287,gamestate 0
976972,gamestate 0
965754,gamestate 0
1017031,gamestate 0
959348,gamestate 0
1049788,gamestate 0
955602,gamestate 0
1048402,gamestate 0
975265,gamestate 0
947292,gamestate 0
948301,gamestate 0
1010242,gamestate 0
939445,gamestate 0
940090,gamestate 0
953570,gamestate 0
972227,gamestate 0
922960,gamestate 0
1169059,gamestate 0
920831,gamestate 0
992798,gamestate 0
943531,gamestate 0
917974,gamestate 0
920829,gamestate 0
1210671,gamestate 0
938816,gamestate 0
952774,gamestate 0
932070,gamestate 0
948117,gamestate 0
906227,gamestate 0
891877,gamestate 0
874047,gamestate 0
886647,gamestate 0
901289,gamestate 0
886639,gamestate 0
855582,gamestate 0
879951,gamestate 0
849166,gamestate 0
1177673,gamestate 0
855406,gamestate 0
856081,gamestate 0
839714,gamestate 0
832474,gamestate 0
820406,gamestate 0
827051,gamestate 0
824699,gamestate 0
783368,gamestate 0
791846,gamestate 0
834616,gamestate 0
757606,gamestate 0
761763,gamestate 0
843408,gamestate 0
1044635,gamestate 0
783532,gamestate 0
786260,gamestate 0
772838,gamestate 0
783885,gamestate 0
764120,gamestate 0
744309,gamestate 0
739578,gamestate 0
883262,gamestate 0
743606,gamestate 0
739082,gamestate 0
746246,gamestate 0
758191,gamestate 0
706846,gamestate 0
1171256,gamestate 0
724438,gamestate 0
772396,gamestate 0
760004,gamestate 0
752319,gamestate 0
744478,gamestate 0
805254,gamestate 0
757977,gamestate 0
776419,gamestate 0
790052,gamestate 0
815855,gamestate 0
759649,gamestate 0
767388,gamestate 0
747077,gamestate 0
1251834,gamestate 0
763187,gamestate 0
690370,gamestate 0
693359,gamestate 0
682072,gamestate 0
737683,gamestate 0
656184,gamestate 0
654835,gamestate 0
653403,gamestate 0
655856,gamestate 0
635031,gamestate 0
631560,gamestate 0
618832,gamestate 0
640736,gamestate 0
628934,gamestate 0
594984,gamestate 0
597526,gamestate 0
636710,gamestate 0
603305,gamestate 0
595793,gamestate 0
627456,gamestate 0
623095,gamestate 0
610834,gamestate 0
638335,gamestate 0
611501,gamestate 0
652491,gamestate 0
630546,gamestate 0
611272,gamestate 0
608015,gamestate 0
678234,gamestate 0
578856,gamestate 0
585530,gamestate 0
585172,gamestate 0
597724,gamestate 0
564694,gamestate 0
665809,gamestate 0
563153,gamestate 0
605080,gamestate 0
588780,gamestate 0
570732,gamestate 0
574620,gamestate 0
622663,gamestate 0
586422,gamestate 0
598249,gamestate 0
623376,gamestate 0
622665,gamestate 0
593662,gamestate 0
703775,gamestate 0
575800,gamestate 0
587264,gamestate 0
561633,gamestate 0
639154,gamestate 0
544201,gamestate 0
563514,gamestate 0
522719,gamestate 0
514832,gamestate 0
518597,gamestate 0
564161,gamestate 0
518343,gamestate 0
519155,gamestate 0
534121,gamestate 0
1390944,gamestate 0
1338209,gamestate 0
1398342,gamestate 0
1333987,gamestate 0
1360106,gamestate 0
1464711,gamestate 0
1329950,gamestate 0
1341509,gamestate 0
1394092,gamestate 0
1341934,gamestate 0
1337550,gamestate 0
1368082,gamestate 0
1366952,gamestate 0
1338186,gamestate 0
1444312,gamestate 0
1329307,gamestate 0
1393357,gamestate 0
1373989,gamestate 0
1427197,gamestate 0
1505679,gamestate 0
1642511,gamestate 0
1660020,gamestate 0
1662017,gamestate 0
1691915,gamestate 0
1756823,gamestate 0
1660907,gamestate 0
1707838,gamestate 0
1663112,gamestate 0
1751497,gamestate 0
1810775,gamestate 0
2072522,gamestate 0
1982562,gamestate 0
2169774,gamestate 0
2235737,gamestate 0
2403717,gamestate 0
2513795,gamestate 0
2512449,gamestate 0
2384345,gamestate 0
2345242,gamestate 0
2250630,gamestate 0
2224091,gamestate 0
2180607,gamestate 0
2127390,gamestate 0
2070244,gamestate 0
2238925,gamestate 0
2007749,gamestate 0
1948114,gamestate 0
1896879,gamestate 0
1799997,gamestate 0
1675716,gamestate 0
1642415,gamestate 0
1428393,gamestate 0
1305938,gamestate 0
1180202,gamestate 0
1011955,gamestate 0
893897,gamestate 0
890043,gamestate 0
863824,gamestate 0
1023114,gamestate 0
907122,gamestate 0
937435,gamestate 0
947010,gamestate 0
952581,gamestate 0
944072,gamestate 0
965437,gamestate 0
934013,gamestate 0
944232,gamestate 0
926583,gamestate 0
975541,gamestate 0
915019,gamestate 0
902435,gamestate 0
933664,gamestate 0
1075884,gamestate 0
897386,gamestate 0
925630,gamestate 0
935621,gamestate 0
965427,gamestate 0
944709,gamestate 0
910878,gamestate 0
918014,gamestate 0
1001081,gamestate 0
930101,gamestate 0
952929,gamestate 0
937346,gamestate 0
959029,gamestate 0
932642,gamestate 0
1141944,gamestate 0
970415,gamestate 0
990460,gamestate 0
998463,gamestate 0
926934,gamestate 0
895485,gamestate 0
907947,gamestate 0
833010,gamestate 0
826263,gamestate 0
836387,gamestate 0
874499,gamestate 0
842103,gamestate 0
867744,gamestate 0
879960,gamestate 0
1277019,gamestate 0
936629,gamestate 0
934377,gamestate 0
953219,gamestate 0
981715,gamestate 0
937178,gamestate 0
931678,gamestate 0
886708,gamestate 0
895173,gamestate 0
847748,gamestate 0
846687,gamestate 0
815381,gamestate 0
879829,gamestate 0
864902,gamestate 0
875756,gamestate 0
875598,gamestate 0
972526,gamestate 0
871978,gamestate 0
868722,gamestate 0
877226,gamestate 0
885510,gamestate 0
837060,gamestate 0
900415,gamestate 0
825657,gamestate 0
835160,gamestate 0
823640,gamestate 0
792509,gamestate 0
776617,gamestate 0
811953,gamestate 0
760414,gamestate 0
764570,gamestate 0
760728,gamestate 0
725850,gamestate 0
686233,gamestate 0
732899,gamestate 0
634869,gamestate 0
649936,gamestate 0
616639,gamestate 0
577647,gamestate 0
582557,gamestate 0
644900,gamestate 0
599810,gamestate 0
594908,gamestate 0
653718,gamestate 0
575938,gamestate 0
542096,gamestate 0
546863,gamestate 0
536679,gamestate 0
574140,gamestate 0
580088,gamestate 0
537576,gamestate 0
539242,gamestate 0
564336,gamestate 0
523214,gamestate 0
522548,gamestate 0
537143,gamestate 0
708261,gamestate 0
632507,gamestate 0
646514,gamestate 0
629572,gamestate 0
655996,gamestate 0
645306,gamestate 0
636832,gamestate 0
625912,gamestate 0
675897,gamestate 0
627997,gamestate 0
626367,gamestate 0
648400,gamestate 0
652289,gamestate 0
625888,gamestate 0
650008,gamestate 0
620581,gamestate 0
657628,gamestate 0
643845,gamestate 0
636214,gamestate 0
660261,gamestate 0
727892,gamestate 0
704994,gamestate 0
723457,gamestate 0
802188,gamestate 0
807045,gamestate 0
771624,gamestate 0
776909,gamestate 0
760298,gamestate 0
782585,gamestate 0
772548,gamestate 0
745224,gamestate 0
754468,gamestate 0
784461,gamestate 0
728893,gamestate 0
702482,gamestate 0
668890,gamestate 0
705550,gamestate 0
666182,gamestate 0
680596,gamestate 0
652684,gamestate 0
671052,gamestate 0
651929,gamestate 0
648085,gamestate 0
618679,gamestate 0
653269,gamestate 0
609907,gamestate 0
609619,gamestate 0
672785,gamestate 0
610466,gamestate 0
586523,gamestate 0
626951,gamestate 0
563133,gamestate 0
584242,gamestate 0
571415,gamestate 0
555938,gamestate 0
548242,gamestate 0
585705,gamestate 0
544380,gamestate 0
549276,gamestate 0
561632,gamestate 0
589881,gamestate 0
559612,gamestate 0
569806,gamestate 0
563426,gamestate 0
573976,gamestate 0
575485,gamestate 0
564044,gamestate 0
564020,gamestate 0
604265,gamestate 0
563299,gamestate 0
580762,gamestate 0
561565,gamestate 0
562808,gamestate 0
543160,gamestate 0
566149,gamestate 0
555777,gamestate 0
569949,gamestate 0
586017,gamestate 0
564017,gamestate 0
575002,gamestate 0
625063,gamestate 0
578226,gamestate 0
585748,gamestate 0
612967,gamestate 0
589496,gamestate 0
593706,gamestate 0
623312,gamestate 0
589601,gamestate 0
615822,gamestate 0
609717,gamestate 0
592884,gamestate 0
587549,gamestate 0
633325,gamestate 0
581726,gamestate 0
577973,gamestate 0
595805,gamestate 0
592159,gamestate 0
572314,gamestate 0
567712,gamestate 0
542453,gamestate 0
560929,gamestate 0
529506,gamestate 0
545717,gamestate 0
523384,gamestate 0
553808,gamestate 0
538390,gamestate 0
524088,gamestate 0
519057,gamestate 0
556003,gamestate 0
507623,gamestate 0
507018,gamestate 0
511818,gamestate 0
531960,gamestate 0
496868,gamestate 0
517333,gamestate 0
492864,gamestate 0
524783,gamestate 0
511010,gamestate 0
495307,gamestate 0
495044,gamestate 0
539722,gamestate 0
492380,gamestate 0
496713,gamestate 0
505213,gamestate 0
569593,gamestate 0
494909,gamestate 0
562208,gamestate 0
492167,gamestate 0
517943,gamestate 0
506760,gamestate 0
495206,gamestate 0
496797,gamestate 0
531160,gamestate 0
501889,gamestate 0
497430,gamestate 0
547397,gamestate 0
545477,gamestate 0
32433,wipe
5149,wipe
5543,wipe
6765,wipe
10150,wipe
34296,wipe
17028,wipe
13511,wipe
13050,wipe
12761,wipe
12300,wipe
11754,wipe
10950,wipe
10315,wipe
10591,wipe
10948,wipe
11406,wipe
27424,wipe
11678,wipe
21329,wipe
9293,wipe
6632,wipe
6538,wipe
9978,wipe
14257,wipe
11892,wipe
9428,wipe
7472,wipe
5942,wipe
4372,wipe
3023,wipe
1896,wipe
1174,wipe
1103,wipe
993,wipe
50287,gamestate 1
22673,gamestate 1
20879,gamestate 1
21873,gamestate 1
21869,gamestate 1
22104,gamestate 1
22178,gamestate 1
22295,gamestate 1
22824,gamestate 1
28461,gamestate 1
26312,gamestate 1
22734,gamestate 1
22946,gamestate 1
24059,gamestate 1
22730,gamestate 1
22036,gamestate 1
22606,gamestate 1
22087,gamestate 1
22559,gamestate 1
22174,gamestate 1
23901,gamestate 1
22496,gamestate 1
22654,gamestate 1
22366,gamestate 1
22800,gamestate 1
22388,gamestate 1
23806,gamestate 1
22965,gamestate 1
23204,gamestate 1
22346,gamestate 1
22835,gamestate 1
23254,gamestate 1
22355,gamestate 1
23176,gamestate 1
23540,gamestate 1
22037,gamestate 1
23093,gamestate 1
22431,gamestate 1
23555,gamestate 1
22465,gamestate 1
22979,gamestate 1
22492,gamestate 1
22462,gamestate 1
22654,gamestate 1
22172,gamestate 1
21908,gamestate 1
22014,gamestate 1
22296,gamestate 1
22340,gamestate 1
22287,gamestate 1
22235,gamestate 1
22198,gamestate 1
22482,gamestate 1
22303,gamestate 1
21771,gamestate 1
21953,gamestate 1
22099,gamestate 1
22611,gamestate 1
23727,gamestate 1
22314,gamestate 1
22658,gamestate 1
22414,gamestate 1
22508,gamestate 1
22190,gamestate 1
23189,gamestate 1
22516,gamestate 1
22606,gamestate 1
22408,gamestate 1
22845,gamestate 1
21975,gamestate 1
22697,gamestate 1
23285,gamestate 1
22750,gamestate 1
22238,gamestate 1
23415,gamestate 1
22543,gamestate 1
22835,gamestate 1
21903,gamestate 1
21864,gamestate 1
22314,gamestate 1
22347,gamestate 1
22572,gamestate 1
21994,gamestate 1
22265,gamestate 1
22523,gamestate 1
22565,gamestate 1
22161,gamestate 1
22092,gamestate 1
22439,gamestate 1
22392,gamestate 1
22055,gamestate 1
22081,gamestate 1
22260,gamestate 1
22589,gamestate 1
22563,gamestate 1
22373,gamestate 1
22216,gamestate 1
23399,gamestate 1
23717,gamestate 1
24258,gamestate 1
23047,gamestate 1
21449,gamestate 1
21994,gamestate 1
21190,gamestate 1
21133,gamestate 1
21577,gamestate 1
21019,gamestate 1
21332,gamestate 1
20781,gamestate 1
22482,gamestate 1
21001,gamestate 1
21270,gamestate 1
20798,gamestate 1
21725,gamestate 1
20546,gamestate 1
21025,gamestate 1
20318,gamestate 1
20480,gamestate 1
20435,gamestate 1
20230,gamestate 1
20495,gamestate 1
20459,gamestate 1
20364,gamestate 1
20068,gamestate 1
20135,gamestate 1
20653,gamestate 1
20998,gamestate 1
20653,gamestate 1
20986,gamestate 1
20348,gamestate 1
21078,gamestate 1
20803,gamestate 1
20585,gamestate 1
21292,gamestate 1
20541,gamestate 1
20632,gamestate 1
20801,gamestate 1
20895,gamestate 1
20818,gamestate 1
21608,gamestate 1
20877,gamestate 1
20711,gamestate 1
20584,gamestate 1
20555,gamestate 1
22063,gamestate 1
20871,gamestate 1
20375,gamestate 1
20276,gamestate 1
20367,gamestate 1
20596,gamestate 1
22119,gamestate 1
20542,gamestate 1
20890,gamestate 1
20887,gamestate 1
20870,gamestate 1
20725,gamestate 1
20244,gamestate 1
21219,gamestate 1
20964,gamestate 1
20785,gamestate 1
20633,gamestate 1
20998,gamestate 1
20934,gamestate 1
21097,gamestate 1
21458,gamestate 1
20747,gamestate 1
20430,gamestate 1
20945,gamestate 1
20595,gamestate 1
20921,gamestate 1
20785,gamestate 1
20500,gamestate 1
20373,gamestate 1
20866,gamestate 1
21197,gamestate 1
21075,gamestate 1
20760,gamestate 1
21331,gamestate 1
20340,gamestate 1
21000,gamestate 1
20630,gamestate 1
20287,gamestate 1
20855,gamestate 1
20297,gamestate 1
20412,gamestate 1
20421,gamestate 1
20474,gamestate 1
21650,gamestate 1
20708,gamestate 1
21555,gamestate 1
20703,gamestate 1
20342,gamestate 1
21026,gamestate 1
21624,gamestate 1
21494,gamestate 1
20964,gamestate 1
20818,gamestate 1
20529,gamestate 1
21838,gamestate 1
20901,gamestate 1
20816,gamestate 1
20650,gamestate 1
20989,gamestate 1
20716,gamestate 1
21181,gamestate 1
22089,gamestate 1
21099,gamestate 1
20720,gamestate 1
20779,gamestate 1
20933,gamestate 1
20422,gamestate 1
20628,gamestate 1
20340,gamestate 1
20471,gamestate 1
20359,gamestate 1
20384,gamestate 1
20518,gamestate 1
20449,gamestate 1
20239,gamestate 1
20683,gamestate 1
20303,gamestate 1
20722,gamestate 1
21092,gamestate 1
20608,gamestate 1
20750,gamestate 1
21168,gamestate 1
20827,gamestate 1
21306,gamestate 1
21072,gamestate 1
20200,gamestate 1
20959,gamestate 1
20575,gamestate 1
20646,gamestate 1
21001,gamestate 1
20941,gamestate 1
20792,gamestate 1
21015,gamestate 1
20709,gamestate 1
21091,gamestate 1
20825,gamestate 1
20852,gamestate 1
20976,gamestate 1
20731,gamestate 1
20259,gamestate 1
20583,gamestate 1
20270,gamestate 1
21728,gamestate 1
21166,gamestate 1
20596,gamestate 1
20953,gamestate 1
20405,gamestate 1
34183,wipe
8316,wipe
10972,wipe
10635,wipe
11240,wipe
12700,wipe
36605,wipe
15220,wipe
12609,wipe
12220,wipe
11544,wipe
11182,wipe
10770,wipe
11062,wipe
10446,wipe
10844,wipe
10108,wipe
9314,wipe
9558,wipe
11680,wipe
10430,wipe
9163,wipe
9750,wipe
10495,wipe
8741,wipe
10407,wipe
6780,wipe
5144,wipe
4404,wipe
2930,wipe
2054,wipe
1556,wipe
1250,wipe
1096,wipe
1073,wipe
1124569,gamestate 0
1081306,gamestate 0
1087851,gamestate 0
1088452,gamestate 0
1082790,gamestate 0
1081124,gamestate 0
1083984,gamestate 0
1082017,gamestate 0
1096461,gamestate 0
1096119,gamestate 0
1094652,gamestate 0
1086794,gamestate 0
1095239,gamestate 0
1098343,gamestate 0
1092326,gamestate 0
1100585,gamestate 0
1097201,gamestate 0
1094621,gamestate 0
1095702,gamestate 0
1094051,gamestate 0
1096194,gamestate 0
1091324,gamestate 0
1095880,gamestate 0
Error: timed 1121 gametics in 952 realtics
