            DOOM Shareware Startup
Playing demo demo1.lmp.
V_Init: allocate screens.
M_LoadDefaults: Load system defauls.
Z_Init: Init zone memory allocation daemon.
W_Init: Init WADfiles.
 adding doom1.wad
 adding demo1.lmp
added
==================
   Shareware!
==================
M_Init: Init miscellaneous info.
R_Init: Init DOOM refresh daemon - 
InitTextures
InitFlatsR_InitSpriteLumps

InitSprites
InitColormaps
R_InitData
R_InitPointToAngle
R_InitTables
R_InitPlanes
R_InitLightTables
R_InitSkyMap
R_InitTranslationsTables
P_Init: Init Playloop state.
I_Init: Setting up machine state.
D_CheckNetGame: Checking network game status.
startskill 2 deathmatch: False startmap: 1 startepisode: 1
player 1 of 1 (1 nodes)
S_Init: Setting up sound.
S_Init: default sfx volume 64
HU_Init: Setting up heads up display.
ST_Init: Init status bar.
R_DrawColumn: dc_source read out of bounds [16]
R_DrawColumn: dc_source read out of bounds [16]
S_StartSound not imlemented
S_StartSound not imlemented
S_StartSound not imlemented
S_StartSound not imlemented
S_StartSound not imlemented
S_StartSound not imlemented
S_StartSound not imlemented
S_StartSound not imlemented
S_StartSound not imlemented
S_StartSound not imlemented
S_StartSound not imlemented
R_DrawColumn: dc_source read out of bounds [127]
S_StartSound not imlemented
S_StartSound not imlemented
S_StartSound not imlemented
S_StartSound not imlemented
S_StartSound not imlemented
R_DrawColumn: dc_source read out of bounds [127]
R_DrawColumn: dc_source read out of bounds [127]
R_DrawColumn: dc_source read out of bounds [127]
S_StartSound not imlemented
S_StartSound not imlemented
S_StartSound not imlemented
S_StartSound not imlemented
S_StartSound not imlemented
S_StartSound not imlemented
S_StartSound not imlemented
S_StartSound not imlemented
S_StartSound not imlemented
S_StartSound not imlemented
S_StartSound not imlemented
S_StartSound not imlemented
S_StartSound not imlemented
S_StartSound not imlemented
S_StartSound not imlemented
S_StartSound not imlemented
S_StartSound not imlemented
S_StartSound not imlemented
S_StartSound not imlemented
S_StartSound not imlemented
S_StartSound not imlemented
S_StartSound not imlemented
S_StartSound not imlemented
S_StartSound not imlemented
S_StartSound not imlemented
R_DrawColumn: dc_source read out of bounds [17]
R_DrawColumn: dc_source read out of bounds [36]
R_DrawColumn: dc_source read out of bounds [39]
S_StartSound not imlemented
S_StartSound not imlemented
S_StartSound not imlemented
S_StartSound not imlemented
R_DrawColumn: dc_source read out of bounds [127]
R_DrawColumn: dc_source read out of bounds [127]
R_DrawColumn: dc_source read out of bounds [127]
R_DrawColumn: dc_source read out of bounds [127]
R_DrawColumn: dc_source read out of bounds [127]
R_DrawColumn: dc_source read out of bounds [127]
R_DrawColumn: dc_source read out of bounds [127]
R_DrawColumn: dc_source read out of bounds [127]
R_DrawColumn: dc_source read out of bounds [127]
R_DrawColumn: dc_source read out of bounds [127]
R_DrawColumn: dc_source read out of bounds [127]
R_DrawColumn: dc_source read out of bounds [127]
R_DrawColumn: dc_source read out of bounds [127]
R_DrawColumn: dc_source read out of bounds [127]
R_DrawColumn: dc_source read out of bounds [127]
R_DrawColumn: dc_source read out of bounds [127]
S_StartSound not imlemented
S_StartSound not imlemented
S_StartSound not imlemented
S_StartSound not imlemented
S_StartSound not imlemented
S_StartSound not imlemented
S_StartSound not imlemented
S_StartSound not imlemented
R_DrawColumn: dc_source read out of bounds [127]
R_DrawColumn: dc_source read out of bounds [127]
R_DrawColumn: dc_source read out of bounds [127]
R_DrawColumn: dc_source read out of bounds [127]
R_DrawColumn: dc_source read out of bounds [127]
R_DrawColumn: dc_source read out of bounds [127]
R_DrawColumn: dc_source read out of bounds [127]
S_StartSound not imlemented
R_DrawColumn: dc_source read out of bounds [127]
R_DrawColumn: dc_source read out of bounds [127]
R_DrawColumn: dc_source read out of bounds [127]
R_DrawColumn: dc_source read out of bounds [127]
R_DrawColumn: dc_source read out of bounds [127]
S_StartSound not imlemented
S_StartSound not imlemented
S_StartSound not imlemented
8285,wipe
1238,wipe
1778,wipe
4844,wipe
7614,wipe
6157,wipe
6506,wipe
6558,wipe
6326,wipe
6724,wipe
6295,wipe
6189,wipe
11009,wipe
6312,wipe
5566,wipe
5371,wipe
5104,wipe
4821,wipe
4667,wipe
2014,wipe
4111,wipe
3910,wipe
3466,wipe
3085,wipe
5644,wipe
2509,wipe
2118,wipe
1845,wipe
6510,wipe
1594,wipe
1417,wipe
1186,wipe
1106,wipe
1017,wipe
978,wipe
951,wipe
885,wipe
875,wipe
856,wipe
1668,wipe
902,wipe
784,wipe
77606,gamestate 0
46427,gamestate 0
45995,gamestate 0
46570,gamestate 0
46890,gamestate 0
46371,gamestate 0
47025,gamestate 0
47453,gamestate 0
46281,gamestate 0
46794,gamestate 0
46338,gamestate 0
45514,gamestate 0
46091,gamestate 0
45877,gamestate 0
47688,gamestate 0
47069,gamestate 0
47811,gamestate 0
47312,gamestate 0
47259,gamestate 0
47207,gamestate 0
48937,gamestate 0
47320,gamestate 0
47007,gamestate 0
45855,gamestate 0
45461,gamestate 0
52436,gamestate 0
46019,gamestate 0
44665,gamestate 0
44865,gamestate 0
43292,gamestate 0
42357,gamestate 0
42151,gamestate 0
41817,gamestate 0
41486,gamestate 0
40041,gamestate 0
40305,gamestate 0
39318,gamestate 0
37319,gamestate 0
36955,gamestate 0
37254,gamestate 0
37027,gamestate 0
37931,gamestate 0
37597,gamestate 0
38739,gamestate 0
39063,gamestate 0
38337,gamestate 0
37699,gamestate 0
37698,gamestate 0
37801,gamestate 0
39829,gamestate 0
38728,gamestate 0
39175,gamestate 0
39953,gamestate 0
40028,gamestate 0
39288,gamestate 0
38835,gamestate 0
39051,gamestate 0
37736,gamestate 0
36854,gamestate 0
34537,gamestate 0
34408,gamestate 0
34025,gamestate 0
34575,gamestate 0
35217,gamestate 0
34922,gamestate 0
35096,gamestate 0
36371,gamestate 0
35246,gamestate 0
34745,gamestate 0
35536,gamestate 0
35694,gamestate 0
35188,gamestate 0
34858,gamestate 0
35407,gamestate 0
34263,gamestate 0
35171,gamestate 0
36952,gamestate 0
41747,gamestate 0
41562,gamestate 0
42227,gamestate 0
43019,gamestate 0
41740,gamestate 0
42125,gamestate 0
40894,gamestate 0
40262,gamestate 0
40142,gamestate 0
40430,gamestate 0
39959,gamestate 0
40132,gamestate 0
40068,gamestate 0
39215,gamestate 0
39029,gamestate 0
39177,gamestate 0
37114,gamestate 0
37786,gamestate 0
35572,gamestate 0
35668,gamestate 0
34705,gamestate 0
36744,gamestate 0
34305,gamestate 0
33489,gamestate 0
32954,gamestate 0
32007,gamestate 0
33630,gamestate 0
32061,gamestate 0
31656,gamestate 0
32749,gamestate 0
32072,gamestate 0
31529,gamestate 0
31690,gamestate 0
31784,gamestate 0
32112,gamestate 0
31982,gamestate 0
32207,gamestate 0
32312,gamestate 0
32071,gamestate 0
32309,gamestate 0
32124,gamestate 0
33186,gamestate 0
31768,gamestate 0
31045,gamestate 0
32415,gamestate 0
31770,gamestate 0
31388,gamestate 0
31343,gamestate 0
30575,gamestate 0
31615,gamestate 0
31613,gamestate 0
30754,gamestate 0
33120,gamestate 0
33248,gamestate 0
33629,gamestate 0
32121,gamestate 0
32073,gamestate 0
36876,gamestate 0
32514,gamestate 0
31841,gamestate 0
33065,gamestate 0
32350,gamestate 0
32425,gamestate 0
31957,gamestate 0
32569,gamestate 0
31070,gamestate 0
30668,gamestate 0
30147,gamestate 0
30677,gamestate 0
30430,gamestate 0
30994,gamestate 0
30856,gamestate 0
33966,gamestate 0
32354,gamestate 0
32383,gamestate 0
33872,gamestate 0
32608,gamestate 0
33669,gamestate 0
32333,gamestate 0
31971,gamestate 0
33132,gamestate 0
34339,gamestate 0
32759,gamestate 0
32663,gamestate 0
32669,gamestate 0
31899,gamestate 0
31539,gamestate 0
31947,gamestate 0
32407,gamestate 0
32486,gamestate 0
32817,gamestate 0
32518,gamestate 0
33170,gamestate 0
32366,gamestate 0
33064,gamestate 0
31986,gamestate 0
31495,gamestate 0
31033,gamestate 0
30087,gamestate 0
28593,gamestate 0
28919,gamestate 0
28159,gamestate 0
26801,gamestate 0
27542,gamestate 0
28450,gamestate 0
27148,gamestate 0
26420,gamestate 0
25410,gamestate 0
25648,gamestate 0
25834,gamestate 0
26503,gamestate 0
25973,gamestate 0
25568,gamestate 0
45942,gamestate 0
31657,gamestate 0
31402,gamestate 0
31786,gamestate 0
30364,gamestate 0
30686,gamestate 0
30810,gamestate 0
32461,gamestate 0
35889,gamestate 0
30857,gamestate 0
30930,gamestate 0
34559,gamestate 0
30981,gamestate 0
31058,gamestate 0
30664,gamestate 0
30647,gamestate 0
30631,gamestate 0
31711,gamestate 0
32700,gamestate 0
36001,gamestate 0
39149,gamestate 0
52604,gamestate 0
42990,gamestate 0
41908,gamestate 0
41586,gamestate 0
40914,gamestate 0
41630,gamestate 0
42565,gamestate 0
41643,gamestate 0
43990,gamestate 0
43214,gamestate 0
43304,gamestate 0
43988,gamestate 0
44243,gamestate 0
46750,gamestate 0
50127,gamestate 0
45060,gamestate 0
45642,gamestate 0
44246,gamestate 0
45031,gamestate 0
44978,gamestate 0
44332,gamestate 0
45103,gamestate 0
44675,gamestate 0
47733,gamestate 0
46793,gamestate 0
43726,gamestate 0
43658,gamestate 0
43592,gamestate 0
43413,gamestate 0
42867,gamestate 0
46296,gamestate 0
43468,gamestate 0
43709,gamestate 0
42630,gamestate 0
43701,gamestate 0
46570,gamestate 0
42838,gamestate 0
42711,gamestate 0
43519,gamestate 0
43486,gamestate 0
42517,gamestate 0
42116,gamestate 0
42792,gamestate 0
41802,gamestate 0
41867,gamestate 0
42563,gamestate 0
41849,gamestate 0
42772,gamestate 0
41866,gamestate 0
41641,gamestate 0
41913,gamestate 0
41806,gamestate 0
42008,gamestate 0
40820,gamestate 0
41863,gamestate 0
41696,gamestate 0
41277,gamestate 0
41086,gamestate 0
42409,gamestate 0
41950,gamestate 0
40657,gamestate 0
40164,gamestate 0
40141,gamestate 0
40224,gamestate 0
39803,gamestate 0
40202,gamestate 0
41752,gamestate 0
38014,gamestate 0
37500,gamestate 0
36577,gamestate 0
39329,gamestate 0
34015,gamestate 0
34241,gamestate 0
33590,gamestate 0
34087,gamestate 0
33493,gamestate 0
33306,gamestate 0
33189,gamestate 0
33578,gamestate 0
33614,gamestate 0
34445,gamestate 0
33620,gamestate 0
36140,gamestate 0
35709,gamestate 0
33715,gamestate 0
33418,gamestate 0
33209,gamestate 0
35903,gamestate 0
33105,gamestate 0
31961,gamestate 0
31882,gamestate 0
32388,gamestate 0
31482,gamestate 0
31494,gamestate 0
31970,gamestate 0
32638,gamestate 0
32470,gamestate 0
33418,gamestate 0
34042,gamestate 0
36189,gamestate 0
34420,gamestate 0
35269,gamestate 0
36223,gamestate 0
35978,gamestate 0
35581,gamestate 0
36546,gamestate 0
36142,gamestate 0
36057,gamestate 0
35824,gamestate 0
34906,gamestate 0
34271,gamestate 0
34525,gamestate 0
34203,gamestate 0
33075,gamestate 0
33301,gamestate 0
40404,gamestate 0
39433,gamestate 0
35410,gamestate 0
36191,gamestate 0
37042,gamestate 0
39383,gamestate 0
38567,gamestate 0
39079,gamestate 0
40108,gamestate 0
39598,gamestate 0
41385,gamestate 0
40558,gamestate 0
41290,gamestate 0
41238,gamestate 0
40577,gamestate 0
41387,gamestate 0
41921,gamestate 0
41642,gamestate 0
40689,gamestate 0
41107,gamestate 0
42009,gamestate 0
43040,gamestate 0
42498,gamestate 0
44267,gamestate 0
41301,gamestate 0
43957,gamestate 0
42458,gamestate 0
41920,gamestate 0
40071,gamestate 0
41388,gamestate 0
43885,gamestate 0
39579,gamestate 0
39761,gamestate 0
39609,gamestate 0
38843,gamestate 0
41328,gamestate 0
40924,gamestate 0
41529,gamestate 0
39612,gamestate 0
39950,gamestate 0
40512,gamestate 0
38337,gamestate 0
37881,gamestate 0
38284,gamestate 0
37405,gamestate 0
36124,gamestate 0
39060,gamestate 0
37881,gamestate 0
37347,gamestate 0
40385,gamestate 0
40675,gamestate 0
41518,gamestate 0
41061,gamestate 0
43069,gamestate 0
40952,gamestate 0
39992,gamestate 0
41686,gamestate 0
42292,gamestate 0
42920,gamestate 0
41550,gamestate 0
42362,gamestate 0
45376,gamestate 0
45728,gamestate 0
49876,gamestate 0
43562,gamestate 0
43473,gamestate 0
43535,gamestate 0
43535,gamestate 0
43416,gamestate 0
41572,gamestate 0
42236,gamestate 0
42606,gamestate 0
42265,gamestate 0
41982,gamestate 0
47887,gamestate 0
43233,gamestate 0
44343,gamestate 0
45098,gamestate 0
44014,gamestate 0
44218,gamestate 0
44939,gamestate 0
45415,gamestate 0
46098,gamestate 0
45907,gamestate 0
51840,gamestate 0
48209,gamestate 0
47242,gamestate 0
46451,gamestate 0
46374,gamestate 0
46168,gamestate 0
46546,gamestate 0
46584,gamestate 0
48067,gamestate 0
48161,gamestate 0
44992,gamestate 0
47417,gamestate 0
46390,gamestate 0
45467,gamestate 0
44904,gamestate 0
45858,gamestate 0
45169,gamestate 0
45052,gamestate 0
44931,gamestate 0
45175,gamestate 0
45293,gamestate 0
44722,gamestate 0
45102,gamestate 0
44303,gamestate 0
47862,gamestate 0
45430,gamestate 0
45542,gamestate 0
44206,gamestate 0
44540,gamestate 0
43162,gamestate 0
43037,gamestate 0
42712,gamestate 0
42070,gamestate 0
42713,gamestate 0
46375,gamestate 0
42605,gamestate 0
42130,gamestate 0
42426,gamestate 0
43647,gamestate 0
41296,gamestate 0
41213,gamestate 0
41640,gamestate 0
40792,gamestate 0
40603,gamestate 0
39798,gamestate 0
39108,gamestate 0
39935,gamestate 0
38828,gamestate 0
38191,gamestate 0
38101,gamestate 0
38151,gamestate 0
38297,gamestate 0
39648,gamestate 0
42018,gamestate 0
39880,gamestate 0
38990,gamestate 0
38597,gamestate 0
38605,gamestate 0
37146,gamestate 0
38640,gamestate 0
38067,gamestate 0
37430,gamestate 0
37651,gamestate 0
37076,gamestate 0
36267,gamestate 0
36070,gamestate 0
39814,gamestate 0
37589,gamestate 0
37579,gamestate 0
38313,gamestate 0
37838,gamestate 0
38439,gamestate 0
39569,gamestate 0
38411,gamestate 0
38543,gamestate 0
39072,gamestate 0
38990,gamestate 0
37863,gamestate 0
38235,gamestate 0
38582,gamestate 0
43429,gamestate 0
41327,gamestate 0
37470,gamestate 0
37051,gamestate 0
37578,gamestate 0
41151,gamestate 0
34516,gamestate 0
33091,gamestate 0
32944,gamestate 0
33172,gamestate 0
32209,gamestate 0
31867,gamestate 0
31578,gamestate 0
32002,gamestate 0
33618,gamestate 0
30947,gamestate 0
30727,gamestate 0
31252,gamestate 0
30713,gamestate 0
30787,gamestate 0
35492,gamestate 0
32518,gamestate 0
32031,gamestate 0
32919,gamestate 0
32373,gamestate 0
32163,gamestate 0
32857,gamestate 0
31903,gamestate 0
32713,gamestate 0
32405,gamestate 0
31418,gamestate 0
30897,gamestate 0
30618,gamestate 0
30705,gamestate 0
30341,gamestate 0
30213,gamestate 0
33081,gamestate 0
32063,gamestate 0
29497,gamestate 0
29481,gamestate 0
31434,gamestate 0
31323,gamestate 0
30649,gamestate 0
31511,gamestate 0
33281,gamestate 0
31860,gamestate 0
32125,gamestate 0
31402,gamestate 0
30595,gamestate 0
30164,gamestate 0
29801,gamestate 0
29891,gamestate 0
29918,gamestate 0
28855,gamestate 0
27367,gamestate 0
27961,gamestate 0
27892,gamestate 0
27769,gamestate 0
27325,gamestate 0
26707,gamestate 0
26545,gamestate 0
35019,gamestate 0
33434,gamestate 0
40442,gamestate 0
34636,gamestate 0
34277,gamestate 0
34092,gamestate 0
33747,gamestate 0
36403,gamestate 0
33683,gamestate 0
33884,gamestate 0
33907,gamestate 0
34506,gamestate 0
33541,gamestate 0
33041,gamestate 0
33667,gamestate 0
33066,gamestate 0
33986,gamestate 0
33849,gamestate 0
37201,gamestate 0
41927,gamestate 0
45421,gamestate 0
49748,gamestate 0
49924,gamestate 0
50306,gamestate 0
49056,gamestate 0
49129,gamestate 0
50385,gamestate 0
50805,gamestate 0
51148,gamestate 0
50463,gamestate 0
51674,gamestate 0
53362,gamestate 0
54402,gamestate 0
55383,gamestate 0
56627,gamestate 0
58528,gamestate 0
55780,gamestate 0
55672,gamestate 0
55523,gamestate 0
55340,gamestate 0
54843,gamestate 0
54332,gamestate 0
53330,gamestate 0
51987,gamestate 0
56069,gamestate 0
53089,gamestate 0
51645,gamestate 0
50743,gamestate 0
49523,gamestate 0
51788,gamestate 0
47872,gamestate 0
45925,gamestate 0
45813,gamestate 0
44455,gamestate 0
42528,gamestate 0
43395,gamestate 0
45366,gamestate 0
45297,gamestate 0
47284,gamestate 0
47831,gamestate 0
48719,gamestate 0
50873,gamestate 0
50331,gamestate 0
50053,gamestate 0
48956,gamestate 0
50783,gamestate 0
49335,gamestate 0
52463,gamestate 0
48755,gamestate 0
48341,gamestate 0
48736,gamestate 0
48920,gamestate 0
50692,gamestate 0
52129,gamestate 0
48491,gamestate 0
50683,gamestate 0
49908,gamestate 0
50803,gamestate 0
48347,gamestate 0
48814,gamestate 0
49872,gamestate 0
49692,gamestate 0
50348,gamestate 0
49449,gamestate 0
49291,gamestate 0
50286,gamestate 0
53421,gamestate 0
51841,gamestate 0
51574,gamestate 0
50601,gamestate 0
54051,gamestate 0
48232,gamestate 0
46430,gamestate 0
48186,gamestate 0
44001,gamestate 0
43732,gamestate 0
43979,gamestate 0
45310,gamestate 0
46281,gamestate 0
47242,gamestate 0
52857,gamestate 0
51322,gamestate 0
50646,gamestate 0
50605,gamestate 0
50956,gamestate 0
50368,gamestate 0
50339,gamestate 0
47826,gamestate 0
46283,gamestate 0
47084,gamestate 0
43188,gamestate 0
42245,gamestate 0
43345,gamestate 0
43078,gamestate 0
44592,gamestate 0
44454,gamestate 0
44365,gamestate 0
44627,gamestate 0
44155,gamestate 0
44062,gamestate 0
44953,gamestate 0
44622,gamestate 0
42565,gamestate 0
42566,gamestate 0
41763,gamestate 0
41212,gamestate 0
40574,gamestate 0
40200,gamestate 0
39745,gamestate 0
40281,gamestate 0
39611,gamestate 0
38393,gamestate 0
36663,gamestate 0
35204,gamestate 0
34075,gamestate 0
40188,gamestate 0
32364,gamestate 0
30136,gamestate 0
30137,gamestate 0
30270,gamestate 0
30444,gamestate 0
30517,gamestate 0
30198,gamestate 0
29578,gamestate 0
28204,gamestate 0
28314,gamestate 0
27314,gamestate 0
27760,gamestate 0
28126,gamestate 0
28771,gamestate 0
27319,gamestate 0
26909,gamestate 0
28481,gamestate 0
27253,gamestate 0
26815,gamestate 0
26660,gamestate 0
30394,gamestate 0
29497,gamestate 0
29036,gamestate 0
29621,gamestate 0
29487,gamestate 0
29844,gamestate 0
28952,gamestate 0
28748,gamestate 0
29400,gamestate 0
29605,gamestate 0
29697,gamestate 0
29687,gamestate 0
29222,gamestate 0
30002,gamestate 0
29338,gamestate 0
30285,gamestate 0
29122,gamestate 0
29194,gamestate 0
30557,gamestate 0
31374,gamestate 0
32598,gamestate 0
32695,gamestate 0
33981,gamestate 0
35889,gamestate 0
37352,gamestate 0
36753,gamestate 0
36774,gamestate 0
36559,gamestate 0
36679,gamestate 0
36998,gamestate 0
35803,gamestate 0
35537,gamestate 0
35427,gamestate 0
34540,gamestate 0
35095,gamestate 0
33508,gamestate 0
33468,gamestate 0
32409,gamestate 0
31846,gamestate 0
31402,gamestate 0
31434,gamestate 0
30681,gamestate 0
30192,gamestate 0
36215,gamestate 0
30207,gamestate 0
30598,gamestate 0
29460,gamestate 0
29707,gamestate 0
29626,gamestate 0
28924,gamestate 0
30433,gamestate 0
32097,gamestate 0
29215,gamestate 0
28642,gamestate 0
29053,gamestate 0
28789,gamestate 0
27681,gamestate 0
28490,gamestate 0
27896,gamestate 0
28064,gamestate 0
28188,gamestate 0
28003,gamestate 0
27320,gamestate 0
27893,gamestate 0
28058,gamestate 0
27778,gamestate 0
28002,gamestate 0
27216,gamestate 0
27918,gamestate 0
28409,gamestate 0
28040,gamestate 0
28134,gamestate 0
28089,gamestate 0
28649,gamestate 0
28539,gamestate 0
28465,gamestate 0
28959,gamestate 0
29169,gamestate 0
30673,gamestate 0
29762,gamestate 0
29915,gamestate 0
29894,gamestate 0
30190,gamestate 0
31094,gamestate 0
29174,gamestate 0
30296,gamestate 0
30876,gamestate 0
30716,gamestate 0
30547,gamestate 0
30284,gamestate 0
30441,gamestate 0
30168,gamestate 0
30472,gamestate 0
30785,gamestate 0
32236,gamestate 0
30192,gamestate 0
29796,gamestate 0
30721,gamestate 0
29606,gamestate 0
28388,gamestate 0
28376,gamestate 0
28060,gamestate 0
27898,gamestate 0
29213,gamestate 0
28091,gamestate 0
28314,gamestate 0
28482,gamestate 0
28874,gamestate 0
30263,gamestate 0
27789,gamestate 0
27214,gamestate 0
27214,gamestate 0
30583,gamestate 0
27638,gamestate 0
26208,gamestate 0
26574,gamestate 0
26253,gamestate 0
27256,gamestate 0
26279,gamestate 0
25722,gamestate 0
26475,gamestate 0
25971,gamestate 0
26014,gamestate 0
26716,gamestate 0
26963,gamestate 0
26129,gamestate 0
26471,gamestate 0
26057,gamestate 0
26546,gamestate 0
25827,gamestate 0
25863,gamestate 0
26928,gamestate 0
26630,gamestate 0
25922,gamestate 0
25859,gamestate 0
26963,gamestate 0
28771,gamestate 0
6364,wipe
996,wipe
1253,wipe
2746,wipe
6401,wipe
8404,wipe
6255,wipe
3685,wipe
9138,wipe
8668,wipe
8971,wipe
9445,wipe
8061,wipe
7665,wipe
7071,wipe
6818,wipe
6428,wipe
5949,wipe
5620,wipe
5158,wipe
5039,wipe
4473,wipe
4232,wipe
3585,wipe
3190,wipe
2994,wipe
2400,wipe
2087,wipe
1766,wipe
1554,wipe
1288,wipe
1087,wipe
964,wipe
909,wipe
927,wipe
23632,gamestate 1
13227,gamestate 1
7788,gamestate 1
7006,gamestate 1
6074,gamestate 1
5668,gamestate 1
5041,gamestate 1
5044,gamestate 1
5776,gamestate 1
11022,gamestate 1
5940,gamestate 1
5323,gamestate 1
5137,gamestate 1
6485,gamestate 1
6467,gamestate 1
6277,gamestate 1
6048,gamestate 1
5179,gamestate 1
5329,gamestate 1
6822,gamestate 1
5508,gamestate 1
5136,gamestate 1
6166,gamestate 1
5376,gamestate 1
5887,gamestate 1
5971,gamestate 1
5695,gamestate 1
5435,gamestate 1
5719,gamestate 1
5403,gamestate 1
6869,gamestate 1
5460,gamestate 1
5862,gamestate 1
5790,gamestate 1
5444,gamestate 1
6231,gamestate 1
6007,gamestate 1
5159,gamestate 1
5533,gamestate 1
5840,gamestate 1
5695,gamestate 1
6192,gamestate 1
6509,gamestate 1
5371,gamestate 1
5857,gamestate 1
6692,gamestate 1
5816,gamestate 1
5426,gamestate 1
5943,gamestate 1
5334,gamestate 1
6252,gamestate 1
5496,gamestate 1
5615,gamestate 1
5959,gamestate 1
5333,gamestate 1
6078,gamestate 1
7538,gamestate 1
5874,gamestate 1
5501,gamestate 1
6405,gamestate 1
5432,gamestate 1
5126,gamestate 1
5916,gamestate 1
6684,gamestate 1
5283,gamestate 1
6096,gamestate 1
5821,gamestate 1
6053,gamestate 1
5705,gamestate 1
5393,gamestate 1
5617,gamestate 1
6089,gamestate 1
5259,gamestate 1
6059,gamestate 1
5773,gamestate 1
5362,gamestate 1
6370,gamestate 1
5825,gamestate 1
5477,gamestate 1
6973,gamestate 1
5415,gamestate 1
6083,gamestate 1
5988,gamestate 1
5348,gamestate 1
5349,gamestate 1
5737,gamestate 1
6065,gamestate 1
5438,gamestate 1
5804,gamestate 1
5314,gamestate 1
5841,gamestate 1
6441,gamestate 1
5132,gamestate 1
5892,gamestate 1
6019,gamestate 1
5613,gamestate 1
6022,gamestate 1
5429,gamestate 1
5197,gamestate 1
6546,gamestate 1
6311,gamestate 1
5233,gamestate 1
5413,gamestate 1
4920,gamestate 1
4908,gamestate 1
5972,gamestate 1
4938,gamestate 1
4691,gamestate 1
5086,gamestate 1
6093,gamestate 1
4970,gamestate 1
4988,gamestate 1
6433,gamestate 1
5344,gamestate 1
4882,gamestate 1
5100,gamestate 1
4735,gamestate 1
4765,gamestate 1
5786,gamestate 1
4900,gamestate 1
5068,gamestate 1
5232,gamestate 1
4799,gamestate 1
4885,gamestate 1
4634,gamestate 1
5964,gamestate 1
5116,gamestate 1
4937,gamestate 1
5727,gamestate 1
5014,gamestate 1
4763,gamestate 1
5463,gamestate 1
5203,gamestate 1
5956,gamestate 1
5416,gamestate 1
4923,gamestate 1
4875,gamestate 1
5480,gamestate 1
11103,gamestate 1
5269,gamestate 1
4996,gamestate 1
4959,gamestate 1
5661,gamestate 1
10912,gamestate 1
6872,gamestate 1
5614,gamestate 1
5471,gamestate 1
5458,gamestate 1
5534,gamestate 1
4803,gamestate 1
5820,gamestate 1
5673,gamestate 1
4893,gamestate 1
5754,gamestate 1
5716,gamestate 1
4770,gamestate 1
4659,gamestate 1
5457,gamestate 1
5205,gamestate 1
4847,gamestate 1
5664,gamestate 1
4822,gamestate 1
4918,gamestate 1
5455,gamestate 1
4870,gamestate 1
4814,gamestate 1
5606,gamestate 1
5458,gamestate 1
4747,gamestate 1
5474,gamestate 1
5382,gamestate 1
4955,gamestate 1
6002,gamestate 1
5522,gamestate 1
4851,gamestate 1
4772,gamestate 1
5448,gamestate 1
5438,gamestate 1
5169,gamestate 1
5302,gamestate 1
4678,gamestate 1
4787,gamestate 1
4801,gamestate 1
5238,gamestate 1
5507,gamestate 1
5200,gamestate 1
5487,gamestate 1
4615,gamestate 1
5393,gamestate 1
5281,gamestate 1
4874,gamestate 1
5180,gamestate 1
5804,gamestate 1
5404,gamestate 1
5124,gamestate 1
5301,gamestate 1
5277,gamestate 1
5242,gamestate 1
4867,gamestate 1
5403,gamestate 1
5567,gamestate 1
4928,gamestate 1
5496,gamestate 1
5164,gamestate 1
4944,gamestate 1
5231,gamestate 1
5400,gamestate 1
4867,gamestate 1
5351,gamestate 1
5189,gamestate 1
5412,gamestate 1
5382,gamestate 1
4780,gamestate 1
4791,gamestate 1
4700,gamestate 1
6399,gamestate 1
4729,gamestate 1
4758,gamestate 1
5123,gamestate 1
4728,gamestate 1
4538,gamestate 1
5597,gamestate 1
6032,gamestate 1
4832,gamestate 1
5282,gamestate 1
4983,gamestate 1
4678,gamestate 1
5779,gamestate 1
5616,gamestate 1
5024,gamestate 1
4887,gamestate 1
5530,gamestate 1
4743,gamestate 1
4990,gamestate 1
5671,gamestate 1
5786,gamestate 1
4790,gamestate 1
5398,gamestate 1
5005,gamestate 1
5122,gamestate 1
5756,gamestate 1
4992,gamestate 1
4689,gamestate 1
7232,gamestate 1
5438,gamestate 1
4955,gamestate 1
6377,gamestate 1
5060,gamestate 1
5578,gamestate 1
5980,gamestate 1
5000,gamestate 1
6689,wipe
1402,wipe
1794,wipe
2890,wipe
8832,wipe
9622,wipe
10642,wipe
10582,wipe
10186,wipe
6181,wipe
3372,wipe
6014,wipe
2962,wipe
7161,wipe
6820,wipe
6310,wipe
5926,wipe
5582,wipe
5206,wipe
4663,wipe
4391,wipe
3954,wipe
3530,wipe
3089,wipe
2671,wipe
2361,wipe
1967,wipe
1628,wipe
1376,wipe
1211,wipe
1109,wipe
1072,wipe
1023,wipe
982,wipe
920,wipe
89209,gamestate 0
49753,gamestate 0
50038,gamestate 0
49798,gamestate 0
50260,gamestate 0
56441,gamestate 0
51807,gamestate 0
52121,gamestate 0
50364,gamestate 0
50078,gamestate 0
53777,gamestate 0
50780,gamestate 0
51459,gamestate 0
51263,gamestate 0
51506,gamestate 0
51910,gamestate 0
50902,gamestate 0
51655,gamestate 0
51857,gamestate 0
50227,gamestate 0
50530,gamestate 0
50537,gamestate 0
51341,gamestate 0
Error: timed 1121 gametics in 78 realtics
