            DOOM Shareware Startup
Playing demo demo1.lmp.
V_Init: allocate screens.
M_LoadDefaults: Load system defauls.
Z_Init: Init zone memory allocation daemon.
W_Init: Init WADfiles.
 adding doom1.wad
 adding demo1.lmp
added
==================
   Shareware!
==================
M_Init: Init miscellaneous info.
R_Init: Init DOOM refresh daemon - 
InitTextures
InitFlatsR_InitSpriteLumps

InitSprites
InitColormaps
R_InitData
R_InitPointToAngle
R_InitTables
R_InitPlanes
R_InitLightTables
R_InitSkyMap
R_InitTranslationsTables
P_Init: Init Playloop state.
I_Init: Setting up machine state.
D_CheckNetGame: Checking network game status.
startskill 2 deathmatch: False startmap: 1 startepisode: 1
player 1 of 1 (1 nodes)
S_Init: Setting up sound.
S_Init: default sfx volume 64
HU_Init: Setting up heads up display.
ST_Init: Init status bar.
R_DrawColumn: dc_source read out of bounds [16]
R_DrawColumn: dc_source read out of bounds [16]
S_StartSound not imlemented
S_StartSound not imlemented
S_StartSound not imlemented
S_StartSound not imlemented
S_StartSound not imlemented
S_StartSound not imlemented
S_StartSound not imlemented
S_StartSound not imlemented
S_StartSound not imlemented
S_StartSound not imlemented
S_StartSound not imlemented
R_DrawColumn: dc_source read out of bounds [127]
S_StartSound not imlemented
S_StartSound not imlemented
S_StartSound not imlemented
S_StartSound not imlemented
S_StartSound not imlemented
R_DrawColumn: dc_source read out of bounds [127]
R_DrawColumn: dc_source read out of bounds [127]
R_DrawColumn: dc_source read out of bounds [127]
S_StartSound not imlemented
S_StartSound not imlemented
S_StartSound not imlemented
S_StartSound not imlemented
S_StartSound not imlemented
S_StartSound not imlemented
S_StartSound not imlemented
S_StartSound not imlemented
S_StartSound not imlemented
S_StartSound not imlemented
S_StartSound not imlemented
S_StartSound not imlemented
S_StartSound not imlemented
S_StartSound not imlemented
S_StartSound not imlemented
S_StartSound not imlemented
S_StartSound not imlemented
S_StartSound not imlemented
S_StartSound not imlemented
S_StartSound not imlemented
S_StartSound not imlemented
S_StartSound not imlemented
S_StartSound not imlemented
S_StartSound not imlemented
S_StartSound not imlemented
R_DrawColumn: dc_source read out of bounds [17]
R_DrawColumn: dc_source read out of bounds [36]
R_DrawColumn: dc_source read out of bounds [39]
S_StartSound not imlemented
S_StartSound not imlemented
S_StartSound not imlemented
S_StartSound not imlemented
R_DrawColumn: dc_source read out of bounds [127]
R_DrawColumn: dc_source read out of bounds [127]
R_DrawColumn: dc_source read out of bounds [127]
R_DrawColumn: dc_source read out of bounds [127]
R_DrawColumn: dc_source read out of bounds [127]
R_DrawColumn: dc_source read out of bounds [127]
R_DrawColumn: dc_source read out of bounds [127]
R_DrawColumn: dc_source read out of bounds [127]
R_DrawColumn: dc_source read out of bounds [127]
R_DrawColumn: dc_source read out of bounds [127]
R_DrawColumn: dc_source read out of bounds [127]
R_DrawColumn: dc_source read out of bounds [127]
R_DrawColumn: dc_source read out of bounds [127]
R_DrawColumn: dc_source read out of bounds [127]
R_DrawColumn: dc_source read out of bounds [127]
R_DrawColumn: dc_source read out of bounds [127]
S_StartSound not imlemented
S_StartSound not imlemented
S_StartSound not imlemented
S_StartSound not imlemented
S_StartSound not imlemented
S_StartSound not imlemented
S_StartSound not imlemented
S_StartSound not imlemented
R_DrawColumn: dc_source read out of bounds [127]
R_DrawColumn: dc_source read out of bounds [127]
R_DrawColumn: dc_source read out of bounds [127]
R_DrawColumn: dc_source read out of bounds [127]
R_DrawColumn: dc_source read out of bounds [127]
R_DrawColumn: dc_source read out of bounds [127]
R_DrawColumn: dc_source read out of bounds [127]
S_StartSound not imlemented
R_DrawColumn: dc_source read out of bounds [127]
R_DrawColumn: dc_source read out of bounds [127]
R_DrawColumn: dc_source read out of bounds [127]
R_DrawColumn: dc_source read out of bounds [127]
R_DrawColumn: dc_source read out of bounds [127]
S_StartSound not imlemented
S_StartSound not imlemented
S_StartSound not imlemented
7892,wipe
1416,wipe
2076,wipe
7175,wipe
11217,wipe
8329,wipe
9147,wipe
9068,wipe
8700,wipe
9701,wipe
8855,wipe
8614,wipe
15073,wipe
8307,wipe
7851,wipe
7801,wipe
7032,wipe
6389,wipe
6344,wipe
5872,wipe
5130,wipe
4876,wipe
4695,wipe
3861,wipe
6671,wipe
3275,wipe
2683,wipe
2776,wipe
7489,wipe
1968,wipe
1666,wipe
1497,wipe
1384,wipe
1390,wipe
1264,wipe
1661,wipe
1784,wipe
1087,wipe
1125,wipe
1939,wipe
1053,wipe
1032,wipe
991153,gamestate 0
949485,gamestate 0
961982,gamestate 0
923458,gamestate 0
919216,gamestate 0
909961,gamestate 0
907829,gamestate 0
910166,gamestate 0
914591,gamestate 0
918684,gamestate 0
915563,gamestate 0
915938,gamestate 0
912479,gamestate 0
917210,gamestate 0
923570,gamestate 0
913286,gamestate 0
913725,gamestate 0
926423,gamestate 0
912054,gamestate 0
930673,gamestate 0
922487,gamestate 0
938978,gamestate 0
973481,gamestate 0
930258,gamestate 0
901804,gamestate 0
884956,gamestate 0
886914,gamestate 0
872593,gamestate 0
849986,gamestate 0
871096,gamestate 0
849551,gamestate 0
827806,gamestate 0
804782,gamestate 0
790735,gamestate 0
792833,gamestate 0
797121,gamestate 0
754960,gamestate 0
749053,gamestate 0
725669,gamestate 0
717352,gamestate 0
733699,gamestate 0
726311,gamestate 0
736079,gamestate 0
756346,gamestate 0
751861,gamestate 0
771843,gamestate 0
742346,gamestate 0
755909,gamestate 0
740282,gamestate 0
781024,gamestate 0
748311,gamestate 0
771576,gamestate 0
810483,gamestate 0
771439,gamestate 0
769431,gamestate 0
757085,gamestate 0
754861,gamestate 0
733079,gamestate 0
698374,gamestate 0
666389,gamestate 0
663431,gamestate 0
650007,gamestate 0
651771,gamestate 0
663106,gamestate 0
672295,gamestate 0
680869,gamestate 0
696259,gamestate 0
686761,gamestate 0
676522,gamestate 0
694022,gamestate 0
705322,gamestate 0
690195,gamestate 0
676651,gamestate 0
667433,gamestate 0
664753,gamestate 0
702028,gamestate 0
719388,gamestate 0
748250,gamestate 0
776261,gamestate 0
819226,gamestate 0
850054,gamestate 0
838011,gamestate 0
847268,gamestate 0
838995,gamestate 0
814439,gamestate 0
855637,gamestate 0
835034,gamestate 0
817744,gamestate 0
866551,gamestate 0
866384,gamestate 0
782150,gamestate 0
772034,gamestate 0
788122,gamestate 0
783168,gamestate 0
777834,gamestate 0
732759,gamestate 0
729537,gamestate 0
721192,gamestate 0
712719,gamestate 0
660051,gamestate 0
667722,gamestate 0
686765,gamestate 0
647084,gamestate 0
633902,gamestate 0
637453,gamestate 0
629165,gamestate 0
660054,gamestate 0
627230,gamestate 0
624160,gamestate 0
620449,gamestate 0
632346,gamestate 0
635768,gamestate 0
656426,gamestate 0
631530,gamestate 0
646777,gamestate 0
645844,gamestate 0
649843,gamestate 0
676914,gamestate 0
644052,gamestate 0
635944,gamestate 0
604029,gamestate 0
613308,gamestate 0
604413,gamestate 0
593386,gamestate 0
597874,gamestate 0
597187,gamestate 0
597436,gamestate 0
607215,gamestate 0
599081,gamestate 0
606109,gamestate 0
606430,gamestate 0
615489,gamestate 0
617212,gamestate 0
619674,gamestate 0
619904,gamestate 0
618685,gamestate 0
613380,gamestate 0
651023,gamestate 0
612344,gamestate 0
617421,gamestate 0
601980,gamestate 0
598697,gamestate 0
584785,gamestate 0
602699,gamestate 0
572198,gamestate 0
582271,gamestate 0
581156,gamestate 0
587407,gamestate 0
582358,gamestate 0
598992,gamestate 0
602916,gamestate 0
613197,gamestate 0
610062,gamestate 0
618692,gamestate 0
622503,gamestate 0
617365,gamestate 0
620931,gamestate 0
628633,gamestate 0
624734,gamestate 0
626633,gamestate 0
624175,gamestate 0
625360,gamestate 0
614240,gamestate 0
610839,gamestate 0
609350,gamestate 0
605498,gamestate 0
614029,gamestate 0
651339,gamestate 0
624557,gamestate 0
621465,gamestate 0
615922,gamestate 0
616619,gamestate 0
604116,gamestate 0
595491,gamestate 0
585627,gamestate 0
565815,gamestate 0
547571,gamestate 0
524162,gamestate 0
512176,gamestate 0
493892,gamestate 0
492914,gamestate 0
497527,gamestate 0
493767,gamestate 0
486497,gamestate 0
492490,gamestate 0
485476,gamestate 0
483087,gamestate 0
498070,gamestate 0
490853,gamestate 0
497563,gamestate 0
588222,gamestate 0
569536,gamestate 0
570661,gamestate 0
560619,gamestate 0
589905,gamestate 0
565478,gamestate 0
564599,gamestate 0
578283,gamestate 0
559936,gamestate 0
570254,gamestate 0
562567,gamestate 0
574224,gamestate 0
560926,gamestate 0
566833,gamestate 0
560686,gamestate 0
558050,gamestate 0
563540,gamestate 0
562008,gamestate 0
616192,gamestate 0
679034,gamestate 0
720319,gamestate 0
801706,gamestate 0
821024,gamestate 0
808910,gamestate 0
796048,gamestate 0
795858,gamestate 0
797036,gamestate 0
828014,gamestate 0
800238,gamestate 0
826864,gamestate 0
830303,gamestate 0
826611,gamestate 0
838954,gamestate 0
861113,gamestate 0
875890,gamestate 0
894736,gamestate 0
869451,gamestate 0
868095,gamestate 0
851768,gamestate 0
862469,gamestate 0
855982,gamestate 0
863094,gamestate 0
852336,gamestate 0
862577,gamestate 0
844260,gamestate 0
879835,gamestate 0
834570,gamestate 0
835551,gamestate 0
832918,gamestate 0
831850,gamestate 0
826098,gamestate 0
819014,gamestate 0
823997,gamestate 0
827966,gamestate 0
816949,gamestate 0
823944,gamestate 0
819695,gamestate 0
819116,gamestate 0
817556,gamestate 0
836083,gamestate 0
826877,gamestate 0
817124,gamestate 0
817456,gamestate 0
819641,gamestate 0
804984,gamestate 0
814407,gamestate 0
814742,gamestate 0
808728,gamestate 0
803847,gamestate 0
810969,gamestate 0
802128,gamestate 0
806591,gamestate 0
805329,gamestate 0
794223,gamestate 0
789070,gamestate 0
785300,gamestate 0
782488,gamestate 0
790442,gamestate 0
790965,gamestate 0
787489,gamestate 0
778892,gamestate 0
771340,gamestate 0
776197,gamestate 0
775012,gamestate 0
778415,gamestate 0
764588,gamestate 0
753247,gamestate 0
765920,gamestate 0
734419,gamestate 0
707032,gamestate 0
689309,gamestate 0
672803,gamestate 0
632538,gamestate 0
630047,gamestate 0
631934,gamestate 0
619881,gamestate 0
628320,gamestate 0
626374,gamestate 0
624652,gamestate 0
636982,gamestate 0
633549,gamestate 0
634865,gamestate 0
638256,gamestate 0
637457,gamestate 0
638701,gamestate 0
643124,gamestate 0
651668,gamestate 0
651273,gamestate 0
629924,gamestate 0
628237,gamestate 0
617840,gamestate 0
605439,gamestate 0
604645,gamestate 0
610090,gamestate 0
602575,gamestate 0
630445,gamestate 0
621825,gamestate 0
625395,gamestate 0
628045,gamestate 0
650498,gamestate 0
652944,gamestate 0
679487,gamestate 0
679730,gamestate 0
685456,gamestate 0
705623,gamestate 0
705013,gamestate 0
706601,gamestate 0
696604,gamestate 0
686719,gamestate 0
686480,gamestate 0
688000,gamestate 0
667460,gamestate 0
643490,gamestate 0
640274,gamestate 0
631424,gamestate 0
626391,gamestate 0
642053,gamestate 0
649211,gamestate 0
664885,gamestate 0
701564,gamestate 0
723319,gamestate 0
750444,gamestate 0
762185,gamestate 0
772010,gamestate 0
779444,gamestate 0
799723,gamestate 0
805705,gamestate 0
814720,gamestate 0
829619,gamestate 0
810219,gamestate 0
809663,gamestate 0
812927,gamestate 0
802065,gamestate 0
809573,gamestate 0
801364,gamestate 0
822575,gamestate 0
805952,gamestate 0
833045,gamestate 0
819625,gamestate 0
819447,gamestate 0
807119,gamestate 0
806399,gamestate 0
805727,gamestate 0
800384,gamestate 0
793521,gamestate 0
792182,gamestate 0
790804,gamestate 0
764396,gamestate 0
767499,gamestate 0
769559,gamestate 0
764962,gamestate 0
787033,gamestate 0
783487,gamestate 0
782463,gamestate 0
749165,gamestate 0
758720,gamestate 0
773418,gamestate 0
732957,gamestate 0
734262,gamestate 0
721947,gamestate 0
702937,gamestate 0
692523,gamestate 0
693747,gamestate 0
701983,gamestate 0
708620,gamestate 0
756874,gamestate 0
741510,gamestate 0
751847,gamestate 0
761484,gamestate 0
764674,gamestate 0
746812,gamestate 0
751288,gamestate 0
764122,gamestate 0
785204,gamestate 0
764015,gamestate 0
770744,gamestate 0
783792,gamestate 0
800933,gamestate 0
833148,gamestate 0
902595,gamestate 0
781988,gamestate 0
795644,gamestate 0
796676,gamestate 0
799691,gamestate 0
805268,gamestate 0
807090,gamestate 0
809557,gamestate 0
814032,gamestate 0
819104,gamestate 0
811157,gamestate 0
816307,gamestate 0
829283,gamestate 0
831795,gamestate 0
839036,gamestate 0
845511,gamestate 0
848811,gamestate 0
869971,gamestate 0
865031,gamestate 0
869616,gamestate 0
890766,gamestate 0
900086,gamestate 0
896447,gamestate 0
882291,gamestate 0
892065,gamestate 0
893426,gamestate 0
915044,gamestate 0
897457,gamestate 0
882303,gamestate 0
881523,gamestate 0
883022,gamestate 0
862486,gamestate 0
872973,gamestate 0
885886,gamestate 0
859761,gamestate 0
858214,gamestate 0
859896,gamestate 0
883747,gamestate 0
907504,gamestate 0
860141,gamestate 0
851470,gamestate 0
881714,gamestate 0
859527,gamestate 0
865972,gamestate 0
861730,gamestate 0
887343,gamestate 0
863325,gamestate 0
868269,gamestate 0
847338,gamestate 0
854810,gamestate 0
828135,gamestate 0
805631,gamestate 0
824302,gamestate 0
853991,gamestate 0
819248,gamestate 0
805676,gamestate 0
800600,gamestate 0
804677,gamestate 0
793222,gamestate 0
831795,gamestate 0
801216,gamestate 0
793296,gamestate 0
823683,gamestate 0
786722,gamestate 0
780962,gamestate 0
767354,gamestate 0
761822,gamestate 0
755398,gamestate 0
747806,gamestate 0
735618,gamestate 0
730731,gamestate 0
720051,gamestate 0
744040,gamestate 0
758065,gamestate 0
737058,gamestate 0
734644,gamestate 0
724449,gamestate 0
714359,gamestate 0
718945,gamestate 0
706226,gamestate 0
708466,gamestate 0
706673,gamestate 0
713816,gamestate 0
693817,gamestate 0
693726,gamestate 0
689555,gamestate 0
688310,gamestate 0
729725,gamestate 0
698701,gamestate 0
709511,gamestate 0
713368,gamestate 0
711927,gamestate 0
719606,gamestate 0
740989,gamestate 0
721237,gamestate 0
737932,gamestate 0
750551,gamestate 0
753018,gamestate 0
730134,gamestate 0
733753,gamestate 0
734215,gamestate 0
783886,gamestate 0
731152,gamestate 0
692791,gamestate 0
675757,gamestate 0
667953,gamestate 0
668084,gamestate 0
639778,gamestate 0
620897,gamestate 0
621651,gamestate 0
614330,gamestate 0
601756,gamestate 0
603691,gamestate 0
594439,gamestate 0
615875,gamestate 0
594368,gamestate 0
579508,gamestate 0
584437,gamestate 0
587552,gamestate 0
593701,gamestate 0
597063,gamestate 0
598686,gamestate 0
607450,gamestate 0
619554,gamestate 0
617420,gamestate 0
613995,gamestate 0
623325,gamestate 0
625874,gamestate 0
612354,gamestate 0
617094,gamestate 0
595347,gamestate 0
585560,gamestate 0
582082,gamestate 0
576533,gamestate 0
571622,gamestate 0
569269,gamestate 0
582435,gamestate 0
604102,gamestate 0
612589,gamestate 0
565927,gamestate 0
606648,gamestate 0
626344,gamestate 0
621119,gamestate 0
651270,gamestate 0
655599,gamestate 0
699110,gamestate 0
914403,gamestate 0
597673,gamestate 0
623812,gamestate 0
559233,gamestate 0
549956,gamestate 0
563722,gamestate 0
536161,gamestate 0
513346,gamestate 0
496002,gamestate 0
482851,gamestate 0
504112,gamestate 0
504512,gamestate 0
482554,gamestate 0
480763,gamestate 0
483815,gamestate 0
489366,gamestate 0
619418,gamestate 0
583993,gamestate 0
594453,gamestate 0
549760,gamestate 0
549911,gamestate 0
574699,gamestate 0
556852,gamestate 0
577279,gamestate 0
560122,gamestate 0
551103,gamestate 0
549793,gamestate 0
551011,gamestate 0
555934,gamestate 0
549481,gamestate 0
556977,gamestate 0
551360,gamestate 0
551255,gamestate 0
561158,gamestate 0
628394,gamestate 0
726056,gamestate 0
806294,gamestate 0
879690,gamestate 0
878984,gamestate 0
874050,gamestate 0
899043,gamestate 0
874678,gamestate 0
876918,gamestate 0
874693,gamestate 0
871317,gamestate 0
894929,gamestate 0
915469,gamestate 0
912579,gamestate 0
931403,gamestate 0
951314,gamestate 0
978030,gamestate 0
1004196,gamestate 0
980971,gamestate 0
964483,gamestate 0
947740,gamestate 0
958288,gamestate 0
930544,gamestate 0
923234,gamestate 0
923727,gamestate 0
906497,gamestate 0
927338,gamestate 0
913206,gamestate 0
894555,gamestate 0
885644,gamestate 0
862002,gamestate 0
838437,gamestate 0
820709,gamestate 0
801562,gamestate 0
785295,gamestate 0
770853,gamestate 0
751885,gamestate 0
756045,gamestate 0
786336,gamestate 0
800840,gamestate 0
827936,gamestate 0
836633,gamestate 0
848964,gamestate 0
882991,gamestate 0
889294,gamestate 0
876160,gamestate 0
873098,gamestate 0
857255,gamestate 0
878662,gamestate 0
878714,gamestate 0
858663,gamestate 0
855202,gamestate 0
853002,gamestate 0
843161,gamestate 0
855305,gamestate 0
848799,gamestate 0
847412,gamestate 0
879217,gamestate 0
877253,gamestate 0
869854,gamestate 0
867156,gamestate 0
861393,gamestate 0
880274,gamestate 0
883940,gamestate 0
873678,gamestate 0
873147,gamestate 0
881165,gamestate 0
882069,gamestate 0
935474,gamestate 0
916995,gamestate 0
899712,gamestate 0
886823,gamestate 0
869991,gamestate 0
837486,gamestate 0
806821,gamestate 0
787344,gamestate 0
767689,gamestate 0
766092,gamestate 0
765271,gamestate 0
788580,gamestate 0
805708,gamestate 0
827092,gamestate 0
884354,gamestate 0
864896,gamestate 0
878920,gamestate 0
892377,gamestate 0
912591,gamestate 0
898147,gamestate 0
879251,gamestate 0
824406,gamestate 0
817340,gamestate 0
796179,gamestate 0
776525,gamestate 0
776205,gamestate 0
779281,gamestate 0
804645,gamestate 0
833243,gamestate 0
830123,gamestate 0
838327,gamestate 0
825642,gamestate 0
825347,gamestate 0
819133,gamestate 0
819694,gamestate 0
789715,gamestate 0
785304,gamestate 0
780583,gamestate 0
773670,gamestate 0
754656,gamestate 0
745469,gamestate 0
735599,gamestate 0
734345,gamestate 0
722827,gamestate 0
714671,gamestate 0
689208,gamestate 0
667435,gamestate 0
642585,gamestate 0
631093,gamestate 0
603247,gamestate 0
575784,gamestate 0
544865,gamestate 0
537353,gamestate 0
536176,gamestate 0
543448,gamestate 0
545074,gamestate 0
547787,gamestate 0
533450,gamestate 0
512401,gamestate 0
497810,gamestate 0
503886,gamestate 0
508128,gamestate 0
510568,gamestate 0
508620,gamestate 0
495558,gamestate 0
482312,gamestate 0
485434,gamestate 0
480219,gamestate 0
484155,gamestate 0
480512,gamestate 0
516112,gamestate 0
516651,gamestate 0
515620,gamestate 0
512932,gamestate 0
516136,gamestate 0
514559,gamestate 0
514230,gamestate 0
510587,gamestate 0
517358,gamestate 0
512463,gamestate 0
515890,gamestate 0
519636,gamestate 0
517590,gamestate 0
512835,gamestate 0
516409,gamestate 0
511016,gamestate 0
521395,gamestate 0
516842,gamestate 0
524097,gamestate 0
544449,gamestate 0
583206,gamestate 0
598461,gamestate 0
605826,gamestate 0
644669,gamestate 0
676907,gamestate 0
659876,gamestate 0
653075,gamestate 0
648755,gamestate 0
656665,gamestate 0
660689,gamestate 0
658736,gamestate 0
656484,gamestate 0
645086,gamestate 0
636285,gamestate 0
626340,gamestate 0
615871,gamestate 0
612242,gamestate 0
600066,gamestate 0
581865,gamestate 0
571382,gamestate 0
564973,gamestate 0
558000,gamestate 0
553842,gamestate 0
539267,gamestate 0
544288,gamestate 0
538081,gamestate 0
539871,gamestate 0
530418,gamestate 0
523694,gamestate 0
508554,gamestate 0
511393,gamestate 0
501337,gamestate 0
490601,gamestate 0
484407,gamestate 0
482046,gamestate 0
485631,gamestate 0
483806,gamestate 0
484370,gamestate 0
482854,gamestate 0
481495,gamestate 0
482563,gamestate 0
475737,gamestate 0
486683,gamestate 0
478370,gamestate 0
487066,gamestate 0
486928,gamestate 0
483546,gamestate 0
489124,gamestate 0
491139,gamestate 0
486606,gamestate 0
503956,gamestate 0
502424,gamestate 0
500881,gamestate 0
511989,gamestate 0
514767,gamestate 0
518296,gamestate 0
532953,gamestate 0
519115,gamestate 0
523117,gamestate 0
551690,gamestate 0
536020,gamestate 0
535833,gamestate 0
554132,gamestate 0
544583,gamestate 0
526345,gamestate 0
550705,gamestate 0
544452,gamestate 0
548571,gamestate 0
546506,gamestate 0
544506,gamestate 0
540523,gamestate 0
545632,gamestate 0
547561,gamestate 0
544769,gamestate 0
543224,gamestate 0
535410,gamestate 0
529176,gamestate 0
525016,gamestate 0
517557,gamestate 0
522909,gamestate 0
504914,gamestate 0
499345,gamestate 0
499134,gamestate 0
507383,gamestate 0
497634,gamestate 0
502970,gamestate 0
498093,gamestate 0
487870,gamestate 0
488459,gamestate 0
484544,gamestate 0
480500,gamestate 0
473227,gamestate 0
473848,gamestate 0
472423,gamestate 0
474258,gamestate 0
463994,gamestate 0
463182,gamestate 0
467899,gamestate 0
461033,gamestate 0
465169,gamestate 0
465446,gamestate 0
463244,gamestate 0
467218,gamestate 0
472511,gamestate 0
470464,gamestate 0
467684,gamestate 0
470581,gamestate 0
467763,gamestate 0
468986,gamestate 0
471129,gamestate 0
468655,gamestate 0
461940,gamestate 0
467909,gamestate 0
461543,gamestate 0
464070,gamestate 0
472453,gamestate 0
471256,gamestate 0
6084,wipe
1099,wipe
1239,wipe
2808,wipe
6888,wipe
8868,wipe
10514,wipe
10643,wipe
10220,wipe
9859,wipe
9299,wipe
8752,wipe
2241,wipe
3387,wipe
7563,wipe
7110,wipe
6910,wipe
6296,wipe
5793,wipe
5527,wipe
5146,wipe
4498,wipe
4187,wipe
3803,wipe
4659,wipe
3088,wipe
2471,wipe
2314,wipe
1871,wipe
1652,wipe
1429,wipe
1207,wipe
985,wipe
1057,wipe
1003,wipe
21867,gamestate 1
16017,gamestate 1
8746,gamestate 1
6913,gamestate 1
5771,gamestate 1
5578,gamestate 1
5424,gamestate 1
5390,gamestate 1
5093,gamestate 1
10489,gamestate 1
6107,gamestate 1
6098,gamestate 1
6016,gamestate 1
5685,gamestate 1
6329,gamestate 1
5877,gamestate 1
6023,gamestate 1
6172,gamestate 1
5745,gamestate 1
6145,gamestate 1
6007,gamestate 1
5978,gamestate 1
6247,gamestate 1
5848,gamestate 1
6290,gamestate 1
6422,gamestate 1
5753,gamestate 1
5818,gamestate 1
5948,gamestate 1
5932,gamestate 1
6451,gamestate 1
6027,gamestate 1
5895,gamestate 1
6095,gamestate 1
5940,gamestate 1
5781,gamestate 1
6084,gamestate 1
5949,gamestate 1
6010,gamestate 1
6155,gamestate 1
6323,gamestate 1
6049,gamestate 1
6047,gamestate 1
5768,gamestate 1
6163,gamestate 1
6025,gamestate 1
5938,gamestate 1
5894,gamestate 1
6174,gamestate 1
6139,gamestate 1
6494,gamestate 1
5947,gamestate 1
5619,gamestate 1
6372,gamestate 1
6399,gamestate 1
5829,gamestate 1
6021,gamestate 1
5715,gamestate 1
6292,gamestate 1
5790,gamestate 1
5955,gamestate 1
6366,gamestate 1
5734,gamestate 1
5818,gamestate 1
6291,gamestate 1
6053,gamestate 1
6229,gamestate 1
5909,gamestate 1
6052,gamestate 1
6235,gamestate 1
5908,gamestate 1
5887,gamestate 1
6156,gamestate 1
5987,gamestate 1
5946,gamestate 1
6289,gamestate 1
6133,gamestate 1
6044,gamestate 1
5965,gamestate 1
5927,gamestate 1
5966,gamestate 1
6128,gamestate 1
5741,gamestate 1
6225,gamestate 1
5931,gamestate 1
5944,gamestate 1
6314,gamestate 1
6163,gamestate 1
6256,gamestate 1
6203,gamestate 1
6098,gamestate 1
6204,gamestate 1
8832,gamestate 1
7930,gamestate 1
6591,gamestate 1
6131,gamestate 1
5977,gamestate 1
6186,gamestate 1
5949,gamestate 1
6518,gamestate 1
6704,gamestate 1
5328,gamestate 1
5207,gamestate 1
4979,gamestate 1
5172,gamestate 1
5585,gamestate 1
5022,gamestate 1
5040,gamestate 1
5138,gamestate 1
5703,gamestate 1
5222,gamestate 1
5226,gamestate 1
5207,gamestate 1
5013,gamestate 1
5132,gamestate 1
7877,gamestate 1
6518,gamestate 1
5434,gamestate 1
5128,gamestate 1
5203,gamestate 1
5060,gamestate 1
5057,gamestate 1
4923,gamestate 1
5196,gamestate 1
5219,gamestate 1
5256,gamestate 1
5125,gamestate 1
5454,gamestate 1
5003,gamestate 1
5211,gamestate 1
5077,gamestate 1
5134,gamestate 1
4928,gamestate 1
5206,gamestate 1
4868,gamestate 1
5023,gamestate 1
5187,gamestate 1
5120,gamestate 1
4902,gamestate 1
5347,gamestate 1
5053,gamestate 1
5847,gamestate 1
5973,gamestate 1
5303,gamestate 1
5386,gamestate 1
5453,gamestate 1
5045,gamestate 1
5007,gamestate 1
5161,gamestate 1
4963,gamestate 1
5933,gamestate 1
4968,gamestate 1
5105,gamestate 1
5085,gamestate 1
5000,gamestate 1
5134,gamestate 1
4889,gamestate 1
5793,gamestate 1
5447,gamestate 1
5216,gamestate 1
5236,gamestate 1
5415,gamestate 1
5589,gamestate 1
5217,gamestate 1
5244,gamestate 1
5130,gamestate 1
5010,gamestate 1
4973,gamestate 1
5313,gamestate 1
4968,gamestate 1
5099,gamestate 1
5701,gamestate 1
5337,gamestate 1
5072,gamestate 1
5371,gamestate 1
5152,gamestate 1
5077,gamestate 1
4988,gamestate 1
4910,gamestate 1
4768,gamestate 1
5098,gamestate 1
4865,gamestate 1
5195,gamestate 1
4949,gamestate 1
5159,gamestate 1
4818,gamestate 1
5103,gamestate 1
4846,gamestate 1
5058,gamestate 1
4909,gamestate 1
5106,gamestate 1
5217,gamestate 1
5157,gamestate 1
5209,gamestate 1
5326,gamestate 1
5097,gamestate 1
5083,gamestate 1
5183,gamestate 1
5041,gamestate 1
5096,gamestate 1
5134,gamestate 1
5291,gamestate 1
5235,gamestate 1
5814,gamestate 1
5377,gamestate 1
5244,gamestate 1
4900,gamestate 1
5114,gamestate 1
4975,gamestate 1
5070,gamestate 1
4927,gamestate 1
5016,gamestate 1
5353,gamestate 1
5085,gamestate 1
4791,gamestate 1
4981,gamestate 1
4869,gamestate 1
4762,gamestate 1
4954,gamestate 1
4654,gamestate 1
5339,gamestate 1
5123,gamestate 1
5243,gamestate 1
4929,gamestate 1
5105,gamestate 1
4878,gamestate 1
5313,gamestate 1
4945,gamestate 1
5200,gamestate 1
5234,gamestate 1
5694,gamestate 1
4971,gamestate 1
4982,gamestate 1
5112,gamestate 1
5095,gamestate 1
5001,gamestate 1
5152,gamestate 1
4945,gamestate 1
5279,gamestate 1
7530,gamestate 1
5458,gamestate 1
5362,gamestate 1
5234,gamestate 1
5798,gamestate 1
5286,gamestate 1
5471,gamestate 1
5825,gamestate 1
5009,gamestate 1
5216,gamestate 1
5060,gamestate 1
5065,gamestate 1
6414,wipe
1515,wipe
1890,wipe
3891,wipe
8650,wipe
9564,wipe
6950,wipe
3816,wipe
9922,wipe
9366,wipe
8961,wipe
8136,wipe
2537,wipe
2047,wipe
2006,wipe
1808,wipe
4385,wipe
5962,wipe
5557,wipe
5440,wipe
4697,wipe
4279,wipe
3644,wipe
3293,wipe
2958,wipe
2523,wipe
2849,wipe
1764,wipe
1661,wipe
1363,wipe
1279,wipe
1136,wipe
1007,wipe
1012,wipe
914,wipe
1001354,gamestate 0
966419,gamestate 0
960402,gamestate 0
958550,gamestate 0
958343,gamestate 0
983593,gamestate 0
964043,gamestate 0
965650,gamestate 0
961551,gamestate 0
976690,gamestate 0
973401,gamestate 0
977849,gamestate 0
967016,gamestate 0
972659,gamestate 0
967593,gamestate 0
998086,gamestate 0
968690,gamestate 0
982631,gamestate 0
969854,gamestate 0
976912,gamestate 0
988702,gamestate 0
971609,gamestate 0
972832,gamestate 0
Error: timed 1121 gametics in 852 realtics
