            DOOM Shareware Startup
Playing demo demo1.lmp.
V_Init: allocate screens.
M_LoadDefaults: Load system defauls.
Z_Init: Init zone memory allocation daemon.
W_Init: Init WADfiles.
 adding doom1.wad
 adding demo1.lmp
added
==================
   Shareware!
==================
M_Init: Init miscellaneous info.
R_Init: Init DOOM refresh daemon - 
InitTextures
InitFlatsR_InitSpriteLumps

InitSprites
InitColormaps
R_InitData
R_InitPointToAngle
R_InitTables
R_InitPlanes
R_InitLightTables
R_InitSkyMap
R_InitTranslationsTables
P_Init: Init Playloop state.
I_Init: Setting up machine state.
D_CheckNetGame: Checking network game status.
startskill 2 deathmatch: False startmap: 1 startepisode: 1
player 1 of 1 (1 nodes)
S_Init: Setting up sound.
S_Init: default sfx volume 64
HU_Init: Setting up heads up display.
ST_Init: Init status bar.
R_DrawColumn: dc_source read out of bounds [16]
R_DrawColumn: dc_source read out of bounds [16]
S_StartSound not imlemented
S_StartSound not imlemented
S_StartSound not imlemented
S_StartSound not imlemented
S_StartSound not imlemented
S_StartSound not imlemented
S_StartSound not imlemented
S_StartSound not imlemented
S_StartSound not imlemented
S_StartSound not imlemented
S_StartSound not imlemented
R_DrawColumn: dc_source read out of bounds [127]
S_StartSound not imlemented
S_StartSound not imlemented
S_StartSound not imlemented
S_StartSound not imlemented
S_StartSound not imlemented
R_DrawColumn: dc_source read out of bounds [127]
R_DrawColumn: dc_source read out of bounds [127]
R_DrawColumn: dc_source read out of bounds [127]
S_StartSound not imlemented
S_StartSound not imlemented
S_StartSound not imlemented
S_StartSound not imlemented
S_StartSound not imlemented
S_StartSound not imlemented
S_StartSound not imlemented
S_StartSound not imlemented
S_StartSound not imlemented
S_StartSound not imlemented
S_StartSound not imlemented
S_StartSound not imlemented
S_StartSound not imlemented
S_StartSound not imlemented
S_StartSound not imlemented
S_StartSound not imlemented
S_StartSound not imlemented
S_StartSound not imlemented
S_StartSound not imlemented
S_StartSound not imlemented
S_StartSound not imlemented
S_StartSound not imlemented
S_StartSound not imlemented
S_StartSound not imlemented
S_StartSound not imlemented
R_DrawColumn: dc_source read out of bounds [17]
R_DrawColumn: dc_source read out of bounds [36]
R_DrawColumn: dc_source read out of bounds [39]
S_StartSound not imlemented
S_StartSound not imlemented
S_StartSound not imlemented
S_StartSound not imlemented
R_DrawColumn: dc_source read out of bounds [127]
R_DrawColumn: dc_source read out of bounds [127]
R_DrawColumn: dc_source read out of bounds [127]
R_DrawColumn: dc_source read out of bounds [127]
R_DrawColumn: dc_source read out of bounds [127]
R_DrawColumn: dc_source read out of bounds [127]
R_DrawColumn: dc_source read out of bounds [127]
R_DrawColumn: dc_source read out of bounds [127]
R_DrawColumn: dc_source read out of bounds [127]
R_DrawColumn: dc_source read out of bounds [127]
R_DrawColumn: dc_source read out of bounds [127]
R_DrawColumn: dc_source read out of bounds [127]
R_DrawColumn: dc_source read out of bounds [127]
R_DrawColumn: dc_source read out of bounds [127]
R_DrawColumn: dc_source read out of bounds [127]
R_DrawColumn: dc_source read out of bounds [127]
S_StartSound not imlemented
S_StartSound not imlemented
S_StartSound not imlemented
S_StartSound not imlemented
S_StartSound not imlemented
S_StartSound not imlemented
S_StartSound not imlemented
S_StartSound not imlemented
R_DrawColumn: dc_source read out of bounds [127]
R_DrawColumn: dc_source read out of bounds [127]
R_DrawColumn: dc_source read out of bounds [127]
R_DrawColumn: dc_source read out of bounds [127]
R_DrawColumn: dc_source read out of bounds [127]
R_DrawColumn: dc_source read out of bounds [127]
R_DrawColumn: dc_source read out of bounds [127]
S_StartSound not imlemented
R_DrawColumn: dc_source read out of bounds [127]
R_DrawColumn: dc_source read out of bounds [127]
R_DrawColumn: dc_source read out of bounds [127]
R_DrawColumn: dc_source read out of bounds [127]
R_DrawColumn: dc_source read out of bounds [127]
S_StartSound not imlemented
S_StartSound not imlemented
S_StartSound not imlemented
36138,wipe
6103,wipe
8591,wipe
9337,wipe
11649,wipe
11571,wipe
12522,wipe
31114,wipe
13737,wipe
21763,wipe
11538,wipe
10647,wipe
12452,wipe
29460,wipe
12490,wipe
9730,wipe
25876,wipe
10733,wipe
23364,wipe
9943,wipe
7337,wipe
10621,wipe
11988,wipe
10661,wipe
11069,wipe
7626,wipe
9703,wipe
8479,wipe
12728,wipe
4997,wipe
4211,wipe
3309,wipe
2617,wipe
4702,wipe
2183,wipe
1678,wipe
1426,wipe
1176,wipe
1096,wipe
1832,wipe
980,wipe
975,wipe
218844,gamestate 0
191777,gamestate 0
187060,gamestate 0
187893,gamestate 0
190897,gamestate 0
188259,gamestate 0
188835,gamestate 0
195126,gamestate 0
191672,gamestate 0
188271,gamestate 0
182785,gamestate 0
176733,gamestate 0
177438,gamestate 0
181456,gamestate 0
188635,gamestate 0
174945,gamestate 0
176649,gamestate 0
193159,gamestate 0
181087,gamestate 0
179029,gamestate 0
172443,gamestate 0
169986,gamestate 0
176260,gamestate 0
176060,gamestate 0
172521,gamestate 0
179022,gamestate 0
181811,gamestate 0
172036,gamestate 0
171458,gamestate 0
177127,gamestate 0
168330,gamestate 0
164813,gamestate 0
160979,gamestate 0
162299,gamestate 0
161673,gamestate 0
166424,gamestate 0
159310,gamestate 0
136436,gamestate 0
133716,gamestate 0
133767,gamestate 0
131899,gamestate 0
149136,gamestate 0
144810,gamestate 0
148871,gamestate 0
164341,gamestate 0
154353,gamestate 0
144936,gamestate 0
146724,gamestate 0
147462,gamestate 0
219271,gamestate 0
328998,gamestate 0
296281,gamestate 0
291452,gamestate 0
296619,gamestate 0
292972,gamestate 0
284896,gamestate 0
220650,gamestate 0
176575,gamestate 0
174682,gamestate 0
130642,gamestate 0
125789,gamestate 0
127125,gamestate 0
125870,gamestate 0
135137,gamestate 0
139544,gamestate 0
135844,gamestate 0
135218,gamestate 0
135703,gamestate 0
130397,gamestate 0
125937,gamestate 0
124836,gamestate 0
133294,gamestate 0
119581,gamestate 0
109115,gamestate 0
109289,gamestate 0
111184,gamestate 0
115801,gamestate 0
116231,gamestate 0
118745,gamestate 0
120681,gamestate 0
118998,gamestate 0
116426,gamestate 0
115431,gamestate 0
113759,gamestate 0
118193,gamestate 0
113744,gamestate 0
115683,gamestate 0
113502,gamestate 0
114411,gamestate 0
111859,gamestate 0
113148,gamestate 0
113043,gamestate 0
113793,gamestate 0
110781,gamestate 0
109305,gamestate 0
108780,gamestate 0
107502,gamestate 0
100569,gamestate 0
101500,gamestate 0
100792,gamestate 0
101114,gamestate 0
96913,gamestate 0
96232,gamestate 0
94173,gamestate 0
93127,gamestate 0
92030,gamestate 0
94684,gamestate 0
93620,gamestate 0
94400,gamestate 0
86753,gamestate 0
88688,gamestate 0
88809,gamestate 0
88677,gamestate 0
89705,gamestate 0
89357,gamestate 0
89592,gamestate 0
88589,gamestate 0
90075,gamestate 0
87552,gamestate 0
88688,gamestate 0
90905,gamestate 0
89410,gamestate 0
88286,gamestate 0
89021,gamestate 0
88765,gamestate 0
87376,gamestate 0
90519,gamestate 0
90632,gamestate 0
90512,gamestate 0
91031,gamestate 0
90110,gamestate 0
92097,gamestate 0
91513,gamestate 0
90283,gamestate 0
93097,gamestate 0
92258,gamestate 0
92657,gamestate 0
93258,gamestate 0
92006,gamestate 0
92491,gamestate 0
92329,gamestate 0
91564,gamestate 0
90387,gamestate 0
91712,gamestate 0
90812,gamestate 0
89712,gamestate 0
89255,gamestate 0
87919,gamestate 0
87759,gamestate 0
89888,gamestate 0
86646,gamestate 0
87800,gamestate 0
84961,gamestate 0
86136,gamestate 0
84623,gamestate 0
87489,gamestate 0
86018,gamestate 0
86919,gamestate 0
86902,gamestate 0
85218,gamestate 0
84687,gamestate 0
85659,gamestate 0
90104,gamestate 0
90287,gamestate 0
89334,gamestate 0
89107,gamestate 0
89188,gamestate 0
90355,gamestate 0
88807,gamestate 0
87335,gamestate 0
87920,gamestate 0
86827,gamestate 0
84611,gamestate 0
82975,gamestate 0
84297,gamestate 0
83860,gamestate 0
83158,gamestate 0
78999,gamestate 0
78389,gamestate 0
73585,gamestate 0
73528,gamestate 0
76023,gamestate 0
74581,gamestate 0
75598,gamestate 0
74600,gamestate 0
72679,gamestate 0
73071,gamestate 0
73377,gamestate 0
71946,gamestate 0
76421,gamestate 0
168532,gamestate 0
150009,gamestate 0
150105,gamestate 0
150282,gamestate 0
149043,gamestate 0
150340,gamestate 0
149764,gamestate 0
153376,gamestate 0
149018,gamestate 0
148606,gamestate 0
150125,gamestate 0
155340,gamestate 0
150331,gamestate 0
149446,gamestate 0
150930,gamestate 0
150108,gamestate 0
151066,gamestate 0
148723,gamestate 0
151353,gamestate 0
158225,gamestate 0
160893,gamestate 0
185794,gamestate 0
165076,gamestate 0
166833,gamestate 0
163448,gamestate 0
167738,gamestate 0
162878,gamestate 0
168508,gamestate 0
170678,gamestate 0
184598,gamestate 0
188364,gamestate 0
187980,gamestate 0
185620,gamestate 0
188697,gamestate 0
197425,gamestate 0
202871,gamestate 0
199606,gamestate 0
197398,gamestate 0
198098,gamestate 0
199862,gamestate 0
200491,gamestate 0
197078,gamestate 0
191333,gamestate 0
190930,gamestate 0
178087,gamestate 0
175306,gamestate 0
159004,gamestate 0
161470,gamestate 0
157415,gamestate 0
159194,gamestate 0
177724,gamestate 0
159074,gamestate 0
159863,gamestate 0
161658,gamestate 0
156683,gamestate 0
156461,gamestate 0
159398,gamestate 0
158238,gamestate 0
159233,gamestate 0
156128,gamestate 0
156969,gamestate 0
153574,gamestate 0
153588,gamestate 0
152608,gamestate 0
149408,gamestate 0
148419,gamestate 0
148599,gamestate 0
148433,gamestate 0
147335,gamestate 0
149891,gamestate 0
151376,gamestate 0
149312,gamestate 0
148549,gamestate 0
145284,gamestate 0
148791,gamestate 0
145451,gamestate 0
146800,gamestate 0
145822,gamestate 0
143039,gamestate 0
140314,gamestate 0
138475,gamestate 0
140227,gamestate 0
139718,gamestate 0
138402,gamestate 0
139702,gamestate 0
139392,gamestate 0
141995,gamestate 0
136354,gamestate 0
126125,gamestate 0
126068,gamestate 0
123325,gamestate 0
128658,gamestate 0
108853,gamestate 0
108189,gamestate 0
109153,gamestate 0
109818,gamestate 0
104757,gamestate 0
107120,gamestate 0
112227,gamestate 0
109780,gamestate 0
111172,gamestate 0
109171,gamestate 0
107065,gamestate 0
106431,gamestate 0
106484,gamestate 0
106745,gamestate 0
108126,gamestate 0
106856,gamestate 0
105637,gamestate 0
106340,gamestate 0
104022,gamestate 0
104130,gamestate 0
103818,gamestate 0
102400,gamestate 0
102909,gamestate 0
103522,gamestate 0
105852,gamestate 0
106799,gamestate 0
106624,gamestate 0
109628,gamestate 0
110443,gamestate 0
109741,gamestate 0
109334,gamestate 0
109767,gamestate 0
111585,gamestate 0
109648,gamestate 0
112412,gamestate 0
112642,gamestate 0
112327,gamestate 0
112786,gamestate 0
107775,gamestate 0
104934,gamestate 0
104736,gamestate 0
103136,gamestate 0
103547,gamestate 0
103031,gamestate 0
103960,gamestate 0
101028,gamestate 0
105198,gamestate 0
110194,gamestate 0
110780,gamestate 0
114142,gamestate 0
107612,gamestate 0
109699,gamestate 0
109506,gamestate 0
111065,gamestate 0
113830,gamestate 0
114388,gamestate 0
155379,gamestate 0
157103,gamestate 0
141064,gamestate 0
146384,gamestate 0
120014,gamestate 0
119593,gamestate 0
121499,gamestate 0
127793,gamestate 0
125504,gamestate 0
129457,gamestate 0
130543,gamestate 0
132756,gamestate 0
130972,gamestate 0
130062,gamestate 0
130479,gamestate 0
130386,gamestate 0
129724,gamestate 0
129067,gamestate 0
130325,gamestate 0
129222,gamestate 0
127616,gamestate 0
134715,gamestate 0
135070,gamestate 0
138275,gamestate 0
138041,gamestate 0
138962,gamestate 0
135715,gamestate 0
155837,gamestate 0
157549,gamestate 0
152320,gamestate 0
152061,gamestate 0
153951,gamestate 0
147946,gamestate 0
143060,gamestate 0
144534,gamestate 0
150672,gamestate 0
149260,gamestate 0
154018,gamestate 0
154938,gamestate 0
157001,gamestate 0
162748,gamestate 0
162051,gamestate 0
162984,gamestate 0
158527,gamestate 0
162968,gamestate 0
164547,gamestate 0
163175,gamestate 0
162514,gamestate 0
168488,gamestate 0
165714,gamestate 0
176435,gamestate 0
185430,gamestate 0
169638,gamestate 0
179481,gamestate 0
181641,gamestate 0
185071,gamestate 0
180129,gamestate 0
178377,gamestate 0
174539,gamestate 0
177685,gamestate 0
175468,gamestate 0
175975,gamestate 0
174367,gamestate 0
183972,gamestate 0
182906,gamestate 0
194057,gamestate 0
197729,gamestate 0
194168,gamestate 0
194665,gamestate 0
195673,gamestate 0
199936,gamestate 0
199517,gamestate 0
202055,gamestate 0
202323,gamestate 0
197906,gamestate 0
196871,gamestate 0
202315,gamestate 0
197232,gamestate 0
196264,gamestate 0
197157,gamestate 0
195155,gamestate 0
190416,gamestate 0
193428,gamestate 0
188096,gamestate 0
188719,gamestate 0
192595,gamestate 0
191852,gamestate 0
185150,gamestate 0
185610,gamestate 0
182543,gamestate 0
186701,gamestate 0
183107,gamestate 0
180830,gamestate 0
178874,gamestate 0
185831,gamestate 0
182221,gamestate 0
180634,gamestate 0
182704,gamestate 0
179595,gamestate 0
174606,gamestate 0
171129,gamestate 0
170034,gamestate 0
166076,gamestate 0
163419,gamestate 0
161712,gamestate 0
162060,gamestate 0
157006,gamestate 0
154593,gamestate 0
149341,gamestate 0
151635,gamestate 0
156487,gamestate 0
133448,gamestate 0
132959,gamestate 0
134684,gamestate 0
130531,gamestate 0
168805,gamestate 0
126355,gamestate 0
130073,gamestate 0
124755,gamestate 0
127303,gamestate 0
125864,gamestate 0
123475,gamestate 0
126651,gamestate 0
127188,gamestate 0
129462,gamestate 0
133244,gamestate 0
125649,gamestate 0
125830,gamestate 0
125924,gamestate 0
120274,gamestate 0
119948,gamestate 0
122542,gamestate 0
120835,gamestate 0
124527,gamestate 0
118619,gamestate 0
119767,gamestate 0
119062,gamestate 0
119576,gamestate 0
124502,gamestate 0
119189,gamestate 0
118976,gamestate 0
122700,gamestate 0
118130,gamestate 0
117633,gamestate 0
117166,gamestate 0
118336,gamestate 0
119884,gamestate 0
121333,gamestate 0
123407,gamestate 0
117845,gamestate 0
118825,gamestate 0
118605,gamestate 0
121417,gamestate 0
115256,gamestate 0
106102,gamestate 0
106641,gamestate 0
105392,gamestate 0
107285,gamestate 0
100051,gamestate 0
101685,gamestate 0
98718,gamestate 0
95463,gamestate 0
95439,gamestate 0
94477,gamestate 0
92767,gamestate 0
94888,gamestate 0
95683,gamestate 0
89173,gamestate 0
85833,gamestate 0
86539,gamestate 0
84466,gamestate 0
85485,gamestate 0
87911,gamestate 0
91027,gamestate 0
84826,gamestate 0
86832,gamestate 0
88114,gamestate 0
87277,gamestate 0
86571,gamestate 0
87269,gamestate 0
86631,gamestate 0
85377,gamestate 0
83755,gamestate 0
84177,gamestate 0
83100,gamestate 0
84267,gamestate 0
83797,gamestate 0
83915,gamestate 0
87277,gamestate 0
86387,gamestate 0
84778,gamestate 0
83987,gamestate 0
84532,gamestate 0
83906,gamestate 0
84471,gamestate 0
83445,gamestate 0
83994,gamestate 0
83845,gamestate 0
83439,gamestate 0
85268,gamestate 0
82709,gamestate 0
82663,gamestate 0
83060,gamestate 0
81730,gamestate 0
82773,gamestate 0
80244,gamestate 0
76923,gamestate 0
77422,gamestate 0
75562,gamestate 0
76572,gamestate 0
75436,gamestate 0
75031,gamestate 0
75843,gamestate 0
835380,gamestate 0
826396,gamestate 0
836967,gamestate 0
826859,gamestate 0
822958,gamestate 0
825506,gamestate 0
821911,gamestate 0
831718,gamestate 0
824555,gamestate 0
830027,gamestate 0
824707,gamestate 0
832963,gamestate 0
836352,gamestate 0
830537,gamestate 0
818943,gamestate 0
822141,gamestate 0
818662,gamestate 0
838444,gamestate 0
835570,gamestate 0
846058,gamestate 0
851578,gamestate 0
864780,gamestate 0
861846,gamestate 0
863365,gamestate 0
863355,gamestate 0
877315,gamestate 0
881279,gamestate 0
861761,gamestate 0
897053,gamestate 0
966534,gamestate 0
1052935,gamestate 0
1130114,gamestate 0
1264460,gamestate 0
1373175,gamestate 0
1527510,gamestate 0
1697243,gamestate 0
1602081,gamestate 0
1529609,gamestate 0
1444262,gamestate 0
1370508,gamestate 0
1348927,gamestate 0
1307763,gamestate 0
1285188,gamestate 0
1238223,gamestate 0
1221899,gamestate 0
1179806,gamestate 0
1137276,gamestate 0
1067361,gamestate 0
991563,gamestate 0
917186,gamestate 0
819725,gamestate 0
701436,gamestate 0
571401,gamestate 0
411818,gamestate 0
299664,gamestate 0
203943,gamestate 0
139810,gamestate 0
143410,gamestate 0
144704,gamestate 0
148622,gamestate 0
146456,gamestate 0
151310,gamestate 0
150413,gamestate 0
149488,gamestate 0
151100,gamestate 0
149461,gamestate 0
150473,gamestate 0
148147,gamestate 0
149366,gamestate 0
144240,gamestate 0
146963,gamestate 0
143723,gamestate 0
146582,gamestate 0
145475,gamestate 0
145596,gamestate 0
151214,gamestate 0
150269,gamestate 0
151506,gamestate 0
147093,gamestate 0
150541,gamestate 0
149215,gamestate 0
149240,gamestate 0
149671,gamestate 0
151444,gamestate 0
149880,gamestate 0
151805,gamestate 0
156577,gamestate 0
153577,gamestate 0
152978,gamestate 0
153282,gamestate 0
151856,gamestate 0
152159,gamestate 0
145207,gamestate 0
139421,gamestate 0
137423,gamestate 0
138524,gamestate 0
141392,gamestate 0
141225,gamestate 0
160502,gamestate 0
142967,gamestate 0
149749,gamestate 0
148041,gamestate 0
148795,gamestate 0
148696,gamestate 0
150873,gamestate 0
150990,gamestate 0
148072,gamestate 0
139285,gamestate 0
136165,gamestate 0
134363,gamestate 0
133311,gamestate 0
130515,gamestate 0
129438,gamestate 0
132968,gamestate 0
130579,gamestate 0
128734,gamestate 0
129312,gamestate 0
128118,gamestate 0
128979,gamestate 0
128705,gamestate 0
127932,gamestate 0
125457,gamestate 0
123306,gamestate 0
124768,gamestate 0
121400,gamestate 0
116368,gamestate 0
116049,gamestate 0
113298,gamestate 0
112347,gamestate 0
114651,gamestate 0
115413,gamestate 0
107363,gamestate 0
105742,gamestate 0
103301,gamestate 0
98662,gamestate 0
96381,gamestate 0
95460,gamestate 0
92384,gamestate 0
95349,gamestate 0
93538,gamestate 0
92882,gamestate 0
91961,gamestate 0
91772,gamestate 0
93243,gamestate 0
89099,gamestate 0
88848,gamestate 0
86266,gamestate 0
86314,gamestate 0
85992,gamestate 0
87577,gamestate 0
81082,gamestate 0
76721,gamestate 0
76390,gamestate 0
76320,gamestate 0
76777,gamestate 0
75975,gamestate 0
99652,gamestate 0
97397,gamestate 0
97440,gamestate 0
97220,gamestate 0
97725,gamestate 0
99217,gamestate 0
97868,gamestate 0
96204,gamestate 0
96226,gamestate 0
97973,gamestate 0
96309,gamestate 0
96524,gamestate 0
97762,gamestate 0
99156,gamestate 0
97755,gamestate 0
96941,gamestate 0
96898,gamestate 0
96599,gamestate 0
98664,gamestate 0
99865,gamestate 0
102236,gamestate 0
103369,gamestate 0
104299,gamestate 0
107283,gamestate 0
108889,gamestate 0
107022,gamestate 0
108564,gamestate 0
108599,gamestate 0
102324,gamestate 0
104248,gamestate 0
100833,gamestate 0
101879,gamestate 0
98808,gamestate 0
96755,gamestate 0
98268,gamestate 0
95060,gamestate 0
92531,gamestate 0
92833,gamestate 0
91882,gamestate 0
91193,gamestate 0
89290,gamestate 0
90425,gamestate 0
89552,gamestate 0
90275,gamestate 0
86700,gamestate 0
87751,gamestate 0
88095,gamestate 0
87354,gamestate 0
86564,gamestate 0
87327,gamestate 0
88188,gamestate 0
85422,gamestate 0
81039,gamestate 0
81034,gamestate 0
82614,gamestate 0
82450,gamestate 0
82219,gamestate 0
81140,gamestate 0
82893,gamestate 0
81621,gamestate 0
82262,gamestate 0
80296,gamestate 0
81870,gamestate 0
80643,gamestate 0
82375,gamestate 0
82339,gamestate 0
81259,gamestate 0
83078,gamestate 0
81466,gamestate 0
82800,gamestate 0
82275,gamestate 0
83679,gamestate 0
84001,gamestate 0
82932,gamestate 0
83456,gamestate 0
82854,gamestate 0
84201,gamestate 0
85157,gamestate 0
85227,gamestate 0
85657,gamestate 0
87143,gamestate 0
85856,gamestate 0
90951,gamestate 0
92090,gamestate 0
84772,gamestate 0
86052,gamestate 0
85331,gamestate 0
85355,gamestate 0
86996,gamestate 0
107989,gamestate 0
86281,gamestate 0
84596,gamestate 0
87099,gamestate 0
86970,gamestate 0
80601,gamestate 0
82364,gamestate 0
79696,gamestate 0
80613,gamestate 0
79508,gamestate 0
78837,gamestate 0
79823,gamestate 0
76579,gamestate 0
76208,gamestate 0
76912,gamestate 0
76378,gamestate 0
73900,gamestate 0
75623,gamestate 0
74724,gamestate 0
74386,gamestate 0
74253,gamestate 0
72668,gamestate 0
73869,gamestate 0
72687,gamestate 0
72682,gamestate 0
71187,gamestate 0
71704,gamestate 0
73254,gamestate 0
72733,gamestate 0
72102,gamestate 0
72576,gamestate 0
73447,gamestate 0
71667,gamestate 0
72705,gamestate 0
71722,gamestate 0
72247,gamestate 0
72005,gamestate 0
72290,gamestate 0
71252,gamestate 0
73471,gamestate 0
73257,gamestate 0
72565,gamestate 0
72167,gamestate 0
72130,gamestate 0
71636,gamestate 0
71859,gamestate 0
72977,gamestate 0
75882,gamestate 0
34237,wipe
5465,wipe
5701,wipe
7198,wipe
29301,wipe
16785,wipe
14484,wipe
14118,wipe
13477,wipe
13024,wipe
16485,wipe
12431,wipe
11392,wipe
10772,wipe
10324,wipe
11474,wipe
20962,wipe
11316,wipe
9036,wipe
25947,wipe
10849,wipe
7390,wipe
18647,wipe
17961,wipe
9483,wipe
10262,wipe
8207,wipe
7021,wipe
5634,wipe
4098,wipe
2775,wipe
1719,wipe
1074,wipe
958,wipe
907,wipe
54165,gamestate 1
22570,gamestate 1
21211,gamestate 1
21884,gamestate 1
22010,gamestate 1
22573,gamestate 1
22640,gamestate 1
21840,gamestate 1
21560,gamestate 1
27390,gamestate 1
23260,gamestate 1
22129,gamestate 1
22626,gamestate 1
23396,gamestate 1
23033,gamestate 1
24274,gamestate 1
23687,gamestate 1
23612,gamestate 1
22836,gamestate 1
22421,gamestate 1
22633,gamestate 1
29416,gamestate 1
23094,gamestate 1
23007,gamestate 1
23065,gamestate 1
21845,gamestate 1
23007,gamestate 1
24096,gamestate 1
23080,gamestate 1
23227,gamestate 1
21577,gamestate 1
22779,gamestate 1
23094,gamestate 1
22292,gamestate 1
22241,gamestate 1
22800,gamestate 1
22662,gamestate 1
22424,gamestate 1
23156,gamestate 1
21734,gamestate 1
22716,gamestate 1
22827,gamestate 1
22011,gamestate 1
22500,gamestate 1
22136,gamestate 1
22610,gamestate 1
23298,gamestate 1
23968,gamestate 1
23544,gamestate 1
22921,gamestate 1
22330,gamestate 1
22330,gamestate 1
22782,gamestate 1
22644,gamestate 1
23739,gamestate 1
23904,gamestate 1
22270,gamestate 1
23222,gamestate 1
22276,gamestate 1
22567,gamestate 1
23546,gamestate 1
22867,gamestate 1
22793,gamestate 1
22703,gamestate 1
24050,gamestate 1
22569,gamestate 1
23506,gamestate 1
22733,gamestate 1
23029,gamestate 1
22771,gamestate 1
22931,gamestate 1
25497,gamestate 1
23835,gamestate 1
22403,gamestate 1
23912,gamestate 1
23726,gamestate 1
23872,gamestate 1
22381,gamestate 1
23147,gamestate 1
21885,gamestate 1
23893,gamestate 1
23516,gamestate 1
24792,gamestate 1
23281,gamestate 1
21995,gamestate 1
24456,gamestate 1
22155,gamestate 1
24585,gamestate 1
23548,gamestate 1
24399,gamestate 1
22499,gamestate 1
23550,gamestate 1
22862,gamestate 1
23594,gamestate 1
23418,gamestate 1
23292,gamestate 1
23353,gamestate 1
23892,gamestate 1
23685,gamestate 1
24041,gamestate 1
23262,gamestate 1
22089,gamestate 1
21565,gamestate 1
22323,gamestate 1
21154,gamestate 1
22597,gamestate 1
21718,gamestate 1
21648,gamestate 1
29817,gamestate 1
23026,gamestate 1
22415,gamestate 1
21719,gamestate 1
21414,gamestate 1
20537,gamestate 1
21552,gamestate 1
21474,gamestate 1
21245,gamestate 1
25518,gamestate 1
21068,gamestate 1
22180,gamestate 1
21913,gamestate 1
20867,gamestate 1
21172,gamestate 1
21191,gamestate 1
21240,gamestate 1
20657,gamestate 1
21780,gamestate 1
22555,gamestate 1
21436,gamestate 1
21789,gamestate 1
21778,gamestate 1
21199,gamestate 1
21847,gamestate 1
21558,gamestate 1
21202,gamestate 1
21033,gamestate 1
22189,gamestate 1
21070,gamestate 1
20973,gamestate 1
21784,gamestate 1
21528,gamestate 1
21398,gamestate 1
21274,gamestate 1
21120,gamestate 1
21413,gamestate 1
22443,gamestate 1
21136,gamestate 1
21345,gamestate 1
20546,gamestate 1
20903,gamestate 1
20968,gamestate 1
21281,gamestate 1
21392,gamestate 1
21555,gamestate 1
22505,gamestate 1
21271,gamestate 1
21643,gamestate 1
20843,gamestate 1
21600,gamestate 1
22401,gamestate 1
21965,gamestate 1
26488,gamestate 1
22312,gamestate 1
21949,gamestate 1
25833,gamestate 1
21338,gamestate 1
22580,gamestate 1
22621,gamestate 1
22568,gamestate 1
21495,gamestate 1
21502,gamestate 1
21097,gamestate 1
21524,gamestate 1
21608,gamestate 1
21828,gamestate 1
21295,gamestate 1
23237,gamestate 1
20808,gamestate 1
21670,gamestate 1
21316,gamestate 1
21225,gamestate 1
21077,gamestate 1
20884,gamestate 1
21517,gamestate 1
21279,gamestate 1
21019,gamestate 1
21304,gamestate 1
21571,gamestate 1
21632,gamestate 1
22044,gamestate 1
20921,gamestate 1
22217,gamestate 1
21723,gamestate 1
22339,gamestate 1
21330,gamestate 1
21543,gamestate 1
21427,gamestate 1
21569,gamestate 1
22714,gamestate 1
21347,gamestate 1
23473,gamestate 1
21052,gamestate 1
21800,gamestate 1
20779,gamestate 1
21463,gamestate 1
21772,gamestate 1
22063,gamestate 1
21039,gamestate 1
21360,gamestate 1
20887,gamestate 1
21301,gamestate 1
20815,gamestate 1
20816,gamestate 1
20772,gamestate 1
22070,gamestate 1
22207,gamestate 1
21237,gamestate 1
21402,gamestate 1
21036,gamestate 1
20784,gamestate 1
20635,gamestate 1
22745,gamestate 1
21079,gamestate 1
21501,gamestate 1
21234,gamestate 1
21877,gamestate 1
21268,gamestate 1
21371,gamestate 1
21351,gamestate 1
21750,gamestate 1
21946,gamestate 1
21907,gamestate 1
20543,gamestate 1
22177,gamestate 1
21272,gamestate 1
21810,gamestate 1
21516,gamestate 1
21003,gamestate 1
22689,gamestate 1
21242,gamestate 1
22585,gamestate 1
21570,gamestate 1
21456,gamestate 1
21643,gamestate 1
22239,gamestate 1
21191,gamestate 1
22112,gamestate 1
21458,gamestate 1
21832,gamestate 1
21992,gamestate 1
21133,gamestate 1
35766,wipe
8087,wipe
9452,wipe
10797,wipe
11228,wipe
35925,wipe
16562,wipe
23308,wipe
12864,wipe
11712,wipe
11439,wipe
10793,wipe
10030,wipe
9877,wipe
9484,wipe
28386,wipe
12030,wipe
7365,wipe
7033,wipe
8507,wipe
9616,wipe
11090,wipe
8250,wipe
7504,wipe
5453,wipe
2881,wipe
7592,wipe
4958,wipe
3786,wipe
2700,wipe
2277,wipe
1344,wipe
1028,wipe
963,wipe
968,wipe
243955,gamestate 0
214509,gamestate 0
211130,gamestate 0
212294,gamestate 0
217986,gamestate 0
212518,gamestate 0
215454,gamestate 0
210411,gamestate 0
212269,gamestate 0
209026,gamestate 0
211505,gamestate 0
209539,gamestate 0
212797,gamestate 0
216614,gamestate 0
231820,gamestate 0
215315,gamestate 0
215608,gamestate 0
216226,gamestate 0
216083,gamestate 0
214736,gamestate 0
216157,gamestate 0
215494,gamestate 0
215982,gamestate 0
Error: timed 1121 gametics in 216 realtics
