            DOOM Shareware Startup
Playing demo demo1.lmp.
V_Init: allocate screens.
M_LoadDefaults: Load system defauls.
Z_Init: Init zone memory allocation daemon.
W_Init: Init WADfiles.
 adding doom1.wad
 adding demo1.lmp
added
==================
   Shareware!
==================
M_Init: Init miscellaneous info.
R_Init: Init DOOM refresh daemon - 
InitTextures
InitFlatsR_InitSpriteLumps

InitSprites
InitColormaps
R_InitData
R_InitPointToAngle
R_InitTables
R_InitPlanes
R_InitLightTables
R_InitSkyMap
R_InitTranslationsTables
P_Init: Init Playloop state.
I_Init: Setting up machine state.
D_CheckNetGame: Checking network game status.
startskill 2 deathmatch: False startmap: 1 startepisode: 1
player 1 of 1 (1 nodes)
S_Init: Setting up sound.
S_Init: default sfx volume 64
HU_Init: Setting up heads up display.
ST_Init: Init status bar.
R_DrawColumn: dc_source read out of bounds [16]
R_DrawColumn: dc_source read out of bounds [16]
S_StartSound not imlemented
S_StartSound not imlemented
S_StartSound not imlemented
S_StartSound not imlemented
S_StartSound not imlemented
S_StartSound not imlemented
S_StartSound not imlemented
S_StartSound not imlemented
S_StartSound not imlemented
S_StartSound not imlemented
S_StartSound not imlemented
R_DrawColumn: dc_source read out of bounds [127]
S_StartSound not imlemented
S_StartSound not imlemented
S_StartSound not imlemented
S_StartSound not imlemented
S_StartSound not imlemented
R_DrawColumn: dc_source read out of bounds [127]
R_DrawColumn: dc_source read out of bounds [127]
R_DrawColumn: dc_source read out of bounds [127]
S_StartSound not imlemented
S_StartSound not imlemented
S_StartSound not imlemented
S_StartSound not imlemented
S_StartSound not imlemented
S_StartSound not imlemented
S_StartSound not imlemented
S_StartSound not imlemented
S_StartSound not imlemented
S_StartSound not imlemented
S_StartSound not imlemented
S_StartSound not imlemented
S_StartSound not imlemented
S_StartSound not imlemented
S_StartSound not imlemented
S_StartSound not imlemented
S_StartSound not imlemented
S_StartSound not imlemented
S_StartSound not imlemented
S_StartSound not imlemented
S_StartSound not imlemented
S_StartSound not imlemented
S_StartSound not imlemented
S_StartSound not imlemented
S_StartSound not imlemented
R_DrawColumn: dc_source read out of bounds [17]
R_DrawColumn: dc_source read out of bounds [36]
R_DrawColumn: dc_source read out of bounds [39]
S_StartSound not imlemented
S_StartSound not imlemented
S_StartSound not imlemented
S_StartSound not imlemented
R_DrawColumn: dc_source read out of bounds [127]
R_DrawColumn: dc_source read out of bounds [127]
R_DrawColumn: dc_source read out of bounds [127]
R_DrawColumn: dc_source read out of bounds [127]
R_DrawColumn: dc_source read out of bounds [127]
R_DrawColumn: dc_source read out of bounds [127]
R_DrawColumn: dc_source read out of bounds [127]
R_DrawColumn: dc_source read out of bounds [127]
R_DrawColumn: dc_source read out of bounds [127]
R_DrawColumn: dc_source read out of bounds [127]
R_DrawColumn: dc_source read out of bounds [127]
R_DrawColumn: dc_source read out of bounds [127]
R_DrawColumn: dc_source read out of bounds [127]
R_DrawColumn: dc_source read out of bounds [127]
R_DrawColumn: dc_source read out of bounds [127]
R_DrawColumn: dc_source read out of bounds [127]
S_StartSound not imlemented
S_StartSound not imlemented
S_StartSound not imlemented
S_StartSound not imlemented
S_StartSound not imlemented
S_StartSound not imlemented
S_StartSound not imlemented
S_StartSound not imlemented
R_DrawColumn: dc_source read out of bounds [127]
R_DrawColumn: dc_source read out of bounds [127]
R_DrawColumn: dc_source read out of bounds [127]
R_DrawColumn: dc_source read out of bounds [127]
R_DrawColumn: dc_source read out of bounds [127]
R_DrawColumn: dc_source read out of bounds [127]
R_DrawColumn: dc_source read out of bounds [127]
S_StartSound not imlemented
R_DrawColumn: dc_source read out of bounds [127]
R_DrawColumn: dc_source read out of bounds [127]
R_DrawColumn: dc_source read out of bounds [127]
R_DrawColumn: dc_source read out of bounds [127]
R_DrawColumn: dc_source read out of bounds [127]
S_StartSound not imlemented
S_StartSound not imlemented
S_StartSound not imlemented
7670,wipe
1264,wipe
5610,wipe
5718,wipe
9549,wipe
7383,wipe
7736,wipe
8228,wipe
7817,wipe
7798,wipe
7665,wipe
7451,wipe
13143,wipe
6881,wipe
6849,wipe
6678,wipe
6191,wipe
6162,wipe
5326,wipe
4898,wipe
4950,wipe
4227,wipe
6909,wipe
6322,wipe
3273,wipe
2832,wipe
2932,wipe
2603,wipe
7613,wipe
1999,wipe
1556,wipe
1414,wipe
1455,wipe
1152,wipe
1184,wipe
1113,wipe
1014,wipe
1534,wipe
1053,wipe
2350,wipe
984,wipe
947,wipe
74451,gamestate 0
47410,gamestate 0
46968,gamestate 0
47075,gamestate 0
47537,gamestate 0
46785,gamestate 0
48018,gamestate 0
48199,gamestate 0
47995,gamestate 0
47471,gamestate 0
47064,gamestate 0
47059,gamestate 0
46508,gamestate 0
46699,gamestate 0
48974,gamestate 0
48621,gamestate 0
48121,gamestate 0
47275,gamestate 0
48310,gamestate 0
47492,gamestate 0
48401,gamestate 0
46783,gamestate 0
47107,gamestate 0
47553,gamestate 0
46825,gamestate 0
48352,gamestate 0
45982,gamestate 0
47178,gamestate 0
45196,gamestate 0
45549,gamestate 0
43200,gamestate 0
45372,gamestate 0
43199,gamestate 0
42010,gamestate 0
41559,gamestate 0
40818,gamestate 0
38327,gamestate 0
38587,gamestate 0
37819,gamestate 0
38466,gamestate 0
39172,gamestate 0
38198,gamestate 0
38841,gamestate 0
39370,gamestate 0
41100,gamestate 0
39525,gamestate 0
37790,gamestate 0
39822,gamestate 0
38554,gamestate 0
40352,gamestate 0
40295,gamestate 0
40491,gamestate 0
40930,gamestate 0
40971,gamestate 0
41299,gamestate 0
40564,gamestate 0
40650,gamestate 0
39024,gamestate 0
37210,gamestate 0
34979,gamestate 0
34732,gamestate 0
34517,gamestate 0
36266,gamestate 0
34910,gamestate 0
35454,gamestate 0
35445,gamestate 0
35977,gamestate 0
35824,gamestate 0
35887,gamestate 0
36603,gamestate 0
35775,gamestate 0
36307,gamestate 0
35067,gamestate 0
36141,gamestate 0
34884,gamestate 0
35522,gamestate 0
39006,gamestate 0
39055,gamestate 0
41666,gamestate 0
41838,gamestate 0
42352,gamestate 0
43943,gamestate 0
42514,gamestate 0
41402,gamestate 0
40734,gamestate 0
40317,gamestate 0
41617,gamestate 0
39844,gamestate 0
40237,gamestate 0
40218,gamestate 0
40235,gamestate 0
40367,gamestate 0
39416,gamestate 0
37884,gamestate 0
38516,gamestate 0
36451,gamestate 0
34979,gamestate 0
34322,gamestate 0
35446,gamestate 0
34372,gamestate 0
35038,gamestate 0
33869,gamestate 0
34724,gamestate 0
32423,gamestate 0
32106,gamestate 0
31918,gamestate 0
33051,gamestate 0
32512,gamestate 0
32850,gamestate 0
31777,gamestate 0
32005,gamestate 0
33401,gamestate 0
32314,gamestate 0
32065,gamestate 0
32743,gamestate 0
32950,gamestate 0
33575,gamestate 0
33187,gamestate 0
33410,gamestate 0
31690,gamestate 0
31617,gamestate 0
31261,gamestate 0
32546,gamestate 0
31632,gamestate 0
32588,gamestate 0
30926,gamestate 0
32122,gamestate 0
34409,gamestate 0
32597,gamestate 0
32087,gamestate 0
31603,gamestate 0
32757,gamestate 0
34319,gamestate 0
34616,gamestate 0
33640,gamestate 0
32604,gamestate 0
33103,gamestate 0
32613,gamestate 0
32932,gamestate 0
32413,gamestate 0
32636,gamestate 0
32992,gamestate 0
31531,gamestate 0
31081,gamestate 0
30153,gamestate 0
30933,gamestate 0
30492,gamestate 0
31615,gamestate 0
30953,gamestate 0
31116,gamestate 0
31841,gamestate 0
33635,gamestate 0
32779,gamestate 0
33752,gamestate 0
33557,gamestate 0
32975,gamestate 0
33753,gamestate 0
32873,gamestate 0
32239,gamestate 0
33763,gamestate 0
33435,gamestate 0
32914,gamestate 0
33714,gamestate 0
32955,gamestate 0
33459,gamestate 0
32441,gamestate 0
32833,gamestate 0
33543,gamestate 0
33306,gamestate 0
33049,gamestate 0
32814,gamestate 0
33912,gamestate 0
33795,gamestate 0
31642,gamestate 0
31046,gamestate 0
29923,gamestate 0
29675,gamestate 0
30806,gamestate 0
28306,gamestate 0
27454,gamestate 0
29002,gamestate 0
27788,gamestate 0
27819,gamestate 0
26233,gamestate 0
25822,gamestate 0
27118,gamestate 0
26197,gamestate 0
27185,gamestate 0
26544,gamestate 0
26459,gamestate 0
47294,gamestate 0
32351,gamestate 0
32906,gamestate 0
31752,gamestate 0
31729,gamestate 0
31753,gamestate 0
32109,gamestate 0
34277,gamestate 0
31254,gamestate 0
32044,gamestate 0
31866,gamestate 0
35617,gamestate 0
32154,gamestate 0
31711,gamestate 0
30680,gamestate 0
34364,gamestate 0
31582,gamestate 0
31634,gamestate 0
33681,gamestate 0
37133,gamestate 0
39402,gamestate 0
54399,gamestate 0
44206,gamestate 0
43227,gamestate 0
41628,gamestate 0
42768,gamestate 0
42381,gamestate 0
43308,gamestate 0
42917,gamestate 0
45559,gamestate 0
43731,gamestate 0
44324,gamestate 0
45761,gamestate 0
45740,gamestate 0
47167,gamestate 0
51366,gamestate 0
46701,gamestate 0
46726,gamestate 0
46329,gamestate 0
46354,gamestate 0
46032,gamestate 0
48041,gamestate 0
47640,gamestate 0
46167,gamestate 0
45652,gamestate 0
47010,gamestate 0
46089,gamestate 0
45763,gamestate 0
45251,gamestate 0
45573,gamestate 0
43893,gamestate 0
44719,gamestate 0
43392,gamestate 0
44294,gamestate 0
44066,gamestate 0
45237,gamestate 0
44211,gamestate 0
43056,gamestate 0
43196,gamestate 0
44160,gamestate 0
46141,gamestate 0
43210,gamestate 0
43451,gamestate 0
43032,gamestate 0
43585,gamestate 0
43219,gamestate 0
48237,gamestate 0
43114,gamestate 0
42863,gamestate 0
42587,gamestate 0
42271,gamestate 0
43357,gamestate 0
43345,gamestate 0
43154,gamestate 0
42384,gamestate 0
42785,gamestate 0
43032,gamestate 0
43128,gamestate 0
42641,gamestate 0
42777,gamestate 0
43205,gamestate 0
42232,gamestate 0
41864,gamestate 0
41606,gamestate 0
40349,gamestate 0
40333,gamestate 0
39965,gamestate 0
42206,gamestate 0
39304,gamestate 0
38839,gamestate 0
37498,gamestate 0
40509,gamestate 0
34360,gamestate 0
33719,gamestate 0
35183,gamestate 0
34371,gamestate 0
34327,gamestate 0
33926,gamestate 0
34791,gamestate 0
36031,gamestate 0
33611,gamestate 0
34518,gamestate 0
35798,gamestate 0
34851,gamestate 0
34762,gamestate 0
34494,gamestate 0
35645,gamestate 0
34569,gamestate 0
33413,gamestate 0
33337,gamestate 0
33701,gamestate 0
34671,gamestate 0
32228,gamestate 0
32530,gamestate 0
31940,gamestate 0
32252,gamestate 0
32960,gamestate 0
33102,gamestate 0
35641,gamestate 0
34732,gamestate 0
34803,gamestate 0
35507,gamestate 0
37498,gamestate 0
42375,gamestate 0
38498,gamestate 0
40164,gamestate 0
37821,gamestate 0
36438,gamestate 0
37251,gamestate 0
36559,gamestate 0
34351,gamestate 0
36174,gamestate 0
34739,gamestate 0
34595,gamestate 0
33853,gamestate 0
33314,gamestate 0
34812,gamestate 0
34766,gamestate 0
34721,gamestate 0
37356,gamestate 0
37554,gamestate 0
38259,gamestate 0
38771,gamestate 0
40657,gamestate 0
42413,gamestate 0
40857,gamestate 0
40572,gamestate 0
42034,gamestate 0
44193,gamestate 0
42197,gamestate 0
41904,gamestate 0
41807,gamestate 0
43291,gamestate 0
41695,gamestate 0
42210,gamestate 0
42834,gamestate 0
43364,gamestate 0
44436,gamestate 0
44048,gamestate 0
46528,gamestate 0
41871,gamestate 0
43468,gamestate 0
44187,gamestate 0
44471,gamestate 0
41416,gamestate 0
41326,gamestate 0
45046,gamestate 0
40054,gamestate 0
41482,gamestate 0
40483,gamestate 0
40327,gamestate 0
42598,gamestate 0
42301,gamestate 0
42800,gamestate 0
41143,gamestate 0
43125,gamestate 0
42706,gamestate 0
40327,gamestate 0
38855,gamestate 0
38852,gamestate 0
38786,gamestate 0
38442,gamestate 0
38113,gamestate 0
37139,gamestate 0
39101,gamestate 0
41854,gamestate 0
42555,gamestate 0
43121,gamestate 0
41444,gamestate 0
43414,gamestate 0
41062,gamestate 0
41122,gamestate 0
41143,gamestate 0
43481,gamestate 0
42982,gamestate 0
42061,gamestate 0
44578,gamestate 0
46386,gamestate 0
46834,gamestate 0
50099,gamestate 0
44736,gamestate 0
43965,gamestate 0
43664,gamestate 0
45849,gamestate 0
43020,gamestate 0
45435,gamestate 0
44276,gamestate 0
43360,gamestate 0
44451,gamestate 0
44928,gamestate 0
45371,gamestate 0
43609,gamestate 0
44789,gamestate 0
44519,gamestate 0
46150,gamestate 0
46870,gamestate 0
45792,gamestate 0
46225,gamestate 0
46501,gamestate 0
46868,gamestate 0
51566,gamestate 0
48197,gamestate 0
48995,gamestate 0
48352,gamestate 0
47169,gamestate 0
48417,gamestate 0
46956,gamestate 0
46478,gamestate 0
46220,gamestate 0
45741,gamestate 0
46214,gamestate 0
47136,gamestate 0
46538,gamestate 0
46306,gamestate 0
45632,gamestate 0
45421,gamestate 0
47308,gamestate 0
45796,gamestate 0
46305,gamestate 0
49567,gamestate 0
45762,gamestate 0
47702,gamestate 0
46932,gamestate 0
46262,gamestate 0
49331,gamestate 0
47056,gamestate 0
47924,gamestate 0
46976,gamestate 0
46036,gamestate 0
46494,gamestate 0
42709,gamestate 0
43832,gamestate 0
43347,gamestate 0
45992,gamestate 0
43019,gamestate 0
42384,gamestate 0
41370,gamestate 0
43394,gamestate 0
44715,gamestate 0
42562,gamestate 0
42580,gamestate 0
42114,gamestate 0
42082,gamestate 0
40994,gamestate 0
39546,gamestate 0
40456,gamestate 0
40079,gamestate 0
39505,gamestate 0
40833,gamestate 0
39742,gamestate 0
40618,gamestate 0
39538,gamestate 0
41974,gamestate 0
43724,gamestate 0
41519,gamestate 0
41026,gamestate 0
40142,gamestate 0
40226,gamestate 0
37810,gamestate 0
38037,gamestate 0
37885,gamestate 0
37820,gamestate 0
37114,gamestate 0
37484,gamestate 0
36353,gamestate 0
37385,gamestate 0
41311,gamestate 0
37787,gamestate 0
38577,gamestate 0
38860,gamestate 0
38887,gamestate 0
38725,gamestate 0
38223,gamestate 0
38993,gamestate 0
38902,gamestate 0
40488,gamestate 0
39539,gamestate 0
38389,gamestate 0
38263,gamestate 0
39933,gamestate 0
41487,gamestate 0
39269,gamestate 0
37370,gamestate 0
39563,gamestate 0
37155,gamestate 0
37710,gamestate 0
33068,gamestate 0
34217,gamestate 0
34306,gamestate 0
32774,gamestate 0
33483,gamestate 0
32588,gamestate 0
33565,gamestate 0
31689,gamestate 0
35510,gamestate 0
32175,gamestate 0
31914,gamestate 0
32701,gamestate 0
31597,gamestate 0
33572,gamestate 0
35768,gamestate 0
33089,gamestate 0
33082,gamestate 0
32173,gamestate 0
33932,gamestate 0
33327,gamestate 0
34378,gamestate 0
33039,gamestate 0
33468,gamestate 0
32188,gamestate 0
32323,gamestate 0
31163,gamestate 0
31995,gamestate 0
31844,gamestate 0
30939,gamestate 0
30804,gamestate 0
30173,gamestate 0
30590,gamestate 0
29823,gamestate 0
30990,gamestate 0
31880,gamestate 0
31107,gamestate 0
33193,gamestate 0
32565,gamestate 0
33798,gamestate 0
31929,gamestate 0
31601,gamestate 0
33704,gamestate 0
31731,gamestate 0
31659,gamestate 0
29706,gamestate 0
29408,gamestate 0
29249,gamestate 0
28931,gamestate 0
28085,gamestate 0
27844,gamestate 0
28755,gamestate 0
28663,gamestate 0
28185,gamestate 0
27023,gamestate 0
27759,gamestate 0
34380,gamestate 0
34084,gamestate 0
39659,gamestate 0
34213,gamestate 0
35152,gamestate 0
35797,gamestate 0
34561,gamestate 0
33190,gamestate 0
35615,gamestate 0
33628,gamestate 0
34247,gamestate 0
34862,gamestate 0
33805,gamestate 0
34297,gamestate 0
34374,gamestate 0
34527,gamestate 0
33686,gamestate 0
35032,gamestate 0
38154,gamestate 0
42946,gamestate 0
48445,gamestate 0
51550,gamestate 0
50184,gamestate 0
52687,gamestate 0
51415,gamestate 0
50491,gamestate 0
53040,gamestate 0
51207,gamestate 0
52067,gamestate 0
50975,gamestate 0
53204,gamestate 0
53294,gamestate 0
54199,gamestate 0
56393,gamestate 0
59683,gamestate 0
58928,gamestate 0
57692,gamestate 0
56362,gamestate 0
55339,gamestate 0
56255,gamestate 0
54667,gamestate 0
55098,gamestate 0
53732,gamestate 0
52988,gamestate 0
55638,gamestate 0
54146,gamestate 0
52334,gamestate 0
52341,gamestate 0
50458,gamestate 0
49727,gamestate 0
49160,gamestate 0
47242,gamestate 0
46143,gamestate 0
45232,gamestate 0
43416,gamestate 0
43838,gamestate 0
45680,gamestate 0
46149,gamestate 0
48992,gamestate 0
48896,gamestate 0
48182,gamestate 0
52071,gamestate 0
51831,gamestate 0
51501,gamestate 0
50661,gamestate 0
48740,gamestate 0
51622,gamestate 0
50423,gamestate 0
50357,gamestate 0
48634,gamestate 0
47918,gamestate 0
49032,gamestate 0
51481,gamestate 0
49975,gamestate 0
50978,gamestate 0
51260,gamestate 0
51943,gamestate 0
51231,gamestate 0
50763,gamestate 0
51615,gamestate 0
50944,gamestate 0
52175,gamestate 0
52496,gamestate 0
50438,gamestate 0
50533,gamestate 0
49905,gamestate 0
53649,gamestate 0
54784,gamestate 0
51827,gamestate 0
52777,gamestate 0
50856,gamestate 0
49580,gamestate 0
46092,gamestate 0
47355,gamestate 0
47138,gamestate 0
45498,gamestate 0
44297,gamestate 0
46580,gamestate 0
47409,gamestate 0
48310,gamestate 0
52224,gamestate 0
50926,gamestate 0
51505,gamestate 0
51362,gamestate 0
51732,gamestate 0
50204,gamestate 0
52234,gamestate 0
49232,gamestate 0
46684,gamestate 0
45391,gamestate 0
43497,gamestate 0
42394,gamestate 0
44643,gamestate 0
44149,gamestate 0
44702,gamestate 0
46036,gamestate 0
44994,gamestate 0
46068,gamestate 0
43539,gamestate 0
45183,gamestate 0
45453,gamestate 0
42238,gamestate 0
44737,gamestate 0
43035,gamestate 0
42807,gamestate 0
41787,gamestate 0
42202,gamestate 0
39877,gamestate 0
42131,gamestate 0
40698,gamestate 0
41206,gamestate 0
38290,gamestate 0
39185,gamestate 0
36408,gamestate 0
35208,gamestate 0
32996,gamestate 0
32457,gamestate 0
31083,gamestate 0
30554,gamestate 0
31026,gamestate 0
30356,gamestate 0
31120,gamestate 0
29718,gamestate 0
31244,gamestate 0
29039,gamestate 0
29201,gamestate 0
28359,gamestate 0
28521,gamestate 0
28597,gamestate 0
29303,gamestate 0
27239,gamestate 0
27661,gamestate 0
28565,gamestate 0
27882,gamestate 0
27289,gamestate 0
27609,gamestate 0
31214,gamestate 0
29807,gamestate 0
30336,gamestate 0
30067,gamestate 0
29577,gamestate 0
30895,gamestate 0
30481,gamestate 0
29841,gamestate 0
30351,gamestate 0
29496,gamestate 0
29568,gamestate 0
30700,gamestate 0
31229,gamestate 0
34445,gamestate 0
30646,gamestate 0
30495,gamestate 0
30156,gamestate 0
30626,gamestate 0
30417,gamestate 0
31233,gamestate 0
34050,gamestate 0
34116,gamestate 0
34957,gamestate 0
36991,gamestate 0
37986,gamestate 0
37367,gamestate 0
37605,gamestate 0
37759,gamestate 0
36692,gamestate 0
37426,gamestate 0
36104,gamestate 0
37542,gamestate 0
36007,gamestate 0
35708,gamestate 0
35760,gamestate 0
35206,gamestate 0
35384,gamestate 0
34272,gamestate 0
33785,gamestate 0
32202,gamestate 0
31853,gamestate 0
31876,gamestate 0
30679,gamestate 0
30385,gamestate 0
29807,gamestate 0
31558,gamestate 0
30561,gamestate 0
31935,gamestate 0
30171,gamestate 0
29240,gamestate 0
29146,gamestate 0
28958,gamestate 0
28216,gamestate 0
29326,gamestate 0
27601,gamestate 0
28985,gamestate 0
28729,gamestate 0
27681,gamestate 0
27981,gamestate 0
28933,gamestate 0
29052,gamestate 0
27886,gamestate 0
30113,gamestate 0
28753,gamestate 0
28823,gamestate 0
28834,gamestate 0
28817,gamestate 0
29418,gamestate 0
29647,gamestate 0
30254,gamestate 0
28572,gamestate 0
27942,gamestate 0
28930,gamestate 0
28529,gamestate 0
29878,gamestate 0
32385,gamestate 0
35544,gamestate 0
31291,gamestate 0
30431,gamestate 0
30530,gamestate 0
32046,gamestate 0
32952,gamestate 0
30902,gamestate 0
32946,gamestate 0
30943,gamestate 0
32870,gamestate 0
31798,gamestate 0
30857,gamestate 0
32947,gamestate 0
34335,gamestate 0
32197,gamestate 0
32936,gamestate 0
31182,gamestate 0
32787,gamestate 0
31186,gamestate 0
31029,gamestate 0
30650,gamestate 0
29595,gamestate 0
30310,gamestate 0
29705,gamestate 0
29886,gamestate 0
30897,gamestate 0
27967,gamestate 0
29034,gamestate 0
28029,gamestate 0
27854,gamestate 0
28720,gamestate 0
28598,gamestate 0
28542,gamestate 0
28076,gamestate 0
26905,gamestate 0
27787,gamestate 0
27168,gamestate 0
27904,gamestate 0
28547,gamestate 0
26712,gamestate 0
26873,gamestate 0
27097,gamestate 0
28402,gamestate 0
25729,gamestate 0
27371,gamestate 0
26613,gamestate 0
26978,gamestate 0
27545,gamestate 0
27074,gamestate 0
26668,gamestate 0
27028,gamestate 0
27215,gamestate 0
26273,gamestate 0
27248,gamestate 0
27283,gamestate 0
27413,gamestate 0
26528,gamestate 0
28403,gamestate 0
27231,gamestate 0
26380,gamestate 0
30194,gamestate 0
6489,wipe
1138,wipe
1240,wipe
5196,wipe
2953,wipe
8843,wipe
10247,wipe
13319,wipe
7119,wipe
6641,wipe
9125,wipe
8561,wipe
8388,wipe
7912,wipe
7338,wipe
7479,wipe
7339,wipe
7940,wipe
6518,wipe
5959,wipe
6077,wipe
4903,wipe
4166,wipe
3786,wipe
3189,wipe
2786,wipe
2993,wipe
2062,wipe
2234,wipe
1681,wipe
1253,wipe
1039,wipe
1244,wipe
916,wipe
852,wipe
21435,gamestate 1
14598,gamestate 1
8485,gamestate 1
11222,gamestate 1
7040,gamestate 1
5268,gamestate 1
6176,gamestate 1
5177,gamestate 1
5543,gamestate 1
11243,gamestate 1
5528,gamestate 1
5811,gamestate 1
5665,gamestate 1
6290,gamestate 1
5842,gamestate 1
5701,gamestate 1
6008,gamestate 1
5472,gamestate 1
6047,gamestate 1
6432,gamestate 1
5857,gamestate 1
5424,gamestate 1
6300,gamestate 1
5980,gamestate 1
5451,gamestate 1
6693,gamestate 1
5933,gamestate 1
6252,gamestate 1
6070,gamestate 1
6714,gamestate 1
7910,gamestate 1
6068,gamestate 1
6428,gamestate 1
5636,gamestate 1
5490,gamestate 1
6480,gamestate 1
5696,gamestate 1
5754,gamestate 1
5834,gamestate 1
5649,gamestate 1
5546,gamestate 1
6512,gamestate 1
6085,gamestate 1
5866,gamestate 1
6792,gamestate 1
6188,gamestate 1
6097,gamestate 1
5469,gamestate 1
6217,gamestate 1
6869,gamestate 1
5446,gamestate 1
6197,gamestate 1
5724,gamestate 1
5892,gamestate 1
5615,gamestate 1
6896,gamestate 1
6455,gamestate 1
7112,gamestate 1
6027,gamestate 1
5465,gamestate 1
7480,gamestate 1
5811,gamestate 1
5785,gamestate 1
5901,gamestate 1
5551,gamestate 1
6424,gamestate 1
5853,gamestate 1
7425,gamestate 1
6257,gamestate 1
6061,gamestate 1
6355,gamestate 1
6120,gamestate 1
6007,gamestate 1
5831,gamestate 1
6168,gamestate 1
6194,gamestate 1
6074,gamestate 1
6001,gamestate 1
6251,gamestate 1
6012,gamestate 1
5722,gamestate 1
6252,gamestate 1
6256,gamestate 1
5440,gamestate 1
6075,gamestate 1
5890,gamestate 1
6612,gamestate 1
6240,gamestate 1
5818,gamestate 1
6212,gamestate 1
5403,gamestate 1
6551,gamestate 1
5511,gamestate 1
7069,gamestate 1
6102,gamestate 1
6058,gamestate 1
6064,gamestate 1
5604,gamestate 1
5739,gamestate 1
5430,gamestate 1
7253,gamestate 1
5578,gamestate 1
5788,gamestate 1
5046,gamestate 1
5280,gamestate 1
4989,gamestate 1
6696,gamestate 1
4997,gamestate 1
5841,gamestate 1
5001,gamestate 1
6119,gamestate 1
5392,gamestate 1
5540,gamestate 1
5646,gamestate 1
4903,gamestate 1
5116,gamestate 1
5530,gamestate 1
5497,gamestate 1
4960,gamestate 1
6198,gamestate 1
4985,gamestate 1
6147,gamestate 1
5175,gamestate 1
5406,gamestate 1
5108,gamestate 1
5278,gamestate 1
5354,gamestate 1
6027,gamestate 1
5109,gamestate 1
5673,gamestate 1
5161,gamestate 1
6477,gamestate 1
5179,gamestate 1
5838,gamestate 1
5024,gamestate 1
6034,gamestate 1
5221,gamestate 1
5177,gamestate 1
5960,gamestate 1
6379,gamestate 1
5535,gamestate 1
5200,gamestate 1
5188,gamestate 1
5632,gamestate 1
5555,gamestate 1
5681,gamestate 1
5562,gamestate 1
4940,gamestate 1
5121,gamestate 1
4996,gamestate 1
5783,gamestate 1
4843,gamestate 1
5426,gamestate 1
5725,gamestate 1
5845,gamestate 1
4859,gamestate 1
5750,gamestate 1
5351,gamestate 1
5300,gamestate 1
5146,gamestate 1
5898,gamestate 1
5203,gamestate 1
5358,gamestate 1
5410,gamestate 1
6173,gamestate 1
5348,gamestate 1
5629,gamestate 1
5686,gamestate 1
6824,gamestate 1
5088,gamestate 1
5303,gamestate 1
6168,gamestate 1
11645,gamestate 1
5571,gamestate 1
6717,gamestate 1
5476,gamestate 1
5714,gamestate 1
5837,gamestate 1
5757,gamestate 1
4761,gamestate 1
6322,gamestate 1
5192,gamestate 1
5466,gamestate 1
4932,gamestate 1
5420,gamestate 1
5741,gamestate 1
5399,gamestate 1
4871,gamestate 1
5525,gamestate 1
5319,gamestate 1
5236,gamestate 1
5104,gamestate 1
6415,gamestate 1
4979,gamestate 1
5398,gamestate 1
4878,gamestate 1
5722,gamestate 1
5356,gamestate 1
6151,gamestate 1
4960,gamestate 1
5314,gamestate 1
4977,gamestate 1
5948,gamestate 1
5728,gamestate 1
8036,gamestate 1
7558,gamestate 1
6623,gamestate 1
5077,gamestate 1
5997,gamestate 1
4866,gamestate 1
6554,gamestate 1
5266,gamestate 1
5881,gamestate 1
5847,gamestate 1
5935,gamestate 1
5101,gamestate 1
6442,gamestate 1
6371,gamestate 1
4871,gamestate 1
5394,gamestate 1
6061,gamestate 1
5930,gamestate 1
5305,gamestate 1
5316,gamestate 1
6326,gamestate 1
5952,gamestate 1
4985,gamestate 1
6855,gamestate 1
5248,gamestate 1
5577,gamestate 1
4946,gamestate 1
5411,gamestate 1
6927,gamestate 1
5222,gamestate 1
5642,gamestate 1
5008,gamestate 1
5887,gamestate 1
5278,gamestate 1
5980,gamestate 1
5125,gamestate 1
5628,gamestate 1
6036,gamestate 1
5467,gamestate 1
5021,gamestate 1
6197,gamestate 1
5600,gamestate 1
5935,gamestate 1
5018,gamestate 1
5499,gamestate 1
6481,gamestate 1
5814,gamestate 1
7411,wipe
1688,wipe
1888,wipe
3453,wipe
3317,wipe
9066,wipe
12491,wipe
10105,wipe
9531,wipe
9444,wipe
8835,wipe
8031,wipe
8192,wipe
7349,wipe
8465,wipe
6536,wipe
6170,wipe
5623,wipe
4667,wipe
5244,wipe
4376,wipe
4288,wipe
3807,wipe
3184,wipe
3059,wipe
3982,wipe
1981,wipe
1622,wipe
1473,wipe
1576,wipe
1091,wipe
1016,wipe
946,wipe
981,wipe
851,wipe
84378,gamestate 0
51772,gamestate 0
51080,gamestate 0
50954,gamestate 0
49933,gamestate 0
51009,gamestate 0
52262,gamestate 0
51614,gamestate 0
50732,gamestate 0
50191,gamestate 0
52264,gamestate 0
52718,gamestate 0
51407,gamestate 0
53767,gamestate 0
54064,gamestate 0
52558,gamestate 0
52422,gamestate 0
51606,gamestate 0
53610,gamestate 0
51103,gamestate 0
52786,gamestate 0
53012,gamestate 0
51185,gamestate 0
Error: timed 1121 gametics in 80 realtics
