            DOOM Shareware Startup
Playing demo demo1.lmp.
V_Init: allocate screens.
M_LoadDefaults: Load system defauls.
Z_Init: Init zone memory allocation daemon.
W_Init: Init WADfiles.
 adding doom1.wad
 adding demo1.lmp
added
==================
   Shareware!
==================
M_Init: Init miscellaneous info.
R_Init: Init DOOM refresh daemon - 
InitTextures
InitFlatsR_InitSpriteLumps

InitSprites
InitColormaps
R_InitData
R_InitPointToAngle
R_InitTables
R_InitPlanes
R_InitLightTables
R_InitSkyMap
R_InitTranslationsTables
P_Init: Init Playloop state.
I_Init: Setting up machine state.
D_CheckNetGame: Checking network game status.
startskill 2 deathmatch: False startmap: 1 startepisode: 1
player 1 of 1 (1 nodes)
S_Init: Setting up sound.
S_Init: default sfx volume 64
HU_Init: Setting up heads up display.
ST_Init: Init status bar.
R_DrawColumn: dc_source read out of bounds [16]
R_DrawColumn: dc_source read out of bounds [16]
S_StartSound not imlemented
S_StartSound not imlemented
S_StartSound not imlemented
S_StartSound not imlemented
S_StartSound not imlemented
S_StartSound not imlemented
S_StartSound not imlemented
S_StartSound not imlemented
S_StartSound not imlemented
S_StartSound not imlemented
S_StartSound not imlemented
R_DrawColumn: dc_source read out of bounds [127]
S_StartSound not imlemented
S_StartSound not imlemented
S_StartSound not imlemented
S_StartSound not imlemented
S_StartSound not imlemented
R_DrawColumn: dc_source read out of bounds [127]
R_DrawColumn: dc_source read out of bounds [127]
R_DrawColumn: dc_source read out of bounds [127]
S_StartSound not imlemented
S_StartSound not imlemented
S_StartSound not imlemented
S_StartSound not imlemented
S_StartSound not imlemented
S_StartSound not imlemented
S_StartSound not imlemented
S_StartSound not imlemented
S_StartSound not imlemented
S_StartSound not imlemented
S_StartSound not imlemented
S_StartSound not imlemented
S_StartSound not imlemented
S_StartSound not imlemented
S_StartSound not imlemented
S_StartSound not imlemented
S_StartSound not imlemented
S_StartSound not imlemented
S_StartSound not imlemented
S_StartSound not imlemented
S_StartSound not imlemented
S_StartSound not imlemented
S_StartSound not imlemented
S_StartSound not imlemented
S_StartSound not imlemented
R_DrawColumn: dc_source read out of bounds [17]
R_DrawColumn: dc_source read out of bounds [36]
R_DrawColumn: dc_source read out of bounds [39]
S_StartSound not imlemented
S_StartSound not imlemented
S_StartSound not imlemented
S_StartSound not imlemented
R_DrawColumn: dc_source read out of bounds [127]
R_DrawColumn: dc_source read out of bounds [127]
R_DrawColumn: dc_source read out of bounds [127]
R_DrawColumn: dc_source read out of bounds [127]
R_DrawColumn: dc_source read out of bounds [127]
R_DrawColumn: dc_source read out of bounds [127]
R_DrawColumn: dc_source read out of bounds [127]
R_DrawColumn: dc_source read out of bounds [127]
R_DrawColumn: dc_source read out of bounds [127]
R_DrawColumn: dc_source read out of bounds [127]
R_DrawColumn: dc_source read out of bounds [127]
R_DrawColumn: dc_source read out of bounds [127]
R_DrawColumn: dc_source read out of bounds [127]
R_DrawColumn: dc_source read out of bounds [127]
R_DrawColumn: dc_source read out of bounds [127]
R_DrawColumn: dc_source read out of bounds [127]
S_StartSound not imlemented
S_StartSound not imlemented
S_StartSound not imlemented
S_StartSound not imlemented
S_StartSound not imlemented
S_StartSound not imlemented
S_StartSound not imlemented
S_StartSound not imlemented
R_DrawColumn: dc_source read out of bounds [127]
R_DrawColumn: dc_source read out of bounds [127]
R_DrawColumn: dc_source read out of bounds [127]
R_DrawColumn: dc_source read out of bounds [127]
R_DrawColumn: dc_source read out of bounds [127]
R_DrawColumn: dc_source read out of bounds [127]
R_DrawColumn: dc_source read out of bounds [127]
S_StartSound not imlemented
R_DrawColumn: dc_source read out of bounds [127]
R_DrawColumn: dc_source read out of bounds [127]
R_DrawColumn: dc_source read out of bounds [127]
R_DrawColumn: dc_source read out of bounds [127]
R_DrawColumn: dc_source read out of bounds [127]
S_StartSound not imlemented
S_StartSound not imlemented
S_StartSound not imlemented
6789,wipe
1282,wipe
1619,wipe
4982,wipe
8272,wipe
6091,wipe
6505,wipe
6389,wipe
6394,wipe
6070,wipe
3652,wipe
6592,wipe
11929,wipe
5632,wipe
5297,wipe
6070,wipe
5033,wipe
5495,wipe
4833,wipe
3956,wipe
3620,wipe
3804,wipe
3262,wipe
2717,wipe
4813,wipe
2154,wipe
2012,wipe
1783,wipe
6025,wipe
1491,wipe
1121,wipe
1178,wipe
1125,wipe
1043,wipe
965,wipe
1003,wipe
899,wipe
942,wipe
915,wipe
2468,wipe
903,wipe
913,wipe
75750,gamestate 0
45262,gamestate 0
44847,gamestate 0
44191,gamestate 0
45025,gamestate 0
44306,gamestate 0
45287,gamestate 0
44781,gamestate 0
45354,gamestate 0
45385,gamestate 0
43981,gamestate 0
44501,gamestate 0
44303,gamestate 0
44069,gamestate 0
45374,gamestate 0
44856,gamestate 0
45250,gamestate 0
44377,gamestate 0
46082,gamestate 0
44294,gamestate 0
45363,gamestate 0
44430,gamestate 0
43992,gamestate 0
43981,gamestate 0
44581,gamestate 0
44343,gamestate 0
44281,gamestate 0
42840,gamestate 0
42335,gamestate 0
43150,gamestate 0
40816,gamestate 0
40965,gamestate 0
40378,gamestate 0
40115,gamestate 0
38761,gamestate 0
38136,gamestate 0
37489,gamestate 0
36926,gamestate 0
38551,gamestate 0
39259,gamestate 0
36326,gamestate 0
36702,gamestate 0
36824,gamestate 0
37172,gamestate 0
37859,gamestate 0
41592,gamestate 0
37771,gamestate 0
36879,gamestate 0
36301,gamestate 0
38130,gamestate 0
37781,gamestate 0
37713,gamestate 0
38163,gamestate 0
38017,gamestate 0
38045,gamestate 0
38881,gamestate 0
38566,gamestate 0
36711,gamestate 0
35960,gamestate 0
33287,gamestate 0
33196,gamestate 0
33092,gamestate 0
33086,gamestate 0
33192,gamestate 0
33328,gamestate 0
34124,gamestate 0
34995,gamestate 0
35689,gamestate 0
33874,gamestate 0
33621,gamestate 0
34059,gamestate 0
33865,gamestate 0
33368,gamestate 0
33844,gamestate 0
33028,gamestate 0
34207,gamestate 0
35572,gamestate 0
37102,gamestate 0
38799,gamestate 0
39505,gamestate 0
40323,gamestate 0
39784,gamestate 0
40697,gamestate 0
39535,gamestate 0
39398,gamestate 0
39128,gamestate 0
39023,gamestate 0
37919,gamestate 0
38607,gamestate 0
39405,gamestate 0
37117,gamestate 0
38874,gamestate 0
37425,gamestate 0
36909,gamestate 0
34927,gamestate 0
34512,gamestate 0
34476,gamestate 0
33427,gamestate 0
32860,gamestate 0
35628,gamestate 0
35646,gamestate 0
32233,gamestate 0
32064,gamestate 0
30795,gamestate 0
30777,gamestate 0
31660,gamestate 0
32010,gamestate 0
31050,gamestate 0
31671,gamestate 0
30547,gamestate 0
31146,gamestate 0
31003,gamestate 0
32215,gamestate 0
31128,gamestate 0
30556,gamestate 0
31414,gamestate 0
31577,gamestate 0
31335,gamestate 0
31511,gamestate 0
30302,gamestate 0
30401,gamestate 0
30233,gamestate 0
29874,gamestate 0
30529,gamestate 0
30986,gamestate 0
30508,gamestate 0
29769,gamestate 0
30110,gamestate 0
29866,gamestate 0
30027,gamestate 0
30380,gamestate 0
30801,gamestate 0
31387,gamestate 0
31275,gamestate 0
31751,gamestate 0
31217,gamestate 0
31497,gamestate 0
32017,gamestate 0
30894,gamestate 0
31458,gamestate 0
30816,gamestate 0
31030,gamestate 0
29774,gamestate 0
29920,gamestate 0
30443,gamestate 0
29912,gamestate 0
29910,gamestate 0
30460,gamestate 0
30109,gamestate 0
30672,gamestate 0
30905,gamestate 0
31111,gamestate 0
31170,gamestate 0
31836,gamestate 0
31234,gamestate 0
33132,gamestate 0
32918,gamestate 0
32284,gamestate 0
31219,gamestate 0
31525,gamestate 0
31702,gamestate 0
31487,gamestate 0
30933,gamestate 0
30590,gamestate 0
31609,gamestate 0
31931,gamestate 0
30955,gamestate 0
32189,gamestate 0
30983,gamestate 0
32205,gamestate 0
31212,gamestate 0
31774,gamestate 0
31170,gamestate 0
33691,gamestate 0
35241,gamestate 0
31284,gamestate 0
31876,gamestate 0
28602,gamestate 0
26997,gamestate 0
29616,gamestate 0
28082,gamestate 0
27485,gamestate 0
25918,gamestate 0
25136,gamestate 0
24840,gamestate 0
25498,gamestate 0
24706,gamestate 0
25624,gamestate 0
25077,gamestate 0
26199,gamestate 0
49569,gamestate 0
32469,gamestate 0
30988,gamestate 0
30108,gamestate 0
30528,gamestate 0
30329,gamestate 0
29889,gamestate 0
31500,gamestate 0
31196,gamestate 0
30501,gamestate 0
29630,gamestate 0
34494,gamestate 0
31161,gamestate 0
30556,gamestate 0
30698,gamestate 0
29715,gamestate 0
29929,gamestate 0
30486,gamestate 0
31707,gamestate 0
35961,gamestate 0
37997,gamestate 0
52051,gamestate 0
42793,gamestate 0
42418,gamestate 0
40481,gamestate 0
40207,gamestate 0
40334,gamestate 0
40615,gamestate 0
41522,gamestate 0
45130,gamestate 0
41867,gamestate 0
41725,gamestate 0
43536,gamestate 0
43398,gamestate 0
44712,gamestate 0
48623,gamestate 0
43983,gamestate 0
45867,gamestate 0
43480,gamestate 0
44754,gamestate 0
44138,gamestate 0
43624,gamestate 0
44037,gamestate 0
43360,gamestate 0
42242,gamestate 0
43976,gamestate 0
41934,gamestate 0
42427,gamestate 0
42244,gamestate 0
42098,gamestate 0
41505,gamestate 0
41511,gamestate 0
41386,gamestate 0
40677,gamestate 0
40725,gamestate 0
41828,gamestate 0
40585,gamestate 0
40434,gamestate 0
41088,gamestate 0
41232,gamestate 0
41041,gamestate 0
42015,gamestate 0
41147,gamestate 0
41112,gamestate 0
40574,gamestate 0
40218,gamestate 0
40509,gamestate 0
41485,gamestate 0
39826,gamestate 0
40190,gamestate 0
40638,gamestate 0
40481,gamestate 0
39978,gamestate 0
39847,gamestate 0
39925,gamestate 0
39437,gamestate 0
39747,gamestate 0
39772,gamestate 0
39898,gamestate 0
39340,gamestate 0
39861,gamestate 0
38852,gamestate 0
39893,gamestate 0
39619,gamestate 0
38394,gamestate 0
38084,gamestate 0
37874,gamestate 0
38805,gamestate 0
36004,gamestate 0
35800,gamestate 0
34997,gamestate 0
37851,gamestate 0
33379,gamestate 0
31681,gamestate 0
31600,gamestate 0
31789,gamestate 0
32577,gamestate 0
31659,gamestate 0
31425,gamestate 0
32423,gamestate 0
31919,gamestate 0
31422,gamestate 0
31565,gamestate 0
32877,gamestate 0
31764,gamestate 0
32116,gamestate 0
32059,gamestate 0
31465,gamestate 0
31546,gamestate 0
31391,gamestate 0
31162,gamestate 0
30578,gamestate 0
31070,gamestate 0
30331,gamestate 0
30508,gamestate 0
30770,gamestate 0
30966,gamestate 0
31604,gamestate 0
31179,gamestate 0
32776,gamestate 0
33923,gamestate 0
33111,gamestate 0
34360,gamestate 0
33999,gamestate 0
35665,gamestate 0
34491,gamestate 0
35497,gamestate 0
34732,gamestate 0
35005,gamestate 0
33950,gamestate 0
33284,gamestate 0
33246,gamestate 0
32618,gamestate 0
33049,gamestate 0
32687,gamestate 0
33630,gamestate 0
34650,gamestate 0
33627,gamestate 0
33257,gamestate 0
35169,gamestate 0
36406,gamestate 0
36801,gamestate 0
39311,gamestate 0
38510,gamestate 0
39796,gamestate 0
39277,gamestate 0
41200,gamestate 0
39628,gamestate 0
43660,gamestate 0
40508,gamestate 0
40085,gamestate 0
39938,gamestate 0
38720,gamestate 0
38796,gamestate 0
38945,gamestate 0
40885,gamestate 0
39132,gamestate 0
41909,gamestate 0
40228,gamestate 0
43010,gamestate 0
41338,gamestate 0
40508,gamestate 0
41172,gamestate 0
39890,gamestate 0
38981,gamestate 0
40068,gamestate 0
42033,gamestate 0
39088,gamestate 0
37960,gamestate 0
37994,gamestate 0
38337,gamestate 0
40108,gamestate 0
39139,gamestate 0
39963,gamestate 0
37977,gamestate 0
38382,gamestate 0
39136,gamestate 0
37413,gamestate 0
36601,gamestate 0
36993,gamestate 0
36241,gamestate 0
35260,gamestate 0
35306,gamestate 0
36599,gamestate 0
35778,gamestate 0
39671,gamestate 0
40715,gamestate 0
40612,gamestate 0
39435,gamestate 0
41300,gamestate 0
39080,gamestate 0
38077,gamestate 0
39714,gamestate 0
41953,gamestate 0
40382,gamestate 0
40049,gamestate 0
41210,gamestate 0
42717,gamestate 0
43363,gamestate 0
47022,gamestate 0
41795,gamestate 0
41034,gamestate 0
42556,gamestate 0
41439,gamestate 0
40781,gamestate 0
40234,gamestate 0
39890,gamestate 0
40777,gamestate 0
41624,gamestate 0
40612,gamestate 0
41612,gamestate 0
42107,gamestate 0
43435,gamestate 0
42613,gamestate 0
42428,gamestate 0
42553,gamestate 0
43182,gamestate 0
44610,gamestate 0
44436,gamestate 0
45349,gamestate 0
49394,gamestate 0
45632,gamestate 0
44933,gamestate 0
44209,gamestate 0
44116,gamestate 0
45119,gamestate 0
44211,gamestate 0
43944,gamestate 0
44439,gamestate 0
43797,gamestate 0
43645,gamestate 0
43596,gamestate 0
44335,gamestate 0
43826,gamestate 0
44126,gamestate 0
44281,gamestate 0
43379,gamestate 0
44240,gamestate 0
43409,gamestate 0
45318,gamestate 0
45016,gamestate 0
44017,gamestate 0
44242,gamestate 0
44529,gamestate 0
46146,gamestate 0
45739,gamestate 0
45422,gamestate 0
44137,gamestate 0
42222,gamestate 0
41757,gamestate 0
40640,gamestate 0
41606,gamestate 0
40466,gamestate 0
41195,gamestate 0
40900,gamestate 0
40928,gamestate 0
41283,gamestate 0
43155,gamestate 0
43858,gamestate 0
41472,gamestate 0
40543,gamestate 0
39789,gamestate 0
39281,gamestate 0
40147,gamestate 0
39082,gamestate 0
38211,gamestate 0
39603,gamestate 0
38545,gamestate 0
37722,gamestate 0
36887,gamestate 0
36488,gamestate 0
36720,gamestate 0
40312,gamestate 0
40753,gamestate 0
39319,gamestate 0
37072,gamestate 0
37629,gamestate 0
36939,gamestate 0
36297,gamestate 0
36324,gamestate 0
36597,gamestate 0
35891,gamestate 0
35080,gamestate 0
36663,gamestate 0
36297,gamestate 0
36099,gamestate 0
37296,gamestate 0
35919,gamestate 0
36246,gamestate 0
37938,gamestate 0
37415,gamestate 0
36750,gamestate 0
36033,gamestate 0
37562,gamestate 0
37577,gamestate 0
37816,gamestate 0
37249,gamestate 0
36782,gamestate 0
36852,gamestate 0
37864,gamestate 0
40513,gamestate 0
37112,gamestate 0
35619,gamestate 0
36727,gamestate 0
35272,gamestate 0
35358,gamestate 0
32570,gamestate 0
32930,gamestate 0
32143,gamestate 0
31864,gamestate 0
31513,gamestate 0
30942,gamestate 0
30814,gamestate 0
30421,gamestate 0
32862,gamestate 0
30335,gamestate 0
29772,gamestate 0
30230,gamestate 0
30565,gamestate 0
30117,gamestate 0
33949,gamestate 0
31187,gamestate 0
31165,gamestate 0
33702,gamestate 0
31438,gamestate 0
31989,gamestate 0
31472,gamestate 0
31408,gamestate 0
31907,gamestate 0
30421,gamestate 0
31451,gamestate 0
29886,gamestate 0
30088,gamestate 0
30036,gamestate 0
29881,gamestate 0
29975,gamestate 0
29424,gamestate 0
30146,gamestate 0
29120,gamestate 0
29222,gamestate 0
29506,gamestate 0
30213,gamestate 0
30915,gamestate 0
30885,gamestate 0
32370,gamestate 0
31734,gamestate 0
31635,gamestate 0
31290,gamestate 0
30842,gamestate 0
29549,gamestate 0
29515,gamestate 0
31270,gamestate 0
29789,gamestate 0
28704,gamestate 0
27045,gamestate 0
27156,gamestate 0
28347,gamestate 0
27264,gamestate 0
26781,gamestate 0
27098,gamestate 0
26770,gamestate 0
34699,gamestate 0
33332,gamestate 0
38285,gamestate 0
33407,gamestate 0
33345,gamestate 0
33936,gamestate 0
33867,gamestate 0
33420,gamestate 0
33022,gamestate 0
33560,gamestate 0
33253,gamestate 0
33911,gamestate 0
33755,gamestate 0
32965,gamestate 0
34233,gamestate 0
33148,gamestate 0
33555,gamestate 0
33510,gamestate 0
37476,gamestate 0
40895,gamestate 0
45535,gamestate 0
47960,gamestate 0
47315,gamestate 0
49289,gamestate 0
48461,gamestate 0
47601,gamestate 0
47972,gamestate 0
47579,gamestate 0
48688,gamestate 0
48998,gamestate 0
50612,gamestate 0
51578,gamestate 0
51316,gamestate 0
52733,gamestate 0
54540,gamestate 0
56117,gamestate 0
58494,gamestate 0
54544,gamestate 0
52333,gamestate 0
52420,gamestate 0
53415,gamestate 0
51555,gamestate 0
50909,gamestate 0
51440,gamestate 0
53058,gamestate 0
50871,gamestate 0
50330,gamestate 0
50588,gamestate 0
47922,gamestate 0
47308,gamestate 0
45933,gamestate 0
43750,gamestate 0
43294,gamestate 0
43051,gamestate 0
41513,gamestate 0
42156,gamestate 0
44987,gamestate 0
44190,gamestate 0
45121,gamestate 0
46547,gamestate 0
46305,gamestate 0
48796,gamestate 0
48585,gamestate 0
48469,gamestate 0
49176,gamestate 0
47564,gamestate 0
47459,gamestate 0
48205,gamestate 0
48175,gamestate 0
46986,gamestate 0
48560,gamestate 0
46409,gamestate 0
48433,gamestate 0
46755,gamestate 0
48020,gamestate 0
48605,gamestate 0
49323,gamestate 0
48830,gamestate 0
47351,gamestate 0
47964,gamestate 0
48891,gamestate 0
47992,gamestate 0
49603,gamestate 0
48336,gamestate 0
47685,gamestate 0
49412,gamestate 0
52164,gamestate 0
50929,gamestate 0
49819,gamestate 0
49279,gamestate 0
49040,gamestate 0
46432,gamestate 0
44553,gamestate 0
44983,gamestate 0
43825,gamestate 0
42839,gamestate 0
42931,gamestate 0
43921,gamestate 0
45289,gamestate 0
45982,gamestate 0
48426,gamestate 0
48051,gamestate 0
48322,gamestate 0
50832,gamestate 0
54343,gamestate 0
51113,gamestate 0
49139,gamestate 0
46037,gamestate 0
45176,gamestate 0
44827,gamestate 0
42596,gamestate 0
41680,gamestate 0
41015,gamestate 0
41271,gamestate 0
43659,gamestate 0
42897,gamestate 0
42580,gamestate 0
42653,gamestate 0
41942,gamestate 0
41921,gamestate 0
45463,gamestate 0
40863,gamestate 0
41859,gamestate 0
39838,gamestate 0
39744,gamestate 0
39314,gamestate 0
40994,gamestate 0
39251,gamestate 0
38529,gamestate 0
37915,gamestate 0
38850,gamestate 0
36751,gamestate 0
35502,gamestate 0
36103,gamestate 0
37094,gamestate 0
34468,gamestate 0
33041,gamestate 0
29907,gamestate 0
29043,gamestate 0
29250,gamestate 0
29358,gamestate 0
28990,gamestate 0
29463,gamestate 0
28980,gamestate 0
27594,gamestate 0
26812,gamestate 0
26233,gamestate 0
26736,gamestate 0
26932,gamestate 0
27799,gamestate 0
29510,gamestate 0
26712,gamestate 0
26945,gamestate 0
26206,gamestate 0
25860,gamestate 0
26566,gamestate 0
29111,gamestate 0
28090,gamestate 0
28797,gamestate 0
28085,gamestate 0
28236,gamestate 0
27925,gamestate 0
28542,gamestate 0
29514,gamestate 0
28530,gamestate 0
28455,gamestate 0
27988,gamestate 0
27787,gamestate 0
27425,gamestate 0
28468,gamestate 0
27644,gamestate 0
27841,gamestate 0
28772,gamestate 0
28818,gamestate 0
28297,gamestate 0
29357,gamestate 0
31215,gamestate 0
31547,gamestate 0
33017,gamestate 0
36660,gamestate 0
35572,gamestate 0
34895,gamestate 0
34424,gamestate 0
35012,gamestate 0
34973,gamestate 0
34676,gamestate 0
34399,gamestate 0
34007,gamestate 0
33853,gamestate 0
33447,gamestate 0
33032,gamestate 0
35505,gamestate 0
32659,gamestate 0
31357,gamestate 0
31260,gamestate 0
31972,gamestate 0
32879,gamestate 0
30051,gamestate 0
30073,gamestate 0
30609,gamestate 0
30015,gamestate 0
29191,gamestate 0
29879,gamestate 0
30146,gamestate 0
29083,gamestate 0
27748,gamestate 0
28209,gamestate 0
27915,gamestate 0
26830,gamestate 0
27336,gamestate 0
26683,gamestate 0
26667,gamestate 0
26283,gamestate 0
26532,gamestate 0
26686,gamestate 0
26900,gamestate 0
26389,gamestate 0
27610,gamestate 0
26877,gamestate 0
26613,gamestate 0
26544,gamestate 0
26444,gamestate 0
26936,gamestate 0
26391,gamestate 0
26768,gamestate 0
27073,gamestate 0
30741,gamestate 0
27688,gamestate 0
26971,gamestate 0
27287,gamestate 0
27709,gamestate 0
28038,gamestate 0
27727,gamestate 0
28730,gamestate 0
28852,gamestate 0
28676,gamestate 0
29524,gamestate 0
29642,gamestate 0
29224,gamestate 0
30264,gamestate 0
27803,gamestate 0
29244,gamestate 0
28655,gamestate 0
29521,gamestate 0
29527,gamestate 0
29008,gamestate 0
28932,gamestate 0
29066,gamestate 0
29518,gamestate 0
28951,gamestate 0
29733,gamestate 0
29522,gamestate 0
29345,gamestate 0
27812,gamestate 0
27717,gamestate 0
27340,gamestate 0
27143,gamestate 0
27664,gamestate 0
26376,gamestate 0
26471,gamestate 0
26137,gamestate 0
28802,gamestate 0
27497,gamestate 0
27194,gamestate 0
26938,gamestate 0
25997,gamestate 0
26451,gamestate 0
26070,gamestate 0
25569,gamestate 0
25937,gamestate 0
26135,gamestate 0
25393,gamestate 0
25406,gamestate 0
25453,gamestate 0
25258,gamestate 0
25757,gamestate 0
25392,gamestate 0
24822,gamestate 0
24989,gamestate 0
24751,gamestate 0
25449,gamestate 0
24853,gamestate 0
26590,gamestate 0
24570,gamestate 0
25394,gamestate 0
25532,gamestate 0
25005,gamestate 0
24627,gamestate 0
25645,gamestate 0
25487,gamestate 0
25776,gamestate 0
25463,gamestate 0
27776,gamestate 0
6234,wipe
1033,wipe
1234,wipe
2259,wipe
6489,wipe
6154,wipe
4324,wipe
10194,wipe
9796,wipe
9175,wipe
8972,wipe
8528,wipe
8051,wipe
7758,wipe
7262,wipe
6808,wipe
6382,wipe
6020,wipe
5556,wipe
5238,wipe
4806,wipe
4356,wipe
3966,wipe
3540,wipe
3378,wipe
2808,wipe
2399,wipe
2037,wipe
1794,wipe
1530,wipe
1296,wipe
1148,wipe
968,wipe
897,wipe
913,wipe
20508,gamestate 1
14569,gamestate 1
7877,gamestate 1
6286,gamestate 1
5862,gamestate 1
6187,gamestate 1
5313,gamestate 1
4977,gamestate 1
5505,gamestate 1
10128,gamestate 1
5353,gamestate 1
5388,gamestate 1
5408,gamestate 1
5702,gamestate 1
5193,gamestate 1
5675,gamestate 1
5099,gamestate 1
5435,gamestate 1
5269,gamestate 1
5533,gamestate 1
5307,gamestate 1
5492,gamestate 1
5422,gamestate 1
5323,gamestate 1
5304,gamestate 1
5284,gamestate 1
5940,gamestate 1
5450,gamestate 1
5281,gamestate 1
5356,gamestate 1
7525,gamestate 1
6035,gamestate 1
5930,gamestate 1
5971,gamestate 1
5241,gamestate 1
5292,gamestate 1
5646,gamestate 1
5294,gamestate 1
5650,gamestate 1
5581,gamestate 1
6611,gamestate 1
5722,gamestate 1
5625,gamestate 1
5239,gamestate 1
6027,gamestate 1
5754,gamestate 1
5563,gamestate 1
5687,gamestate 1
5390,gamestate 1
5453,gamestate 1
5324,gamestate 1
5634,gamestate 1
5105,gamestate 1
5574,gamestate 1
5271,gamestate 1
6114,gamestate 1
5517,gamestate 1
5346,gamestate 1
5260,gamestate 1
5747,gamestate 1
5111,gamestate 1
5470,gamestate 1
5196,gamestate 1
6041,gamestate 1
5494,gamestate 1
5533,gamestate 1
5714,gamestate 1
5481,gamestate 1
5298,gamestate 1
5620,gamestate 1
5251,gamestate 1
5322,gamestate 1
5361,gamestate 1
5648,gamestate 1
5334,gamestate 1
5371,gamestate 1
5701,gamestate 1
5717,gamestate 1
5929,gamestate 1
5627,gamestate 1
5576,gamestate 1
6600,gamestate 1
5275,gamestate 1
5644,gamestate 1
5550,gamestate 1
5252,gamestate 1
5869,gamestate 1
5134,gamestate 1
5754,gamestate 1
5571,gamestate 1
5762,gamestate 1
5201,gamestate 1
5500,gamestate 1
5176,gamestate 1
5694,gamestate 1
5157,gamestate 1
5811,gamestate 1
5153,gamestate 1
5531,gamestate 1
6235,gamestate 1
6449,gamestate 1
5614,gamestate 1
4901,gamestate 1
5160,gamestate 1
4704,gamestate 1
5050,gamestate 1
4836,gamestate 1
4746,gamestate 1
5268,gamestate 1
4906,gamestate 1
5015,gamestate 1
4945,gamestate 1
4851,gamestate 1
4672,gamestate 1
5516,gamestate 1
4838,gamestate 1
4691,gamestate 1
5064,gamestate 1
4839,gamestate 1
4788,gamestate 1
4498,gamestate 1
4717,gamestate 1
5372,gamestate 1
4839,gamestate 1
4858,gamestate 1
4828,gamestate 1
4995,gamestate 1
4836,gamestate 1
4795,gamestate 1
4920,gamestate 1
4839,gamestate 1
4662,gamestate 1
5206,gamestate 1
4850,gamestate 1
5235,gamestate 1
4800,gamestate 1
5084,gamestate 1
4668,gamestate 1
5245,gamestate 1
4942,gamestate 1
5173,gamestate 1
4596,gamestate 1
4980,gamestate 1
5012,gamestate 1
4833,gamestate 1
4931,gamestate 1
4605,gamestate 1
5149,gamestate 1
4602,gamestate 1
4974,gamestate 1
4729,gamestate 1
4850,gamestate 1
4642,gamestate 1
5061,gamestate 1
4561,gamestate 1
4635,gamestate 1
5035,gamestate 1
4705,gamestate 1
4825,gamestate 1
4818,gamestate 1
5342,gamestate 1
4723,gamestate 1
4784,gamestate 1
6830,gamestate 1
5429,gamestate 1
5402,gamestate 1
5091,gamestate 1
5429,gamestate 1
5345,gamestate 1
5415,gamestate 1
5164,gamestate 1
4926,gamestate 1
5086,gamestate 1
4896,gamestate 1
4839,gamestate 1
5479,gamestate 1
5313,gamestate 1
4825,gamestate 1
5113,gamestate 1
5299,gamestate 1
4917,gamestate 1
4826,gamestate 1
5640,gamestate 1
5160,gamestate 1
4904,gamestate 1
5311,gamestate 1
4758,gamestate 1
5098,gamestate 1
5014,gamestate 1
6192,gamestate 1
4800,gamestate 1
5610,gamestate 1
4903,gamestate 1
5083,gamestate 1
5212,gamestate 1
5145,gamestate 1
5158,gamestate 1
5379,gamestate 1
5142,gamestate 1
5115,gamestate 1
4866,gamestate 1
5254,gamestate 1
5192,gamestate 1
5919,gamestate 1
4998,gamestate 1
5197,gamestate 1
4733,gamestate 1
5112,gamestate 1
4723,gamestate 1
5259,gamestate 1
4584,gamestate 1
4973,gamestate 1
4873,gamestate 1
4830,gamestate 1
4949,gamestate 1
4741,gamestate 1
5046,gamestate 1
4757,gamestate 1
4839,gamestate 1
4811,gamestate 1
4704,gamestate 1
5961,gamestate 1
5431,gamestate 1
5077,gamestate 1
5121,gamestate 1
5267,gamestate 1
5057,gamestate 1
5364,gamestate 1
5000,gamestate 1
4901,gamestate 1
5106,gamestate 1
5288,gamestate 1
4989,gamestate 1
4952,gamestate 1
4915,gamestate 1
5064,gamestate 1
4823,gamestate 1
5122,gamestate 1
4693,gamestate 1
4981,gamestate 1
4625,gamestate 1
5546,gamestate 1
4720,gamestate 1
5009,gamestate 1
4859,gamestate 1
4854,gamestate 1
4942,gamestate 1
5070,gamestate 1
5193,gamestate 1
5464,gamestate 1
5038,gamestate 1
6760,wipe
1618,wipe
2371,wipe
7703,wipe
8336,wipe
9440,wipe
9672,wipe
9631,wipe
9140,wipe
8847,wipe
8355,wipe
7929,wipe
7554,wipe
7425,wipe
6635,wipe
6273,wipe
5847,wipe
5553,wipe
5229,wipe
4708,wipe
4377,wipe
3990,wipe
3544,wipe
3163,wipe
2800,wipe
2378,wipe
1984,wipe
1741,wipe
1409,wipe
1280,wipe
1126,wipe
1014,wipe
859,wipe
914,wipe
855,wipe
83842,gamestate 0
49843,gamestate 0
47649,gamestate 0
47874,gamestate 0
47865,gamestate 0
47673,gamestate 0
48339,gamestate 0
47722,gamestate 0
49553,gamestate 0
47664,gamestate 0
48664,gamestate 0
47568,gamestate 0
48016,gamestate 0
48007,gamestate 0
49030,gamestate 0
49634,gamestate 0
49595,gamestate 0
48360,gamestate 0
50385,gamestate 0
49515,gamestate 0
48518,gamestate 0
49899,gamestate 0
49456,gamestate 0
Error: timed 1121 gametics in 77 realtics
