            DOOM Shareware Startup
Playing demo demo1.lmp.
V_Init: allocate screens.
M_LoadDefaults: Load system defauls.
Z_Init: Init zone memory allocation daemon.
W_Init: Init WADfiles.
 adding doom1.wad
 adding demo1.lmp
added
==================
   Shareware!
==================
M_Init: Init miscellaneous info.
R_Init: Init DOOM refresh daemon - 
InitTextures
InitFlatsR_InitSpriteLumps

InitSprites
InitColormaps
R_InitData
R_InitPointToAngle
R_InitTables
R_InitPlanes
R_InitLightTables
R_InitSkyMap
R_InitTranslationsTables
P_Init: Init Playloop state.
I_Init: Setting up machine state.
D_CheckNetGame: Checking network game status.
startskill 2 deathmatch: False startmap: 1 startepisode: 1
player 1 of 1 (1 nodes)
S_Init: Setting up sound.
S_Init: default sfx volume 64
HU_Init: Setting up heads up display.
ST_Init: Init status bar.
R_DrawColumn: dc_source read out of bounds [16]
R_DrawColumn: dc_source read out of bounds [16]
S_StartSound not imlemented
S_StartSound not imlemented
S_StartSound not imlemented
S_StartSound not imlemented
S_StartSound not imlemented
S_StartSound not imlemented
S_StartSound not imlemented
S_StartSound not imlemented
S_StartSound not imlemented
S_StartSound not imlemented
S_StartSound not imlemented
R_DrawColumn: dc_source read out of bounds [127]
S_StartSound not imlemented
S_StartSound not imlemented
S_StartSound not imlemented
S_StartSound not imlemented
S_StartSound not imlemented
R_DrawColumn: dc_source read out of bounds [127]
R_DrawColumn: dc_source read out of bounds [127]
R_DrawColumn: dc_source read out of bounds [127]
S_StartSound not imlemented
S_StartSound not imlemented
S_StartSound not imlemented
S_StartSound not imlemented
S_StartSound not imlemented
S_StartSound not imlemented
S_StartSound not imlemented
S_StartSound not imlemented
S_StartSound not imlemented
S_StartSound not imlemented
S_StartSound not imlemented
S_StartSound not imlemented
S_StartSound not imlemented
S_StartSound not imlemented
S_StartSound not imlemented
S_StartSound not imlemented
S_StartSound not imlemented
S_StartSound not imlemented
S_StartSound not imlemented
S_StartSound not imlemented
S_StartSound not imlemented
S_StartSound not imlemented
S_StartSound not imlemented
S_StartSound not imlemented
S_StartSound not imlemented
R_DrawColumn: dc_source read out of bounds [17]
R_DrawColumn: dc_source read out of bounds [36]
R_DrawColumn: dc_source read out of bounds [39]
S_StartSound not imlemented
S_StartSound not imlemented
S_StartSound not imlemented
S_StartSound not imlemented
R_DrawColumn: dc_source read out of bounds [127]
R_DrawColumn: dc_source read out of bounds [127]
R_DrawColumn: dc_source read out of bounds [127]
R_DrawColumn: dc_source read out of bounds [127]
R_DrawColumn: dc_source read out of bounds [127]
R_DrawColumn: dc_source read out of bounds [127]
R_DrawColumn: dc_source read out of bounds [127]
R_DrawColumn: dc_source read out of bounds [127]
R_DrawColumn: dc_source read out of bounds [127]
R_DrawColumn: dc_source read out of bounds [127]
R_DrawColumn: dc_source read out of bounds [127]
R_DrawColumn: dc_source read out of bounds [127]
R_DrawColumn: dc_source read out of bounds [127]
R_DrawColumn: dc_source read out of bounds [127]
R_DrawColumn: dc_source read out of bounds [127]
R_DrawColumn: dc_source read out of bounds [127]
S_StartSound not imlemented
S_StartSound not imlemented
S_StartSound not imlemented
S_StartSound not imlemented
S_StartSound not imlemented
S_StartSound not imlemented
S_StartSound not imlemented
S_StartSound not imlemented
R_DrawColumn: dc_source read out of bounds [127]
R_DrawColumn: dc_source read out of bounds [127]
R_DrawColumn: dc_source read out of bounds [127]
R_DrawColumn: dc_source read out of bounds [127]
R_DrawColumn: dc_source read out of bounds [127]
R_DrawColumn: dc_source read out of bounds [127]
R_DrawColumn: dc_source read out of bounds [127]
S_StartSound not imlemented
R_DrawColumn: dc_source read out of bounds [127]
R_DrawColumn: dc_source read out of bounds [127]
R_DrawColumn: dc_source read out of bounds [127]
R_DrawColumn: dc_source read out of bounds [127]
R_DrawColumn: dc_source read out of bounds [127]
S_StartSound not imlemented
S_StartSound not imlemented
S_StartSound not imlemented
7187,wipe
1305,wipe
1612,wipe
3034,wipe
3992,wipe
2400,wipe
4607,wipe
6795,wipe
6881,wipe
6982,wipe
6918,wipe
6679,wipe
12050,wipe
5994,wipe
6142,wipe
5888,wipe
6164,wipe
5161,wipe
4955,wipe
4517,wipe
4278,wipe
3915,wipe
3505,wipe
3208,wipe
5454,wipe
2640,wipe
2251,wipe
2281,wipe
6753,wipe
1668,wipe
1279,wipe
1375,wipe
1208,wipe
1141,wipe
1091,wipe
1018,wipe
1042,wipe
1008,wipe
963,wipe
1615,wipe
949,wipe
926,wipe
75488,gamestate 0
44500,gamestate 0
44694,gamestate 0
44972,gamestate 0
44176,gamestate 0
56366,gamestate 0
56014,gamestate 0
55878,gamestate 0
55433,gamestate 0
58482,gamestate 0
58317,gamestate 0
57081,gamestate 0
58884,gamestate 0
56944,gamestate 0
59229,gamestate 0
57136,gamestate 0
57755,gamestate 0
55344,gamestate 0
55194,gamestate 0
55372,gamestate 0
55701,gamestate 0
50534,gamestate 0
50846,gamestate 0
50553,gamestate 0
51305,gamestate 0
50092,gamestate 0
51814,gamestate 0
51242,gamestate 0
51319,gamestate 0
50191,gamestate 0
51913,gamestate 0
50554,gamestate 0
50018,gamestate 0
50926,gamestate 0
47239,gamestate 0
46097,gamestate 0
46715,gamestate 0
44050,gamestate 0
46950,gamestate 0
44004,gamestate 0
46682,gamestate 0
48292,gamestate 0
48078,gamestate 0
51005,gamestate 0
50751,gamestate 0
52879,gamestate 0
50569,gamestate 0
52165,gamestate 0
52919,gamestate 0
55438,gamestate 0
54190,gamestate 0
52561,gamestate 0
53113,gamestate 0
53386,gamestate 0
51675,gamestate 0
47055,gamestate 0
46446,gamestate 0
44822,gamestate 0
43389,gamestate 0
43958,gamestate 0
44202,gamestate 0
44356,gamestate 0
40803,gamestate 0
40783,gamestate 0
43222,gamestate 0
44773,gamestate 0
46346,gamestate 0
46636,gamestate 0
46272,gamestate 0
44951,gamestate 0
45304,gamestate 0
45049,gamestate 0
45011,gamestate 0
44181,gamestate 0
43449,gamestate 0
44530,gamestate 0
45175,gamestate 0
46201,gamestate 0
52178,gamestate 0
55387,gamestate 0
56197,gamestate 0
58809,gamestate 0
65183,gamestate 0
63601,gamestate 0
64021,gamestate 0
64560,gamestate 0
53067,gamestate 0
51087,gamestate 0
50009,gamestate 0
51140,gamestate 0
47049,gamestate 0
48087,gamestate 0
46147,gamestate 0
45181,gamestate 0
50313,gamestate 0
47535,gamestate 0
47311,gamestate 0
47155,gamestate 0
49196,gamestate 0
48268,gamestate 0
48043,gamestate 0
47624,gamestate 0
43718,gamestate 0
42803,gamestate 0
42749,gamestate 0
43822,gamestate 0
41867,gamestate 0
46045,gamestate 0
50914,gamestate 0
46338,gamestate 0
50054,gamestate 0
43676,gamestate 0
43562,gamestate 0
44226,gamestate 0
46438,gamestate 0
48398,gamestate 0
46719,gamestate 0
47249,gamestate 0
45406,gamestate 0
42579,gamestate 0
42806,gamestate 0
40319,gamestate 0
39727,gamestate 0
38894,gamestate 0
39873,gamestate 0
42973,gamestate 0
42686,gamestate 0
43717,gamestate 0
43192,gamestate 0
47708,gamestate 0
43909,gamestate 0
44283,gamestate 0
43196,gamestate 0
42191,gamestate 0
42646,gamestate 0
42158,gamestate 0
42682,gamestate 0
39240,gamestate 0
38804,gamestate 0
42871,gamestate 0
38820,gamestate 0
41685,gamestate 0
41096,gamestate 0
41462,gamestate 0
37169,gamestate 0
40281,gamestate 0
38953,gamestate 0
39725,gamestate 0
39575,gamestate 0
39970,gamestate 0
37948,gamestate 0
40180,gamestate 0
41036,gamestate 0
48313,gamestate 0
41446,gamestate 0
41741,gamestate 0
41427,gamestate 0
42523,gamestate 0
39175,gamestate 0
38704,gamestate 0
39522,gamestate 0
38976,gamestate 0
39578,gamestate 0
39722,gamestate 0
40689,gamestate 0
38594,gamestate 0
37703,gamestate 0
46152,gamestate 0
44451,gamestate 0
46808,gamestate 0
47102,gamestate 0
47090,gamestate 0
45084,gamestate 0
43315,gamestate 0
42699,gamestate 0
42572,gamestate 0
37294,gamestate 0
41539,gamestate 0
38987,gamestate 0
38969,gamestate 0
41635,gamestate 0
37840,gamestate 0
37577,gamestate 0
35722,gamestate 0
37480,gamestate 0
37859,gamestate 0
37801,gamestate 0
37912,gamestate 0
40818,gamestate 0
38737,gamestate 0
97630,gamestate 0
63376,gamestate 0
63330,gamestate 0
62520,gamestate 0
64950,gamestate 0
62141,gamestate 0
61913,gamestate 0
77498,gamestate 0
63184,gamestate 0
62824,gamestate 0
62345,gamestate 0
88682,gamestate 0
62012,gamestate 0
64170,gamestate 0
62542,gamestate 0
86379,gamestate 0
61815,gamestate 0
63560,gamestate 0
63788,gamestate 0
87016,gamestate 0
70091,gamestate 0
85042,gamestate 0
72839,gamestate 0
87995,gamestate 0
72688,gamestate 0
74000,gamestate 0
73805,gamestate 0
90487,gamestate 0
82458,gamestate 0
85851,gamestate 0
94610,gamestate 0
106532,gamestate 0
83118,gamestate 0
80317,gamestate 0
69828,gamestate 0
63665,gamestate 0
67212,gamestate 0
66791,gamestate 0
67038,gamestate 0
82532,gamestate 0
69239,gamestate 0
70542,gamestate 0
72344,gamestate 0
88985,gamestate 0
68641,gamestate 0
251527,gamestate 0
67233,gamestate 0
79838,gamestate 0
65069,gamestate 0
65189,gamestate 0
64364,gamestate 0
78479,gamestate 0
64087,gamestate 0
64462,gamestate 0
62712,gamestate 0
84574,gamestate 0
76888,gamestate 0
67656,gamestate 0
67117,gamestate 0
94709,gamestate 0
79637,gamestate 0
90958,gamestate 0
89085,gamestate 0
106708,gamestate 0
74254,gamestate 0
86051,gamestate 0
70885,gamestate 0
89079,gamestate 0
63829,gamestate 0
77471,gamestate 0
63504,gamestate 0
71880,gamestate 0
52948,gamestate 0
62383,gamestate 0
52246,gamestate 0
72271,gamestate 0
54109,gamestate 0
55262,gamestate 0
62253,gamestate 0
81513,gamestate 0
54785,gamestate 0
53629,gamestate 0
54169,gamestate 0
70953,gamestate 0
51805,gamestate 0
54627,gamestate 0
57464,gamestate 0
367426,gamestate 0
61256,gamestate 0
51873,gamestate 0
45552,gamestate 0
62655,gamestate 0
42401,gamestate 0
43378,gamestate 0
41940,gamestate 0
55410,gamestate 0
40363,gamestate 0
40402,gamestate 0
40029,gamestate 0
54211,gamestate 0
39143,gamestate 0
38202,gamestate 0
39639,gamestate 0
65031,gamestate 0
43199,gamestate 0
43095,gamestate 0
43231,gamestate 0
64112,gamestate 0
44051,gamestate 0
44406,gamestate 0
43146,gamestate 0
68565,gamestate 0
41747,gamestate 0
41356,gamestate 0
42390,gamestate 0
64780,gamestate 0
39242,gamestate 0
39990,gamestate 0
39883,gamestate 0
74860,gamestate 0
43510,gamestate 0
44259,gamestate 0
44714,gamestate 0
76241,gamestate 0
47491,gamestate 0
47179,gamestate 0
48508,gamestate 0
77194,gamestate 0
46376,gamestate 0
46292,gamestate 0
47056,gamestate 0
89732,gamestate 0
40944,gamestate 0
41380,gamestate 0
40847,gamestate 0
94154,gamestate 0
43498,gamestate 0
43778,gamestate 0
44671,gamestate 0
76083,gamestate 0
44964,gamestate 0
47017,gamestate 0
44899,gamestate 0
71205,gamestate 0
45674,gamestate 0
47483,gamestate 0
46381,gamestate 0
88912,gamestate 0
49212,gamestate 0
51051,gamestate 0
50605,gamestate 0
85816,gamestate 0
46826,gamestate 0
49255,gamestate 0
48475,gamestate 0
93321,gamestate 0
49017,gamestate 0
240212,gamestate 0
48849,gamestate 0
75203,gamestate 0
48276,gamestate 0
48912,gamestate 0
59437,gamestate 0
72262,gamestate 0
49202,gamestate 0
49408,gamestate 0
64195,gamestate 0
74888,gamestate 0
50835,gamestate 0
50676,gamestate 0
64888,gamestate 0
251215,gamestate 0
58673,gamestate 0
57622,gamestate 0
54151,gamestate 0
147000,gamestate 0
76072,gamestate 0
52114,gamestate 0
48406,gamestate 0
114403,gamestate 0
49104,gamestate 0
50756,gamestate 0
100284,gamestate 0
66186,gamestate 0
49869,gamestate 0
337732,gamestate 0
56450,gamestate 0
74398,gamestate 0
115019,gamestate 0
62655,gamestate 0
56403,gamestate 0
180251,gamestate 0
51540,gamestate 0
53489,gamestate 0
47382,gamestate 0
178223,gamestate 0
70965,gamestate 0
56381,gamestate 0
116473,gamestate 0
368246,gamestate 0
90503,gamestate 0
67517,gamestate 0
50760,gamestate 0
52121,gamestate 0
94077,gamestate 0
50013,gamestate 0
50021,gamestate 0
52352,gamestate 0
88401,gamestate 0
54463,gamestate 0
53788,gamestate 0
54844,gamestate 0
89357,gamestate 0
56800,gamestate 0
55318,gamestate 0
58319,gamestate 0
98612,gamestate 0
59448,gamestate 0
56963,gamestate 0
59403,gamestate 0
130184,gamestate 0
73210,gamestate 0
73707,gamestate 0
65758,gamestate 0
104307,gamestate 0
63455,gamestate 0
144156,gamestate 0
67936,gamestate 0
126916,gamestate 0
88809,gamestate 0
72836,gamestate 0
73874,gamestate 0
134784,gamestate 0
69629,gamestate 0
72493,gamestate 0
90719,gamestate 0
102514,gamestate 0
66445,gamestate 0
282926,gamestate 0
61932,gamestate 0
129152,gamestate 0
76222,gamestate 0
64073,gamestate 0
66029,gamestate 0
324583,gamestate 0
70095,gamestate 0
76344,gamestate 0
98026,gamestate 0
122980,gamestate 0
89725,gamestate 0
92488,gamestate 0
73193,gamestate 0
85050,gamestate 0
93788,gamestate 0
80303,gamestate 0
63804,gamestate 0
85731,gamestate 0
69992,gamestate 0
352349,gamestate 0
73297,gamestate 0
82063,gamestate 0
77870,gamestate 0
81947,gamestate 0
71794,gamestate 0
91989,gamestate 0
89180,gamestate 0
63050,gamestate 0
66827,gamestate 0
116258,gamestate 0
56946,gamestate 0
58441,gamestate 0
135541,gamestate 0
320005,gamestate 0
66056,gamestate 0
75277,gamestate 0
65353,gamestate 0
88135,gamestate 0
76508,gamestate 0
62997,gamestate 0
64974,gamestate 0
198363,gamestate 0
62506,gamestate 0
69609,gamestate 0
75282,gamestate 0
89574,gamestate 0
55040,gamestate 0
466486,gamestate 0
56504,gamestate 0
83709,gamestate 0
76427,gamestate 0
60263,gamestate 0
59186,gamestate 0
109328,gamestate 0
62154,gamestate 0
63519,gamestate 0
77892,gamestate 0
96640,gamestate 0
62440,gamestate 0
80119,gamestate 0
58638,gamestate 0
505790,gamestate 0
76569,gamestate 0
46768,gamestate 0
55377,gamestate 0
54648,gamestate 0
108659,gamestate 0
52003,gamestate 0
57076,gamestate 0
70079,gamestate 0
77522,gamestate 0
54484,gamestate 0
61230,gamestate 0
49987,gamestate 0
80320,gamestate 0
67545,gamestate 0
50984,gamestate 0
52977,gamestate 0
89614,gamestate 0
53363,gamestate 0
48708,gamestate 0
68740,gamestate 0
61037,gamestate 0
41197,gamestate 0
59139,gamestate 0
41491,gamestate 0
70420,gamestate 0
52299,gamestate 0
38960,gamestate 0
39750,gamestate 0
126977,gamestate 0
38909,gamestate 0
37367,gamestate 0
49178,gamestate 0
63048,gamestate 0
39451,gamestate 0
126235,gamestate 0
39190,gamestate 0
73262,gamestate 0
55016,gamestate 0
38864,gamestate 0
38453,gamestate 0
73977,gamestate 0
39028,gamestate 0
38335,gamestate 0
59731,gamestate 0
56798,gamestate 0
36520,gamestate 0
136910,gamestate 0
36016,gamestate 0
61743,gamestate 0
39794,gamestate 0
103062,gamestate 0
35732,gamestate 0
61488,gamestate 0
44932,gamestate 0
36257,gamestate 0
38778,gamestate 0
81226,gamestate 0
37628,gamestate 0
36950,gamestate 0
51755,gamestate 0
101269,gamestate 0
55628,gamestate 0
107394,gamestate 0
57390,gamestate 0
76759,gamestate 0
156344,gamestate 0
55171,gamestate 0
55117,gamestate 0
102338,gamestate 0
55138,gamestate 0
56437,gamestate 0
86458,gamestate 0
83150,gamestate 0
57348,gamestate 0
154588,gamestate 0
57154,gamestate 0
101903,gamestate 0
87411,gamestate 0
59575,gamestate 0
64640,gamestate 0
120299,gamestate 0
71841,gamestate 0
72350,gamestate 0
98862,gamestate 0
170512,gamestate 0
72807,gamestate 0
106709,gamestate 0
72635,gamestate 0
115953,gamestate 0
109588,gamestate 0
254506,gamestate 0
87729,gamestate 0
131801,gamestate 0
79428,gamestate 0
76048,gamestate 0
77070,gamestate 0
106430,gamestate 0
73925,gamestate 0
104429,gamestate 0
86667,gamestate 0
91190,gamestate 0
82274,gamestate 0
75625,gamestate 0
67860,gamestate 0
246979,gamestate 0
76256,gamestate 0
74951,gamestate 0
100938,gamestate 0
88076,gamestate 0
62248,gamestate 0
130847,gamestate 0
60737,gamestate 0
83150,gamestate 0
107140,gamestate 0
73764,gamestate 0
58274,gamestate 0
98801,gamestate 0
54469,gamestate 0
183325,gamestate 0
68205,gamestate 0
84386,gamestate 0
61569,gamestate 0
71816,gamestate 0
60003,gamestate 0
89900,gamestate 0
73140,gamestate 0
69959,gamestate 0
60439,gamestate 0
117593,gamestate 0
59361,gamestate 0
57160,gamestate 0
66414,gamestate 0
209451,gamestate 0
52736,gamestate 0
68726,gamestate 0
57222,gamestate 0
90718,gamestate 0
71965,gamestate 0
53802,gamestate 0
53900,gamestate 0
120209,gamestate 0
56136,gamestate 0
70612,gamestate 0
67932,gamestate 0
84648,gamestate 0
54246,gamestate 0
202686,gamestate 0
59279,gamestate 0
95042,gamestate 0
107528,gamestate 0
55150,gamestate 0
52789,gamestate 0
96106,gamestate 0
51508,gamestate 0
47762,gamestate 0
63197,gamestate 0
90552,gamestate 0
47463,gamestate 0
61231,gamestate 0
50268,gamestate 0
380327,gamestate 0
66532,gamestate 0
57082,gamestate 0
55992,gamestate 0
91119,gamestate 0
55841,gamestate 0
53951,gamestate 0
67572,gamestate 0
73806,gamestate 0
52242,gamestate 0
64878,gamestate 0
48368,gamestate 0
66122,gamestate 0
60536,gamestate 0
49731,gamestate 0
49580,gamestate 0
131871,gamestate 0
49864,gamestate 0
50754,gamestate 0
63131,gamestate 0
75087,gamestate 0
55362,gamestate 0
118281,gamestate 0
49461,gamestate 0
68883,gamestate 0
64107,gamestate 0
48526,gamestate 0
45504,gamestate 0
84353,gamestate 0
47176,gamestate 0
45903,gamestate 0
74903,gamestate 0
68055,gamestate 0
43011,gamestate 0
104269,gamestate 0
43465,gamestate 0
65562,gamestate 0
51875,gamestate 0
39637,gamestate 0
37366,gamestate 0
90931,gamestate 0
36609,gamestate 0
39882,gamestate 0
109457,gamestate 0
61970,gamestate 0
38382,gamestate 0
44815,gamestate 0
38712,gamestate 0
68869,gamestate 0
60186,gamestate 0
49892,gamestate 0
51183,gamestate 0
78729,gamestate 0
42958,gamestate 0
42482,gamestate 0
53428,gamestate 0
166436,gamestate 0
97618,gamestate 0
111348,gamestate 0
96703,gamestate 0
124399,gamestate 0
109967,gamestate 0
97644,gamestate 0
98106,gamestate 0
135954,gamestate 0
97760,gamestate 0
97218,gamestate 0
113985,gamestate 0
122185,gamestate 0
97436,gamestate 0
111185,gamestate 0
97293,gamestate 0
124186,gamestate 0
112780,gamestate 0
99496,gamestate 0
99315,gamestate 0
138569,gamestate 0
100309,gamestate 0
102057,gamestate 0
153571,gamestate 0
129912,gamestate 0
106044,gamestate 0
120842,gamestate 0
102468,gamestate 0
127184,gamestate 0
109583,gamestate 0
103469,gamestate 0
104505,gamestate 0
131846,gamestate 0
101345,gamestate 0
88389,gamestate 0
56756,gamestate 0
105209,gamestate 0
77313,gamestate 0
94338,gamestate 0
82617,gamestate 0
109645,gamestate 0
94578,gamestate 0
83331,gamestate 0
83141,gamestate 0
107426,gamestate 0
71048,gamestate 0
70791,gamestate 0
128041,gamestate 0
87638,gamestate 0
67421,gamestate 0
114501,gamestate 0
65290,gamestate 0
87101,gamestate 0
77748,gamestate 0
64913,gamestate 0
65595,gamestate 0
99128,gamestate 0
66185,gamestate 0
66792,gamestate 0
78366,gamestate 0
105908,gamestate 0
72339,gamestate 0
85898,gamestate 0
73113,gamestate 0
91615,gamestate 0
86570,gamestate 0
75824,gamestate 0
81473,gamestate 0
107582,gamestate 0
78637,gamestate 0
78402,gamestate 0
61415,gamestate 0
62735,gamestate 0
44753,gamestate 0
61422,gamestate 0
44603,gamestate 0
63101,gamestate 0
62373,gamestate 0
46570,gamestate 0
45388,gamestate 0
89071,gamestate 0
46562,gamestate 0
46081,gamestate 0
66928,gamestate 0
64729,gamestate 0
46930,gamestate 0
78903,gamestate 0
47755,gamestate 0
66423,gamestate 0
63798,gamestate 0
48062,gamestate 0
47062,gamestate 0
83722,gamestate 0
46784,gamestate 0
46745,gamestate 0
62807,gamestate 0
70697,gamestate 0
45323,gamestate 0
61285,gamestate 0
35647,gamestate 0
64946,gamestate 0
35023,gamestate 0
52660,gamestate 0
36198,gamestate 0
62633,gamestate 0
47736,gamestate 0
36786,gamestate 0
35832,gamestate 0
72144,gamestate 0
34106,gamestate 0
33836,gamestate 0
47748,gamestate 0
62346,gamestate 0
38258,gamestate 0
50961,gamestate 0
38196,gamestate 0
59319,gamestate 0
54933,gamestate 0
38652,gamestate 0
37525,gamestate 0
75579,gamestate 0
37954,gamestate 0
38449,gamestate 0
50057,gamestate 0
99806,gamestate 0
39906,gamestate 0
97018,gamestate 0
38776,gamestate 0
59122,gamestate 0
47250,gamestate 0
37378,gamestate 0
37162,gamestate 0
69657,gamestate 0
37686,gamestate 0
37215,gamestate 0
80086,gamestate 0
84072,gamestate 0
6269,wipe
1169,wipe
1493,wipe
4023,wipe
6656,wipe
6814,wipe
4244,wipe
10610,wipe
10143,wipe
9769,wipe
9097,wipe
9548,wipe
9198,wipe
9057,wipe
7212,wipe
6986,wipe
8046,wipe
6076,wipe
5729,wipe
7545,wipe
5066,wipe
4510,wipe
4132,wipe
3743,wipe
3422,wipe
2993,wipe
2602,wipe
2179,wipe
1890,wipe
1622,wipe
1405,wipe
1163,wipe
936,wipe
987,wipe
982,wipe
21780,gamestate 1
15312,gamestate 1
8623,gamestate 1
6759,gamestate 1
5717,gamestate 1
5422,gamestate 1
5257,gamestate 1
5208,gamestate 1
5402,gamestate 1
10069,gamestate 1
5430,gamestate 1
5583,gamestate 1
5585,gamestate 1
5557,gamestate 1
5575,gamestate 1
5835,gamestate 1
5810,gamestate 1
5686,gamestate 1
5532,gamestate 1
5950,gamestate 1
5413,gamestate 1
5980,gamestate 1
5791,gamestate 1
5312,gamestate 1
5589,gamestate 1
6300,gamestate 1
5599,gamestate 1
5245,gamestate 1
5722,gamestate 1
5742,gamestate 1
5602,gamestate 1
5878,gamestate 1
5473,gamestate 1
5419,gamestate 1
6334,gamestate 1
5440,gamestate 1
5639,gamestate 1
5554,gamestate 1
5599,gamestate 1
5677,gamestate 1
5552,gamestate 1
5481,gamestate 1
5556,gamestate 1
6026,gamestate 1
5459,gamestate 1
5419,gamestate 1
5483,gamestate 1
5699,gamestate 1
5425,gamestate 1
5664,gamestate 1
5276,gamestate 1
5683,gamestate 1
5615,gamestate 1
5631,gamestate 1
5616,gamestate 1
5475,gamestate 1
7194,gamestate 1
12879,gamestate 1
5642,gamestate 1
5689,gamestate 1
5506,gamestate 1
5533,gamestate 1
5543,gamestate 1
5501,gamestate 1
5792,gamestate 1
6024,gamestate 1
5903,gamestate 1
5345,gamestate 1
6043,gamestate 1
5815,gamestate 1
5787,gamestate 1
5642,gamestate 1
5756,gamestate 1
5648,gamestate 1
5600,gamestate 1
5463,gamestate 1
5435,gamestate 1
5657,gamestate 1
5536,gamestate 1
5368,gamestate 1
6462,gamestate 1
5740,gamestate 1
5455,gamestate 1
5917,gamestate 1
5479,gamestate 1
5521,gamestate 1
5703,gamestate 1
5839,gamestate 1
5590,gamestate 1
5526,gamestate 1
5287,gamestate 1
5639,gamestate 1
5585,gamestate 1
5619,gamestate 1
5364,gamestate 1
5580,gamestate 1
5284,gamestate 1
5524,gamestate 1
5617,gamestate 1
5653,gamestate 1
7009,gamestate 1
4780,gamestate 1
5236,gamestate 1
5026,gamestate 1
5263,gamestate 1
4829,gamestate 1
5084,gamestate 1
5390,gamestate 1
4946,gamestate 1
5288,gamestate 1
5376,gamestate 1
5018,gamestate 1
4947,gamestate 1
5309,gamestate 1
4892,gamestate 1
4863,gamestate 1
4916,gamestate 1
4979,gamestate 1
4893,gamestate 1
4998,gamestate 1
5000,gamestate 1
4905,gamestate 1
4879,gamestate 1
5435,gamestate 1
4926,gamestate 1
4867,gamestate 1
5133,gamestate 1
4985,gamestate 1
5232,gamestate 1
5008,gamestate 1
5506,gamestate 1
4925,gamestate 1
5050,gamestate 1
5021,gamestate 1
5128,gamestate 1
5152,gamestate 1
5076,gamestate 1
4917,gamestate 1
5145,gamestate 1
4884,gamestate 1
5187,gamestate 1
5098,gamestate 1
5011,gamestate 1
5184,gamestate 1
5165,gamestate 1
4702,gamestate 1
4864,gamestate 1
4958,gamestate 1
4886,gamestate 1
4951,gamestate 1
5467,gamestate 1
4960,gamestate 1
4693,gamestate 1
5092,gamestate 1
4814,gamestate 1
5113,gamestate 1
4796,gamestate 1
5199,gamestate 1
4864,gamestate 1
5140,gamestate 1
5048,gamestate 1
4914,gamestate 1
5249,gamestate 1
5132,gamestate 1
5144,gamestate 1
4962,gamestate 1
5277,gamestate 1
5115,gamestate 1
5018,gamestate 1
4939,gamestate 1
5306,gamestate 1
5269,gamestate 1
5724,gamestate 1
5206,gamestate 1
5493,gamestate 1
4887,gamestate 1
5282,gamestate 1
4723,gamestate 1
5022,gamestate 1
4922,gamestate 1
4947,gamestate 1
4712,gamestate 1
5109,gamestate 1
5244,gamestate 1
4725,gamestate 1
5137,gamestate 1
4870,gamestate 1
4900,gamestate 1
4718,gamestate 1
5200,gamestate 1
4799,gamestate 1
5550,gamestate 1
5371,gamestate 1
5084,gamestate 1
4860,gamestate 1
5160,gamestate 1
5022,gamestate 1
5146,gamestate 1
5033,gamestate 1
5221,gamestate 1
4987,gamestate 1
5088,gamestate 1
5173,gamestate 1
5040,gamestate 1
5244,gamestate 1
4858,gamestate 1
5414,gamestate 1
4824,gamestate 1
5170,gamestate 1
4827,gamestate 1
4998,gamestate 1
4733,gamestate 1
5325,gamestate 1
4752,gamestate 1
5134,gamestate 1
4743,gamestate 1
5116,gamestate 1
5075,gamestate 1
5021,gamestate 1
4903,gamestate 1
4966,gamestate 1
4910,gamestate 1
5324,gamestate 1
5243,gamestate 1
5053,gamestate 1
5100,gamestate 1
4938,gamestate 1
5062,gamestate 1
5049,gamestate 1
5134,gamestate 1
5006,gamestate 1
4966,gamestate 1
5953,gamestate 1
5161,gamestate 1
5024,gamestate 1
5102,gamestate 1
5047,gamestate 1
5102,gamestate 1
4993,gamestate 1
5181,gamestate 1
4861,gamestate 1
5111,gamestate 1
5202,gamestate 1
5139,gamestate 1
5020,gamestate 1
5125,gamestate 1
5126,gamestate 1
6105,gamestate 1
5215,gamestate 1
5000,gamestate 1
5037,gamestate 1
6984,wipe
1607,wipe
1821,wipe
2445,wipe
8372,wipe
9268,wipe
9920,wipe
7094,wipe
3948,wipe
7806,wipe
9341,wipe
9001,wipe
8416,wipe
8335,wipe
7841,wipe
6749,wipe
6074,wipe
8008,wipe
6045,wipe
5312,wipe
4640,wipe
4227,wipe
3720,wipe
3233,wipe
3066,wipe
2579,wipe
2107,wipe
1747,wipe
1564,wipe
1396,wipe
1216,wipe
1072,wipe
1176,wipe
994,wipe
953,wipe
83058,gamestate 0
49782,gamestate 0
48919,gamestate 0
49666,gamestate 0
48960,gamestate 0
49366,gamestate 0
52071,gamestate 0
48765,gamestate 0
49528,gamestate 0
50690,gamestate 0
50318,gamestate 0
50406,gamestate 0
51577,gamestate 0
49724,gamestate 0
49999,gamestate 0
50140,gamestate 0
50559,gamestate 0
49478,gamestate 0
49794,gamestate 0
51381,gamestate 0
50490,gamestate 0
51992,gamestate 0
49177,gamestate 0
Error: timed 1121 gametics in 77 realtics
