            DOOM Shareware Startup
Playing demo demo1.lmp.
V_Init: allocate screens.
M_LoadDefaults: Load system defauls.
Z_Init: Init zone memory allocation daemon.
W_Init: Init WADfiles.
 adding doom1.wad
 adding demo1.lmp
added
==================
   Shareware!
==================
M_Init: Init miscellaneous info.
R_Init: Init DOOM refresh daemon - 
InitTextures
InitFlatsR_InitSpriteLumps

InitSprites
InitColormaps
R_InitData
R_InitPointToAngle
R_InitTables
R_InitPlanes
R_InitLightTables
R_InitSkyMap
R_InitTranslationsTables
P_Init: Init Playloop state.
I_Init: Setting up machine state.
D_CheckNetGame: Checking network game status.
startskill 2 deathmatch: False startmap: 1 startepisode: 1
player 1 of 1 (1 nodes)
S_Init: Setting up sound.
S_Init: default sfx volume 64
HU_Init: Setting up heads up display.
ST_Init: Init status bar.
R_DrawColumn: dc_source read out of bounds [16]
R_DrawColumn: dc_source read out of bounds [16]
S_StartSound not imlemented
S_StartSound not imlemented
S_StartSound not imlemented
S_StartSound not imlemented
S_StartSound not imlemented
S_StartSound not imlemented
S_StartSound not imlemented
S_StartSound not imlemented
S_StartSound not imlemented
S_StartSound not imlemented
S_StartSound not imlemented
R_DrawColumn: dc_source read out of bounds [127]
S_StartSound not imlemented
S_StartSound not imlemented
S_StartSound not imlemented
S_StartSound not imlemented
S_StartSound not imlemented
R_DrawColumn: dc_source read out of bounds [127]
R_DrawColumn: dc_source read out of bounds [127]
R_DrawColumn: dc_source read out of bounds [127]
S_StartSound not imlemented
S_StartSound not imlemented
S_StartSound not imlemented
S_StartSound not imlemented
S_StartSound not imlemented
S_StartSound not imlemented
S_StartSound not imlemented
S_StartSound not imlemented
S_StartSound not imlemented
S_StartSound not imlemented
S_StartSound not imlemented
S_StartSound not imlemented
S_StartSound not imlemented
S_StartSound not imlemented
S_StartSound not imlemented
S_StartSound not imlemented
S_StartSound not imlemented
S_StartSound not imlemented
S_StartSound not imlemented
S_StartSound not imlemented
S_StartSound not imlemented
S_StartSound not imlemented
S_StartSound not imlemented
S_StartSound not imlemented
S_StartSound not imlemented
R_DrawColumn: dc_source read out of bounds [17]
R_DrawColumn: dc_source read out of bounds [36]
R_DrawColumn: dc_source read out of bounds [39]
S_StartSound not imlemented
S_StartSound not imlemented
S_StartSound not imlemented
S_StartSound not imlemented
R_DrawColumn: dc_source read out of bounds [127]
R_DrawColumn: dc_source read out of bounds [127]
R_DrawColumn: dc_source read out of bounds [127]
R_DrawColumn: dc_source read out of bounds [127]
R_DrawColumn: dc_source read out of bounds [127]
R_DrawColumn: dc_source read out of bounds [127]
R_DrawColumn: dc_source read out of bounds [127]
R_DrawColumn: dc_source read out of bounds [127]
R_DrawColumn: dc_source read out of bounds [127]
R_DrawColumn: dc_source read out of bounds [127]
R_DrawColumn: dc_source read out of bounds [127]
R_DrawColumn: dc_source read out of bounds [127]
R_DrawColumn: dc_source read out of bounds [127]
R_DrawColumn: dc_source read out of bounds [127]
R_DrawColumn: dc_source read out of bounds [127]
R_DrawColumn: dc_source read out of bounds [127]
S_StartSound not imlemented
S_StartSound not imlemented
S_StartSound not imlemented
S_StartSound not imlemented
S_StartSound not imlemented
S_StartSound not imlemented
S_StartSound not imlemented
S_StartSound not imlemented
R_DrawColumn: dc_source read out of bounds [127]
R_DrawColumn: dc_source read out of bounds [127]
R_DrawColumn: dc_source read out of bounds [127]
R_DrawColumn: dc_source read out of bounds [127]
R_DrawColumn: dc_source read out of bounds [127]
R_DrawColumn: dc_source read out of bounds [127]
R_DrawColumn: dc_source read out of bounds [127]
S_StartSound not imlemented
R_DrawColumn: dc_source read out of bounds [127]
R_DrawColumn: dc_source read out of bounds [127]
R_DrawColumn: dc_source read out of bounds [127]
R_DrawColumn: dc_source read out of bounds [127]
R_DrawColumn: dc_source read out of bounds [127]
S_StartSound not imlemented
S_StartSound not imlemented
S_StartSound not imlemented
2482,wipe
1348,wipe
1543,wipe
2311,wipe
5641,wipe
2355,wipe
2819,wipe
2517,wipe
2450,wipe
2568,wipe
2331,wipe
2416,wipe
8913,wipe
2589,wipe
2205,wipe
2095,wipe
2662,wipe
3045,wipe
1991,wipe
1845,wipe
1861,wipe
1691,wipe
4823,wipe
1507,wipe
1522,wipe
1562,wipe
1279,wipe
1496,wipe
7957,wipe
1104,wipe
1117,wipe
1577,wipe
977,wipe
1081,wipe
1056,wipe
968,wipe
1072,wipe
995,wipe
894,wipe
2410,wipe
934,wipe
1646,wipe
56362,gamestate 0
27026,gamestate 0
29532,gamestate 0
28360,gamestate 0
29390,gamestate 0
23334,gamestate 0
26366,gamestate 0
26765,gamestate 0
27205,gamestate 0
25760,gamestate 0
25479,gamestate 0
25618,gamestate 0
26097,gamestate 0
26139,gamestate 0
25963,gamestate 0
25571,gamestate 0
25034,gamestate 0
27159,gamestate 0
26549,gamestate 0
26667,gamestate 0
25562,gamestate 0
26138,gamestate 0
25529,gamestate 0
25605,gamestate 0
53819,gamestate 0
39123,gamestate 0
24009,gamestate 0
24544,gamestate 0
22166,gamestate 0
21754,gamestate 0
21554,gamestate 0
21571,gamestate 0
21126,gamestate 0
20489,gamestate 0
20849,gamestate 0
19445,gamestate 0
19891,gamestate 0
18736,gamestate 0
18858,gamestate 0
19507,gamestate 0
18345,gamestate 0
18794,gamestate 0
19733,gamestate 0
18882,gamestate 0
18750,gamestate 0
18335,gamestate 0
19475,gamestate 0
19114,gamestate 0
18550,gamestate 0
20154,gamestate 0
18965,gamestate 0
19176,gamestate 0
19731,gamestate 0
18948,gamestate 0
19685,gamestate 0
19327,gamestate 0
19492,gamestate 0
20208,gamestate 0
22191,gamestate 0
18248,gamestate 0
16764,gamestate 0
16732,gamestate 0
16595,gamestate 0
16268,gamestate 0
17403,gamestate 0
16980,gamestate 0
18450,gamestate 0
17636,gamestate 0
17053,gamestate 0
17728,gamestate 0
17717,gamestate 0
16819,gamestate 0
17243,gamestate 0
17191,gamestate 0
17108,gamestate 0
17875,gamestate 0
17738,gamestate 0
19480,gamestate 0
20396,gamestate 0
20471,gamestate 0
21837,gamestate 0
20875,gamestate 0
21096,gamestate 0
20497,gamestate 0
19695,gamestate 0
19388,gamestate 0
20408,gamestate 0
19633,gamestate 0
20266,gamestate 0
22027,gamestate 0
19507,gamestate 0
19299,gamestate 0
19290,gamestate 0
19498,gamestate 0
17677,gamestate 0
17755,gamestate 0
17150,gamestate 0
16823,gamestate 0
16726,gamestate 0
15991,gamestate 0
16178,gamestate 0
16577,gamestate 0
15487,gamestate 0
16544,gamestate 0
15859,gamestate 0
15113,gamestate 0
16955,gamestate 0
15201,gamestate 0
16658,gamestate 0
14819,gamestate 0
15433,gamestate 0
16452,gamestate 0
15123,gamestate 0
15775,gamestate 0
16967,gamestate 0
15263,gamestate 0
15900,gamestate 0
15935,gamestate 0
15971,gamestate 0
15298,gamestate 0
15137,gamestate 0
15433,gamestate 0
17048,gamestate 0
14815,gamestate 0
14860,gamestate 0
16370,gamestate 0
15291,gamestate 0
15652,gamestate 0
15156,gamestate 0
15516,gamestate 0
14762,gamestate 0
16200,gamestate 0
15709,gamestate 0
15429,gamestate 0
16553,gamestate 0
15751,gamestate 0
16371,gamestate 0
15869,gamestate 0
15283,gamestate 0
15777,gamestate 0
15361,gamestate 0
15693,gamestate 0
15203,gamestate 0
14097,gamestate 0
14982,gamestate 0
15181,gamestate 0
14831,gamestate 0
16096,gamestate 0
14847,gamestate 0
16201,gamestate 0
15895,gamestate 0
16387,gamestate 0
15511,gamestate 0
16238,gamestate 0
16120,gamestate 0
17002,gamestate 0
16721,gamestate 0
16199,gamestate 0
15517,gamestate 0
16526,gamestate 0
15427,gamestate 0
16034,gamestate 0
14855,gamestate 0
15056,gamestate 0
14895,gamestate 0
16161,gamestate 0
15319,gamestate 0
16132,gamestate 0
15849,gamestate 0
15942,gamestate 0
16223,gamestate 0
15420,gamestate 0
15896,gamestate 0
14783,gamestate 0
15004,gamestate 0
16001,gamestate 0
13791,gamestate 0
13944,gamestate 0
13638,gamestate 0
12540,gamestate 0
13164,gamestate 0
13836,gamestate 0
14086,gamestate 0
12368,gamestate 0
12887,gamestate 0
13137,gamestate 0
11734,gamestate 0
12913,gamestate 0
12165,gamestate 0
12483,gamestate 0
26428,gamestate 0
14716,gamestate 0
15633,gamestate 0
15139,gamestate 0
15126,gamestate 0
15042,gamestate 0
14741,gamestate 0
18378,gamestate 0
15400,gamestate 0
14601,gamestate 0
15300,gamestate 0
19194,gamestate 0
15729,gamestate 0
15376,gamestate 0
14719,gamestate 0
15610,gamestate 0
15594,gamestate 0
15528,gamestate 0
15692,gamestate 0
17695,gamestate 0
20000,gamestate 0
26023,gamestate 0
21321,gamestate 0
20355,gamestate 0
20917,gamestate 0
21241,gamestate 0
20373,gamestate 0
21259,gamestate 0
21956,gamestate 0
21001,gamestate 0
21397,gamestate 0
21512,gamestate 0
21604,gamestate 0
22367,gamestate 0
22404,gamestate 0
29777,gamestate 0
23975,gamestate 0
23066,gamestate 0
22337,gamestate 0
22850,gamestate 0
22193,gamestate 0
22215,gamestate 0
23276,gamestate 0
22781,gamestate 0
21555,gamestate 0
23213,gamestate 0
20689,gamestate 0
23433,gamestate 0
22315,gamestate 0
25330,gamestate 0
22274,gamestate 0
21769,gamestate 0
21411,gamestate 0
21310,gamestate 0
21326,gamestate 0
20820,gamestate 0
21706,gamestate 0
21021,gamestate 0
20781,gamestate 0
22029,gamestate 0
21614,gamestate 0
22851,gamestate 0
21311,gamestate 0
20905,gamestate 0
20322,gamestate 0
20952,gamestate 0
20989,gamestate 0
21502,gamestate 0
20847,gamestate 0
21424,gamestate 0
21060,gamestate 0
21024,gamestate 0
21227,gamestate 0
21484,gamestate 0
20720,gamestate 0
20124,gamestate 0
20581,gamestate 0
19970,gamestate 0
19938,gamestate 0
20349,gamestate 0
20989,gamestate 0
19818,gamestate 0
20023,gamestate 0
19501,gamestate 0
19237,gamestate 0
20682,gamestate 0
18893,gamestate 0
20148,gamestate 0
20732,gamestate 0
18910,gamestate 0
17867,gamestate 0
21619,gamestate 0
16246,gamestate 0
16512,gamestate 0
15780,gamestate 0
16227,gamestate 0
16161,gamestate 0
16940,gamestate 0
16059,gamestate 0
16940,gamestate 0
15956,gamestate 0
15858,gamestate 0
16917,gamestate 0
16008,gamestate 0
16598,gamestate 0
15882,gamestate 0
16202,gamestate 0
16838,gamestate 0
15634,gamestate 0
16469,gamestate 0
15994,gamestate 0
15635,gamestate 0
17860,gamestate 0
15107,gamestate 0
15663,gamestate 0
15551,gamestate 0
16014,gamestate 0
15961,gamestate 0
16664,gamestate 0
16910,gamestate 0
17619,gamestate 0
19181,gamestate 0
19911,gamestate 0
17948,gamestate 0
18322,gamestate 0
18833,gamestate 0
18191,gamestate 0
17355,gamestate 0
18256,gamestate 0
18327,gamestate 0
16606,gamestate 0
16876,gamestate 0
16537,gamestate 0
16262,gamestate 0
15800,gamestate 0
16302,gamestate 0
15977,gamestate 0
16517,gamestate 0
17865,gamestate 0
17571,gamestate 0
19347,gamestate 0
18781,gamestate 0
19129,gamestate 0
18526,gamestate 0
24574,gamestate 0
20382,gamestate 0
21585,gamestate 0
20113,gamestate 0
21878,gamestate 0
21995,gamestate 0
19953,gamestate 0
19814,gamestate 0
19940,gamestate 0
20222,gamestate 0
21044,gamestate 0
19836,gamestate 0
20088,gamestate 0
20193,gamestate 0
20998,gamestate 0
24129,gamestate 0
20260,gamestate 0
20494,gamestate 0
20503,gamestate 0
20356,gamestate 0
19585,gamestate 0
20367,gamestate 0
20112,gamestate 0
20327,gamestate 0
19631,gamestate 0
19384,gamestate 0
19307,gamestate 0
20971,gamestate 0
19707,gamestate 0
20007,gamestate 0
19633,gamestate 0
20742,gamestate 0
19280,gamestate 0
19433,gamestate 0
19568,gamestate 0
19232,gamestate 0
20272,gamestate 0
18873,gamestate 0
18668,gamestate 0
17650,gamestate 0
18542,gamestate 0
19791,gamestate 0
19777,gamestate 0
19902,gamestate 0
20110,gamestate 0
21517,gamestate 0
20022,gamestate 0
19512,gamestate 0
19869,gamestate 0
20337,gamestate 0
21650,gamestate 0
19977,gamestate 0
20370,gamestate 0
20987,gamestate 0
22480,gamestate 0
24132,gamestate 0
21668,gamestate 0
21843,gamestate 0
22139,gamestate 0
22403,gamestate 0
21137,gamestate 0
20146,gamestate 0
21427,gamestate 0
21924,gamestate 0
20582,gamestate 0
21119,gamestate 0
20555,gamestate 0
21571,gamestate 0
21742,gamestate 0
22044,gamestate 0
23275,gamestate 0
22571,gamestate 0
22142,gamestate 0
22212,gamestate 0
23841,gamestate 0
22943,gamestate 0
26688,gamestate 0
23910,gamestate 0
22893,gamestate 0
23525,gamestate 0
24068,gamestate 0
22924,gamestate 0
24033,gamestate 0
23782,gamestate 0
22345,gamestate 0
22904,gamestate 0
22509,gamestate 0
21582,gamestate 0
23304,gamestate 0
22122,gamestate 0
23113,gamestate 0
22375,gamestate 0
25990,gamestate 0
22140,gamestate 0
23117,gamestate 0
22608,gamestate 0
22316,gamestate 0
22888,gamestate 0
22538,gamestate 0
22780,gamestate 0
23351,gamestate 0
23238,gamestate 0
22469,gamestate 0
21342,gamestate 0
22184,gamestate 0
20993,gamestate 0
21305,gamestate 0
21175,gamestate 0
21177,gamestate 0
21596,gamestate 0
21271,gamestate 0
21144,gamestate 0
21581,gamestate 0
20393,gamestate 0
23190,gamestate 0
21119,gamestate 0
21250,gamestate 0
20380,gamestate 0
20424,gamestate 0
20410,gamestate 0
20187,gamestate 0
20155,gamestate 0
18482,gamestate 0
19746,gamestate 0
19134,gamestate 0
19245,gamestate 0
18925,gamestate 0
17997,gamestate 0
21111,gamestate 0
21990,gamestate 0
19398,gamestate 0
19140,gamestate 0
18606,gamestate 0
18050,gamestate 0
18352,gamestate 0
18718,gamestate 0
18466,gamestate 0
17591,gamestate 0
18406,gamestate 0
18375,gamestate 0
17598,gamestate 0
17760,gamestate 0
19193,gamestate 0
19843,gamestate 0
18018,gamestate 0
18909,gamestate 0
18719,gamestate 0
20263,gamestate 0
18098,gamestate 0
19251,gamestate 0
18781,gamestate 0
19083,gamestate 0
19241,gamestate 0
18959,gamestate 0
18773,gamestate 0
18977,gamestate 0
19720,gamestate 0
18844,gamestate 0
17385,gamestate 0
17461,gamestate 0
17163,gamestate 0
17570,gamestate 0
16557,gamestate 0
15716,gamestate 0
16207,gamestate 0
15912,gamestate 0
15249,gamestate 0
16007,gamestate 0
15137,gamestate 0
15505,gamestate 0
15796,gamestate 0
14846,gamestate 0
14131,gamestate 0
15643,gamestate 0
14153,gamestate 0
15081,gamestate 0
18265,gamestate 0
14625,gamestate 0
15733,gamestate 0
15829,gamestate 0
16511,gamestate 0
14990,gamestate 0
16743,gamestate 0
15795,gamestate 0
15663,gamestate 0
15780,gamestate 0
15218,gamestate 0
15416,gamestate 0
15166,gamestate 0
14710,gamestate 0
14278,gamestate 0
14892,gamestate 0
14123,gamestate 0
14892,gamestate 0
14783,gamestate 0
13623,gamestate 0
14242,gamestate 0
15375,gamestate 0
14126,gamestate 0
15484,gamestate 0
15048,gamestate 0
15778,gamestate 0
14712,gamestate 0
14405,gamestate 0
15489,gamestate 0
14450,gamestate 0
14903,gamestate 0
15272,gamestate 0
13902,gamestate 0
12585,gamestate 0
13652,gamestate 0
12553,gamestate 0
12575,gamestate 0
13067,gamestate 0
13207,gamestate 0
12947,gamestate 0
12699,gamestate 0
16121,gamestate 0
16976,gamestate 0
20348,gamestate 0
16591,gamestate 0
16059,gamestate 0
16251,gamestate 0
15829,gamestate 0
16330,gamestate 0
15943,gamestate 0
16829,gamestate 0
15995,gamestate 0
18581,gamestate 0
15533,gamestate 0
15877,gamestate 0
16450,gamestate 0
16502,gamestate 0
16477,gamestate 0
16795,gamestate 0
18641,gamestate 0
20827,gamestate 0
22788,gamestate 0
24372,gamestate 0
24663,gamestate 0
24510,gamestate 0
25224,gamestate 0
24599,gamestate 0
25090,gamestate 0
24561,gamestate 0
23860,gamestate 0
26753,gamestate 0
25680,gamestate 0
26392,gamestate 0
26732,gamestate 0
26772,gamestate 0
27107,gamestate 0
28226,gamestate 0
27262,gamestate 0
26742,gamestate 0
26847,gamestate 0
27324,gamestate 0
26018,gamestate 0
26449,gamestate 0
25346,gamestate 0
25733,gamestate 0
26921,gamestate 0
26236,gamestate 0
25128,gamestate 0
25670,gamestate 0
23317,gamestate 0
23513,gamestate 0
22910,gamestate 0
22446,gamestate 0
21979,gamestate 0
22641,gamestate 0
20990,gamestate 0
20593,gamestate 0
22193,gamestate 0
24034,gamestate 0
24383,gamestate 0
23221,gamestate 0
22168,gamestate 0
24720,gamestate 0
25229,gamestate 0
25108,gamestate 0
23351,gamestate 0
23771,gamestate 0
23792,gamestate 0
23965,gamestate 0
23481,gamestate 0
23337,gamestate 0
23994,gamestate 0
23842,gamestate 0
24087,gamestate 0
23759,gamestate 0
23658,gamestate 0
24678,gamestate 0
24239,gamestate 0
24411,gamestate 0
24070,gamestate 0
24876,gamestate 0
24250,gamestate 0
25395,gamestate 0
23580,gamestate 0
24009,gamestate 0
24116,gamestate 0
24893,gamestate 0
26072,gamestate 0
25472,gamestate 0
25178,gamestate 0
24379,gamestate 0
24559,gamestate 0
23320,gamestate 0
22899,gamestate 0
23488,gamestate 0
21938,gamestate 0
21294,gamestate 0
21566,gamestate 0
22789,gamestate 0
22051,gamestate 0
23906,gamestate 0
24794,gamestate 0
24199,gamestate 0
25188,gamestate 0
24739,gamestate 0
24474,gamestate 0
24921,gamestate 0
23450,gamestate 0
24119,gamestate 0
23031,gamestate 0
21920,gamestate 0
21664,gamestate 0
20322,gamestate 0
20734,gamestate 0
21075,gamestate 0
22131,gamestate 0
22045,gamestate 0
21410,gamestate 0
21286,gamestate 0
22374,gamestate 0
21349,gamestate 0
21514,gamestate 0
20947,gamestate 0
21648,gamestate 0
20993,gamestate 0
19943,gamestate 0
20174,gamestate 0
19516,gamestate 0
19567,gamestate 0
19040,gamestate 0
18882,gamestate 0
20345,gamestate 0
18881,gamestate 0
17711,gamestate 0
16361,gamestate 0
16978,gamestate 0
15981,gamestate 0
15427,gamestate 0
14822,gamestate 0
14107,gamestate 0
14924,gamestate 0
14564,gamestate 0
13964,gamestate 0
14302,gamestate 0
14296,gamestate 0
13142,gamestate 0
14168,gamestate 0
12670,gamestate 0
13428,gamestate 0
13892,gamestate 0
13962,gamestate 0
13005,gamestate 0
13934,gamestate 0
13233,gamestate 0
12758,gamestate 0
12523,gamestate 0
12468,gamestate 0
15379,gamestate 0
14899,gamestate 0
14154,gamestate 0
14256,gamestate 0
14423,gamestate 0
13647,gamestate 0
14236,gamestate 0
14116,gamestate 0
13799,gamestate 0
14673,gamestate 0
14017,gamestate 0
14527,gamestate 0
15266,gamestate 0
13502,gamestate 0
13820,gamestate 0
14939,gamestate 0
14557,gamestate 0
14041,gamestate 0
15407,gamestate 0
14827,gamestate 0
16108,gamestate 0
15893,gamestate 0
16853,gamestate 0
17211,gamestate 0
18699,gamestate 0
17500,gamestate 0
17549,gamestate 0
18151,gamestate 0
18453,gamestate 0
17308,gamestate 0
17513,gamestate 0
17802,gamestate 0
17136,gamestate 0
16608,gamestate 0
17194,gamestate 0
16199,gamestate 0
16344,gamestate 0
16443,gamestate 0
16189,gamestate 0
15398,gamestate 0
15602,gamestate 0
15443,gamestate 0
14782,gamestate 0
13915,gamestate 0
14593,gamestate 0
13975,gamestate 0
14520,gamestate 0
14607,gamestate 0
14055,gamestate 0
14815,gamestate 0
13670,gamestate 0
13622,gamestate 0
13510,gamestate 0
12554,gamestate 0
13322,gamestate 0
12593,gamestate 0
13796,gamestate 0
13143,gamestate 0
12780,gamestate 0
12464,gamestate 0
14102,gamestate 0
12780,gamestate 0
13472,gamestate 0
13356,gamestate 0
12627,gamestate 0
13633,gamestate 0
14161,gamestate 0
12517,gamestate 0
13483,gamestate 0
13141,gamestate 0
14016,gamestate 0
13266,gamestate 0
13805,gamestate 0
13303,gamestate 0
13726,gamestate 0
13818,gamestate 0
14085,gamestate 0
13613,gamestate 0
14008,gamestate 0
14431,gamestate 0
14799,gamestate 0
14354,gamestate 0
14259,gamestate 0
16222,gamestate 0
14577,gamestate 0
14432,gamestate 0
14664,gamestate 0
14597,gamestate 0
14732,gamestate 0
14371,gamestate 0
14794,gamestate 0
14544,gamestate 0
15366,gamestate 0
14134,gamestate 0
15008,gamestate 0
14949,gamestate 0
13846,gamestate 0
14700,gamestate 0
14923,gamestate 0
13783,gamestate 0
13257,gamestate 0
13871,gamestate 0
14143,gamestate 0
12837,gamestate 0
12922,gamestate 0
14127,gamestate 0
13051,gamestate 0
12771,gamestate 0
13242,gamestate 0
12988,gamestate 0
12670,gamestate 0
13224,gamestate 0
13024,gamestate 0
12802,gamestate 0
12964,gamestate 0
12104,gamestate 0
11931,gamestate 0
12621,gamestate 0
12349,gamestate 0
12611,gamestate 0
12955,gamestate 0
12072,gamestate 0
12548,gamestate 0
12188,gamestate 0
12608,gamestate 0
12283,gamestate 0
13100,gamestate 0
12569,gamestate 0
13034,gamestate 0
11957,gamestate 0
11967,gamestate 0
12755,gamestate 0
12792,gamestate 0
12263,gamestate 0
12294,gamestate 0
12067,gamestate 0
15395,gamestate 0
1330,wipe
408,wipe
463,wipe
753,wipe
2014,wipe
2573,wipe
3302,wipe
2667,wipe
2999,wipe
2599,wipe
3637,wipe
2585,wipe
2457,wipe
2392,wipe
2084,wipe
2022,wipe
2025,wipe
1984,wipe
1790,wipe
1711,wipe
1935,wipe
1568,wipe
1673,wipe
2380,wipe
2287,wipe
1292,wipe
1178,wipe
1450,wipe
1223,wipe
764,wipe
443,wipe
385,wipe
911,wipe
1170,wipe
1021,wipe
7737,gamestate 1
7239,gamestate 1
6325,gamestate 1
4872,gamestate 1
4203,gamestate 1
3429,gamestate 1
2770,gamestate 1
3034,gamestate 1
2369,gamestate 1
8575,gamestate 1
2110,gamestate 1
2191,gamestate 1
2408,gamestate 1
2047,gamestate 1
2887,gamestate 1
2088,gamestate 1
3370,gamestate 1
2149,gamestate 1
2533,gamestate 1
2168,gamestate 1
2442,gamestate 1
2421,gamestate 1
2228,gamestate 1
2895,gamestate 1
2001,gamestate 1
3345,gamestate 1
2134,gamestate 1
2493,gamestate 1
2059,gamestate 1
3210,gamestate 1
2156,gamestate 1
2402,gamestate 1
2031,gamestate 1
2479,gamestate 1
2326,gamestate 1
2005,gamestate 1
2892,gamestate 1
2055,gamestate 1
3060,gamestate 1
2093,gamestate 1
3068,gamestate 1
2122,gamestate 1
2708,gamestate 1
2551,gamestate 1
2470,gamestate 1
2177,gamestate 1
2464,gamestate 1
2980,gamestate 1
2082,gamestate 1
2095,gamestate 1
2158,gamestate 1
2752,gamestate 1
2115,gamestate 1
2794,gamestate 1
2102,gamestate 1
2478,gamestate 1
2632,gamestate 1
2549,gamestate 1
2170,gamestate 1
2145,gamestate 1
2439,gamestate 1
2108,gamestate 1
2475,gamestate 1
2141,gamestate 1
2929,gamestate 1
2773,gamestate 1
2822,gamestate 1
2166,gamestate 1
2121,gamestate 1
2372,gamestate 1
2108,gamestate 1
2689,gamestate 1
2063,gamestate 1
3368,gamestate 1
2106,gamestate 1
2562,gamestate 1
2118,gamestate 1
2637,gamestate 1
2289,gamestate 1
2500,gamestate 1
2813,gamestate 1
2142,gamestate 1
2622,gamestate 1
2187,gamestate 1
2741,gamestate 1
2427,gamestate 1
3307,gamestate 1
2200,gamestate 1
2408,gamestate 1
2323,gamestate 1
3125,gamestate 1
2159,gamestate 1
2808,gamestate 1
2045,gamestate 1
2481,gamestate 1
2681,gamestate 1
2392,gamestate 1
2538,gamestate 1
2602,gamestate 1
2537,gamestate 1
3820,gamestate 1
1892,gamestate 1
2392,gamestate 1
2213,gamestate 1
2011,gamestate 1
2533,gamestate 1
1928,gamestate 1
2382,gamestate 1
2160,gamestate 1
1976,gamestate 1
1884,gamestate 1
1931,gamestate 1
2375,gamestate 1
2462,gamestate 1
1942,gamestate 1
2283,gamestate 1
1854,gamestate 1
2372,gamestate 1
2219,gamestate 1
2556,gamestate 1
2313,gamestate 1
1872,gamestate 1
2766,gamestate 1
2028,gamestate 1
2270,gamestate 1
1878,gamestate 1
2776,gamestate 1
2204,gamestate 1
2213,gamestate 1
1664,gamestate 1
1553,gamestate 1
1622,gamestate 1
1573,gamestate 1
2383,gamestate 1
1647,gamestate 1
1703,gamestate 1
1640,gamestate 1
1593,gamestate 1
1627,gamestate 1
1884,gamestate 1
1613,gamestate 1
1589,gamestate 1
1633,gamestate 1
1529,gamestate 1
1506,gamestate 1
2201,gamestate 1
1790,gamestate 1
1464,gamestate 1
1598,gamestate 1
1547,gamestate 1
1555,gamestate 1
1566,gamestate 1
2272,gamestate 1
1618,gamestate 1
1637,gamestate 1
1603,gamestate 1
1658,gamestate 1
1553,gamestate 1
1793,gamestate 1
1548,gamestate 1
1599,gamestate 1
1577,gamestate 1
1561,gamestate 1
1504,gamestate 1
1544,gamestate 1
2729,gamestate 1
1663,gamestate 1
1600,gamestate 1
1664,gamestate 1
1555,gamestate 1
1947,gamestate 1
1803,gamestate 1
1642,gamestate 1
1611,gamestate 1
1718,gamestate 1
1698,gamestate 1
1641,gamestate 1
2344,gamestate 1
1497,gamestate 1
1536,gamestate 1
1558,gamestate 1
1507,gamestate 1
1566,gamestate 1
1894,gamestate 1
1589,gamestate 1
1617,gamestate 1
1592,gamestate 1
1495,gamestate 1
1736,gamestate 1
1735,gamestate 1
2024,gamestate 1
1576,gamestate 1
1721,gamestate 1
1722,gamestate 1
1610,gamestate 1
1744,gamestate 1
1989,gamestate 1
1693,gamestate 1
1739,gamestate 1
1609,gamestate 1
1549,gamestate 1
2458,gamestate 1
2398,gamestate 1
2716,gamestate 1
1972,gamestate 1
1859,gamestate 1
2138,gamestate 1
1923,gamestate 1
2204,gamestate 1
1851,gamestate 1
1867,gamestate 1
2641,gamestate 1
2006,gamestate 1
1808,gamestate 1
1981,gamestate 1
1850,gamestate 1
2154,gamestate 1
2052,gamestate 1
1805,gamestate 1
2707,gamestate 1
1853,gamestate 1
2233,gamestate 1
2140,gamestate 1
1875,gamestate 1
2270,gamestate 1
2006,gamestate 1
1832,gamestate 1
3194,gamestate 1
1945,gamestate 1
1891,gamestate 1
1910,gamestate 1
2256,gamestate 1
2081,gamestate 1
2471,gamestate 1
2049,gamestate 1
2746,gamestate 1
2911,gamestate 1
2003,gamestate 1
2696,gamestate 1
1862,gamestate 1
1979,gamestate 1
2158,gamestate 1
2298,gamestate 1
2372,gamestate 1
1952,gamestate 1
2190,gamestate 1
2659,gamestate 1
2023,gamestate 1
2487,gamestate 1
2292,gamestate 1
2640,gamestate 1
1833,wipe
822,wipe
868,wipe
661,wipe
970,wipe
2916,wipe
2744,wipe
2660,wipe
2918,wipe
2491,wipe
3120,wipe
2361,wipe
2213,wipe
2173,wipe
2256,wipe
2009,wipe
1873,wipe
1848,wipe
1776,wipe
2024,wipe
1581,wipe
1795,wipe
1773,wipe
1362,wipe
1314,wipe
1179,wipe
1141,wipe
1043,wipe
1025,wipe
914,wipe
1103,wipe
845,wipe
882,wipe
831,wipe
818,wipe
60688,gamestate 0
25346,gamestate 0
25706,gamestate 0
24886,gamestate 0
26459,gamestate 0
25322,gamestate 0
24535,gamestate 0
25675,gamestate 0
25004,gamestate 0
24840,gamestate 0
25162,gamestate 0
25211,gamestate 0
24896,gamestate 0
26066,gamestate 0
25190,gamestate 0
26950,gamestate 0
25502,gamestate 0
24953,gamestate 0
25665,gamestate 0
25202,gamestate 0
25249,gamestate 0
25133,gamestate 0
25451,gamestate 0
Error: timed 1121 gametics in 56 realtics
