            DOOM Shareware Startup
Playing demo demo1.lmp.
V_Init: allocate screens.
M_LoadDefaults: Load system defauls.
Z_Init: Init zone memory allocation daemon.
W_Init: Init WADfiles.
 adding doom1.wad
 adding demo1.lmp
added
==================
   Shareware!
==================
M_Init: Init miscellaneous info.
R_Init: Init DOOM refresh daemon - 
InitTextures
InitFlatsR_InitSpriteLumps

InitSprites
InitColormaps
R_InitData
R_InitPointToAngle
R_InitTables
R_InitPlanes
R_InitLightTables
R_InitSkyMap
R_InitTranslationsTables
P_Init: Init Playloop state.
I_Init: Setting up machine state.
D_CheckNetGame: Checking network game status.
startskill 2 deathmatch: False startmap: 1 startepisode: 1
player 1 of 1 (1 nodes)
S_Init: Setting up sound.
S_Init: default sfx volume 64
HU_Init: Setting up heads up display.
ST_Init: Init status bar.
R_DrawColumn: dc_source read out of bounds [16]
R_DrawColumn: dc_source read out of bounds [16]
S_StartSound not imlemented
S_StartSound not imlemented
S_StartSound not imlemented
S_StartSound not imlemented
S_StartSound not imlemented
S_StartSound not imlemented
S_StartSound not imlemented
S_StartSound not imlemented
S_StartSound not imlemented
S_StartSound not imlemented
S_StartSound not imlemented
R_DrawColumn: dc_source read out of bounds [127]
S_StartSound not imlemented
S_StartSound not imlemented
S_StartSound not imlemented
S_StartSound not imlemented
S_StartSound not imlemented
R_DrawColumn: dc_source read out of bounds [127]
R_DrawColumn: dc_source read out of bounds [127]
R_DrawColumn: dc_source read out of bounds [127]
S_StartSound not imlemented
S_StartSound not imlemented
S_StartSound not imlemented
S_StartSound not imlemented
S_StartSound not imlemented
S_StartSound not imlemented
S_StartSound not imlemented
S_StartSound not imlemented
S_StartSound not imlemented
S_StartSound not imlemented
S_StartSound not imlemented
S_StartSound not imlemented
S_StartSound not imlemented
S_StartSound not imlemented
S_StartSound not imlemented
S_StartSound not imlemented
S_StartSound not imlemented
S_StartSound not imlemented
S_StartSound not imlemented
S_StartSound not imlemented
S_StartSound not imlemented
S_StartSound not imlemented
S_StartSound not imlemented
S_StartSound not imlemented
S_StartSound not imlemented
R_DrawColumn: dc_source read out of bounds [17]
R_DrawColumn: dc_source read out of bounds [36]
R_DrawColumn: dc_source read out of bounds [39]
S_StartSound not imlemented
S_StartSound not imlemented
S_StartSound not imlemented
S_StartSound not imlemented
R_DrawColumn: dc_source read out of bounds [127]
R_DrawColumn: dc_source read out of bounds [127]
R_DrawColumn: dc_source read out of bounds [127]
R_DrawColumn: dc_source read out of bounds [127]
R_DrawColumn: dc_source read out of bounds [127]
R_DrawColumn: dc_source read out of bounds [127]
R_DrawColumn: dc_source read out of bounds [127]
R_DrawColumn: dc_source read out of bounds [127]
R_DrawColumn: dc_source read out of bounds [127]
R_DrawColumn: dc_source read out of bounds [127]
R_DrawColumn: dc_source read out of bounds [127]
R_DrawColumn: dc_source read out of bounds [127]
R_DrawColumn: dc_source read out of bounds [127]
R_DrawColumn: dc_source read out of bounds [127]
R_DrawColumn: dc_source read out of bounds [127]
R_DrawColumn: dc_source read out of bounds [127]
S_StartSound not imlemented
S_StartSound not imlemented
S_StartSound not imlemented
S_StartSound not imlemented
S_StartSound not imlemented
S_StartSound not imlemented
S_StartSound not imlemented
S_StartSound not imlemented
R_DrawColumn: dc_source read out of bounds [127]
R_DrawColumn: dc_source read out of bounds [127]
R_DrawColumn: dc_source read out of bounds [127]
R_DrawColumn: dc_source read out of bounds [127]
R_DrawColumn: dc_source read out of bounds [127]
R_DrawColumn: dc_source read out of bounds [127]
R_DrawColumn: dc_source read out of bounds [127]
S_StartSound not imlemented
R_DrawColumn: dc_source read out of bounds [127]
R_DrawColumn: dc_source read out of bounds [127]
R_DrawColumn: dc_source read out of bounds [127]
R_DrawColumn: dc_source read out of bounds [127]
R_DrawColumn: dc_source read out of bounds [127]
S_StartSound not imlemented
S_StartSound not imlemented
S_StartSound not imlemented
6755,wipe
1364,wipe
1528,wipe
2125,wipe
7361,wipe
5690,wipe
6126,wipe
7087,wipe
6474,wipe
6316,wipe
6083,wipe
6154,wipe
11335,wipe
5987,wipe
9661,wipe
5314,wipe
4992,wipe
4908,wipe
4864,wipe
4463,wipe
4121,wipe
1668,wipe
1341,wipe
1067,wipe
2124,wipe
2378,wipe
2143,wipe
1924,wipe
6153,wipe
1425,wipe
1134,wipe
1012,wipe
1129,wipe
1065,wipe
1323,wipe
947,wipe
771,wipe
834,wipe
913,wipe
2679,wipe
837,wipe
842,wipe
89566,gamestate 0
59655,gamestate 0
60499,gamestate 0
59603,gamestate 0
59887,gamestate 0
59248,gamestate 0
60110,gamestate 0
59894,gamestate 0
71424,gamestate 0
61311,gamestate 0
59831,gamestate 0
60121,gamestate 0
60594,gamestate 0
61091,gamestate 0
60397,gamestate 0
59667,gamestate 0
62163,gamestate 0
60348,gamestate 0
61869,gamestate 0
60355,gamestate 0
61145,gamestate 0
60534,gamestate 0
59982,gamestate 0
61048,gamestate 0
59806,gamestate 0
60631,gamestate 0
61257,gamestate 0
59811,gamestate 0
59180,gamestate 0
60737,gamestate 0
57968,gamestate 0
57804,gamestate 0
56727,gamestate 0
57779,gamestate 0
55572,gamestate 0
56994,gamestate 0
60741,gamestate 0
54182,gamestate 0
53187,gamestate 0
53085,gamestate 0
54425,gamestate 0
53752,gamestate 0
54462,gamestate 0
54534,gamestate 0
55186,gamestate 0
54414,gamestate 0
53844,gamestate 0
54469,gamestate 0
55190,gamestate 0
55032,gamestate 0
55093,gamestate 0
57026,gamestate 0
55817,gamestate 0
55783,gamestate 0
55293,gamestate 0
54770,gamestate 0
55018,gamestate 0
53957,gamestate 0
53152,gamestate 0
50203,gamestate 0
50157,gamestate 0
50570,gamestate 0
51565,gamestate 0
59619,gamestate 0
51019,gamestate 0
53778,gamestate 0
51943,gamestate 0
52158,gamestate 0
51157,gamestate 0
52456,gamestate 0
52090,gamestate 0
51234,gamestate 0
51302,gamestate 0
51128,gamestate 0
50811,gamestate 0
51095,gamestate 0
53121,gamestate 0
54762,gamestate 0
56202,gamestate 0
56028,gamestate 0
56207,gamestate 0
56899,gamestate 0
55676,gamestate 0
55003,gamestate 0
57644,gamestate 0
56148,gamestate 0
54875,gamestate 0
54254,gamestate 0
56107,gamestate 0
54999,gamestate 0
54435,gamestate 0
53875,gamestate 0
53291,gamestate 0
52557,gamestate 0
52164,gamestate 0
52422,gamestate 0
52931,gamestate 0
50415,gamestate 0
49956,gamestate 0
50936,gamestate 0
49850,gamestate 0
49542,gamestate 0
49049,gamestate 0
49392,gamestate 0
49005,gamestate 0
48202,gamestate 0
48949,gamestate 0
49097,gamestate 0
48663,gamestate 0
47603,gamestate 0
48651,gamestate 0
48557,gamestate 0
48450,gamestate 0
48338,gamestate 0
48232,gamestate 0
47778,gamestate 0
49286,gamestate 0
48273,gamestate 0
49014,gamestate 0
49126,gamestate 0
48851,gamestate 0
47970,gamestate 0
48099,gamestate 0
49578,gamestate 0
48376,gamestate 0
48329,gamestate 0
47421,gamestate 0
48807,gamestate 0
49423,gamestate 0
49717,gamestate 0
47691,gamestate 0
50480,gamestate 0
48298,gamestate 0
48609,gamestate 0
48148,gamestate 0
49114,gamestate 0
48436,gamestate 0
50717,gamestate 0
49013,gamestate 0
49328,gamestate 0
48661,gamestate 0
48112,gamestate 0
47756,gamestate 0
47383,gamestate 0
48694,gamestate 0
47560,gamestate 0
47557,gamestate 0
47943,gamestate 0
47716,gamestate 0
48901,gamestate 0
48703,gamestate 0
49776,gamestate 0
49666,gamestate 0
50454,gamestate 0
49017,gamestate 0
49501,gamestate 0
49284,gamestate 0
50530,gamestate 0
49714,gamestate 0
49480,gamestate 0
49470,gamestate 0
50379,gamestate 0
48819,gamestate 0
49058,gamestate 0
50479,gamestate 0
49832,gamestate 0
52808,gamestate 0
51562,gamestate 0
50321,gamestate 0
52550,gamestate 0
50391,gamestate 0
50539,gamestate 0
49579,gamestate 0
49228,gamestate 0
48949,gamestate 0
48588,gamestate 0
48395,gamestate 0
49158,gamestate 0
45976,gamestate 0
46143,gamestate 0
46866,gamestate 0
46024,gamestate 0
45318,gamestate 0
44710,gamestate 0
44303,gamestate 0
46963,gamestate 0
44696,gamestate 0
44478,gamestate 0
44033,gamestate 0
44076,gamestate 0
64435,gamestate 0
49792,gamestate 0
50767,gamestate 0
49429,gamestate 0
49854,gamestate 0
49005,gamestate 0
49158,gamestate 0
51486,gamestate 0
50065,gamestate 0
49165,gamestate 0
48931,gamestate 0
53472,gamestate 0
48660,gamestate 0
48501,gamestate 0
48376,gamestate 0
49883,gamestate 0
50075,gamestate 0
48974,gamestate 0
50996,gamestate 0
53050,gamestate 0
58127,gamestate 0
68636,gamestate 0
59638,gamestate 0
57711,gamestate 0
57089,gamestate 0
56954,gamestate 0
57270,gamestate 0
58917,gamestate 0
57141,gamestate 0
59625,gamestate 0
58733,gamestate 0
58185,gamestate 0
58740,gamestate 0
59794,gamestate 0
60352,gamestate 0
64321,gamestate 0
61403,gamestate 0
60321,gamestate 0
59890,gamestate 0
61794,gamestate 0
60720,gamestate 0
59672,gamestate 0
60186,gamestate 0
61410,gamestate 0
60003,gamestate 0
60779,gamestate 0
59000,gamestate 0
61294,gamestate 0
59766,gamestate 0
60690,gamestate 0
78509,gamestate 0
59490,gamestate 0
58964,gamestate 0
60353,gamestate 0
57662,gamestate 0
60470,gamestate 0
58330,gamestate 0
57832,gamestate 0
58120,gamestate 0
58105,gamestate 0
59055,gamestate 0
58550,gamestate 0
57841,gamestate 0
58744,gamestate 0
58331,gamestate 0
57601,gamestate 0
60509,gamestate 0
60822,gamestate 0
57815,gamestate 0
57707,gamestate 0
58923,gamestate 0
57281,gamestate 0
59056,gamestate 0
57499,gamestate 0
57146,gamestate 0
56527,gamestate 0
57741,gamestate 0
59122,gamestate 0
57282,gamestate 0
57510,gamestate 0
57672,gamestate 0
56220,gamestate 0
55960,gamestate 0
57944,gamestate 0
56100,gamestate 0
56244,gamestate 0
55720,gamestate 0
59283,gamestate 0
55491,gamestate 0
54559,gamestate 0
53795,gamestate 0
56950,gamestate 0
50303,gamestate 0
51110,gamestate 0
49965,gamestate 0
50991,gamestate 0
50211,gamestate 0
50331,gamestate 0
49900,gamestate 0
51467,gamestate 0
49796,gamestate 0
49575,gamestate 0
49955,gamestate 0
51231,gamestate 0
49480,gamestate 0
50360,gamestate 0
50189,gamestate 0
50211,gamestate 0
49606,gamestate 0
50764,gamestate 0
49765,gamestate 0
50115,gamestate 0
49263,gamestate 0
49113,gamestate 0
48676,gamestate 0
51488,gamestate 0
49663,gamestate 0
49010,gamestate 0
49962,gamestate 0
50900,gamestate 0
50152,gamestate 0
50836,gamestate 0
53037,gamestate 0
52339,gamestate 0
51659,gamestate 0
51389,gamestate 0
52994,gamestate 0
53070,gamestate 0
52597,gamestate 0
53780,gamestate 0
51766,gamestate 0
50821,gamestate 0
50867,gamestate 0
50581,gamestate 0
50540,gamestate 0
51399,gamestate 0
50717,gamestate 0
51129,gamestate 0
51322,gamestate 0
53099,gamestate 0
53367,gamestate 0
54328,gamestate 0
56229,gamestate 0
57175,gamestate 0
56531,gamestate 0
56302,gamestate 0
56138,gamestate 0
56656,gamestate 0
57328,gamestate 0
55682,gamestate 0
55337,gamestate 0
55861,gamestate 0
55135,gamestate 0
56721,gamestate 0
56014,gamestate 0
55361,gamestate 0
56379,gamestate 0
58076,gamestate 0
56899,gamestate 0
62299,gamestate 0
57731,gamestate 0
56592,gamestate 0
56181,gamestate 0
58271,gamestate 0
55583,gamestate 0
56415,gamestate 0
58429,gamestate 0
54972,gamestate 0
54666,gamestate 0
57641,gamestate 0
58116,gamestate 0
57106,gamestate 0
56991,gamestate 0
57375,gamestate 0
56033,gamestate 0
56480,gamestate 0
62373,gamestate 0
55977,gamestate 0
55429,gamestate 0
55800,gamestate 0
55927,gamestate 0
54354,gamestate 0
54032,gamestate 0
55384,gamestate 0
54044,gamestate 0
58233,gamestate 0
56791,gamestate 0
59475,gamestate 0
59285,gamestate 0
61026,gamestate 0
57891,gamestate 0
58058,gamestate 0
58505,gamestate 0
59567,gamestate 0
60413,gamestate 0
59196,gamestate 0
59880,gamestate 0
62221,gamestate 0
64706,gamestate 0
68946,gamestate 0
60548,gamestate 0
60201,gamestate 0
59525,gamestate 0
61215,gamestate 0
58417,gamestate 0
58461,gamestate 0
58048,gamestate 0
58142,gamestate 0
58951,gamestate 0
58992,gamestate 0
60071,gamestate 0
59749,gamestate 0
61764,gamestate 0
59920,gamestate 0
59769,gamestate 0
59558,gamestate 0
59216,gamestate 0
61765,gamestate 0
60448,gamestate 0
61249,gamestate 0
65375,gamestate 0
62643,gamestate 0
62783,gamestate 0
60635,gamestate 0
60813,gamestate 0
60974,gamestate 0
60751,gamestate 0
61023,gamestate 0
61026,gamestate 0
60334,gamestate 0
59898,gamestate 0
63574,gamestate 0
60558,gamestate 0
61147,gamestate 0
60710,gamestate 0
60207,gamestate 0
60571,gamestate 0
59897,gamestate 0
61121,gamestate 0
59752,gamestate 0
60289,gamestate 0
60618,gamestate 0
59343,gamestate 0
61911,gamestate 0
62403,gamestate 0
61375,gamestate 0
60454,gamestate 0
60288,gamestate 0
59507,gamestate 0
60286,gamestate 0
58181,gamestate 0
58089,gamestate 0
58726,gamestate 0
57972,gamestate 0
58705,gamestate 0
57084,gamestate 0
56679,gamestate 0
56673,gamestate 0
58689,gamestate 0
57380,gamestate 0
59540,gamestate 0
60379,gamestate 0
57125,gamestate 0
56738,gamestate 0
57968,gamestate 0
55694,gamestate 0
55450,gamestate 0
56290,gamestate 0
54720,gamestate 0
54220,gamestate 0
54040,gamestate 0
54716,gamestate 0
58546,gamestate 0
58736,gamestate 0
57815,gamestate 0
55229,gamestate 0
55276,gamestate 0
54795,gamestate 0
55165,gamestate 0
55357,gamestate 0
55146,gamestate 0
54425,gamestate 0
54312,gamestate 0
53300,gamestate 0
53396,gamestate 0
55024,gamestate 0
56889,gamestate 0
55211,gamestate 0
54588,gamestate 0
55065,gamestate 0
55921,gamestate 0
54528,gamestate 0
53788,gamestate 0
54685,gamestate 0
54383,gamestate 0
54694,gamestate 0
55814,gamestate 0
55220,gamestate 0
54700,gamestate 0
54857,gamestate 0
60027,gamestate 0
56483,gamestate 0
53499,gamestate 0
54645,gamestate 0
53591,gamestate 0
58127,gamestate 0
49746,gamestate 0
50227,gamestate 0
50584,gamestate 0
50056,gamestate 0
49495,gamestate 0
49721,gamestate 0
48677,gamestate 0
48997,gamestate 0
51284,gamestate 0
49061,gamestate 0
48667,gamestate 0
49334,gamestate 0
48306,gamestate 0
48691,gamestate 0
52335,gamestate 0
50572,gamestate 0
49685,gamestate 0
50858,gamestate 0
50205,gamestate 0
49152,gamestate 0
49569,gamestate 0
49860,gamestate 0
51542,gamestate 0
50234,gamestate 0
50675,gamestate 0
51056,gamestate 0
51181,gamestate 0
51115,gamestate 0
50502,gamestate 0
50733,gamestate 0
50316,gamestate 0
50553,gamestate 0
49608,gamestate 0
49838,gamestate 0
50232,gamestate 0
50330,gamestate 0
50734,gamestate 0
50019,gamestate 0
56265,gamestate 0
54521,gamestate 0
52258,gamestate 0
51471,gamestate 0
50477,gamestate 0
49353,gamestate 0
48529,gamestate 0
49477,gamestate 0
48396,gamestate 0
48599,gamestate 0
45173,gamestate 0
46981,gamestate 0
46061,gamestate 0
46391,gamestate 0
45421,gamestate 0
45990,gamestate 0
46820,gamestate 0
55597,gamestate 0
56462,gamestate 0
57905,gamestate 0
53059,gamestate 0
52767,gamestate 0
52607,gamestate 0
52928,gamestate 0
52925,gamestate 0
51895,gamestate 0
52021,gamestate 0
52079,gamestate 0
52300,gamestate 0
52598,gamestate 0
53431,gamestate 0
52351,gamestate 0
52473,gamestate 0
52128,gamestate 0
52772,gamestate 0
56794,gamestate 0
59965,gamestate 0
62899,gamestate 0
64438,gamestate 0
64906,gamestate 0
65115,gamestate 0
64949,gamestate 0
65944,gamestate 0
64559,gamestate 0
64709,gamestate 0
64508,gamestate 0
65627,gamestate 0
71735,gamestate 0
69107,gamestate 0
69898,gamestate 0
71800,gamestate 0
72110,gamestate 0
74916,gamestate 0
72290,gamestate 0
71378,gamestate 0
72510,gamestate 0
72132,gamestate 0
70649,gamestate 0
69574,gamestate 0
69412,gamestate 0
68865,gamestate 0
72416,gamestate 0
70275,gamestate 0
69164,gamestate 0
70978,gamestate 0
69301,gamestate 0
67603,gamestate 0
65453,gamestate 0
64162,gamestate 0
62200,gamestate 0
62313,gamestate 0
61893,gamestate 0
62841,gamestate 0
62958,gamestate 0
65029,gamestate 0
65270,gamestate 0
68212,gamestate 0
67461,gamestate 0
69621,gamestate 0
69203,gamestate 0
68225,gamestate 0
67109,gamestate 0
66421,gamestate 0
67524,gamestate 0
68926,gamestate 0
67232,gamestate 0
67303,gamestate 0
64519,gamestate 0
64467,gamestate 0
65853,gamestate 0
65944,gamestate 0
70445,gamestate 0
69891,gamestate 0
67511,gamestate 0
69047,gamestate 0
66926,gamestate 0
68578,gamestate 0
67847,gamestate 0
67464,gamestate 0
67392,gamestate 0
67401,gamestate 0
67371,gamestate 0
66707,gamestate 0
71081,gamestate 0
70142,gamestate 0
69515,gamestate 0
69017,gamestate 0
67737,gamestate 0
65696,gamestate 0
64004,gamestate 0
64494,gamestate 0
62781,gamestate 0
61583,gamestate 0
61917,gamestate 0
61352,gamestate 0
63581,gamestate 0
65542,gamestate 0
68502,gamestate 0
66897,gamestate 0
66778,gamestate 0
67381,gamestate 0
69790,gamestate 0
69307,gamestate 0
66300,gamestate 0
64479,gamestate 0
63282,gamestate 0
62015,gamestate 0
59450,gamestate 0
56258,gamestate 0
57954,gamestate 0
57778,gamestate 0
59120,gamestate 0
59119,gamestate 0
58319,gamestate 0
57656,gamestate 0
57716,gamestate 0
57958,gamestate 0
58356,gamestate 0
57385,gamestate 0
57622,gamestate 0
57939,gamestate 0
57664,gamestate 0
56703,gamestate 0
55831,gamestate 0
57138,gamestate 0
55622,gamestate 0
55695,gamestate 0
54647,gamestate 0
54039,gamestate 0
53601,gamestate 0
52014,gamestate 0
50428,gamestate 0
50783,gamestate 0
50162,gamestate 0
48728,gamestate 0
48078,gamestate 0
49046,gamestate 0
49601,gamestate 0
49098,gamestate 0
48834,gamestate 0
51118,gamestate 0
49352,gamestate 0
48008,gamestate 0
49002,gamestate 0
47720,gamestate 0
48289,gamestate 0
48559,gamestate 0
47552,gamestate 0
48472,gamestate 0
51176,gamestate 0
49491,gamestate 0
50243,gamestate 0
50105,gamestate 0
54317,gamestate 0
49441,gamestate 0
49988,gamestate 0
51587,gamestate 0
52454,gamestate 0
50148,gamestate 0
48957,gamestate 0
50041,gamestate 0
49697,gamestate 0
49851,gamestate 0
49664,gamestate 0
49285,gamestate 0
49003,gamestate 0
49437,gamestate 0
48949,gamestate 0
49795,gamestate 0
49958,gamestate 0
50114,gamestate 0
50053,gamestate 0
50102,gamestate 0
51009,gamestate 0
51805,gamestate 0
52150,gamestate 0
53610,gamestate 0
54055,gamestate 0
54138,gamestate 0
52731,gamestate 0
54688,gamestate 0
52633,gamestate 0
52851,gamestate 0
52887,gamestate 0
52525,gamestate 0
52544,gamestate 0
52175,gamestate 0
51473,gamestate 0
51777,gamestate 0
50906,gamestate 0
50479,gamestate 0
50446,gamestate 0
49229,gamestate 0
48897,gamestate 0
49350,gamestate 0
48386,gamestate 0
48381,gamestate 0
47947,gamestate 0
47734,gamestate 0
48583,gamestate 0
48089,gamestate 0
47448,gamestate 0
46806,gamestate 0
48410,gamestate 0
47004,gamestate 0
46695,gamestate 0
46006,gamestate 0
45695,gamestate 0
47675,gamestate 0
46945,gamestate 0
46420,gamestate 0
46637,gamestate 0
46421,gamestate 0
46631,gamestate 0
48341,gamestate 0
47982,gamestate 0
47561,gamestate 0
47724,gamestate 0
46766,gamestate 0
47960,gamestate 0
47458,gamestate 0
49633,gamestate 0
47698,gamestate 0
48538,gamestate 0
49341,gamestate 0
47509,gamestate 0
46851,gamestate 0
47160,gamestate 0
47563,gamestate 0
47515,gamestate 0
48507,gamestate 0
47542,gamestate 0
47866,gamestate 0
47985,gamestate 0
47700,gamestate 0
50234,gamestate 0
48393,gamestate 0
47200,gamestate 0
49115,gamestate 0
48622,gamestate 0
48399,gamestate 0
48816,gamestate 0
49311,gamestate 0
48747,gamestate 0
48291,gamestate 0
50378,gamestate 0
48925,gamestate 0
48786,gamestate 0
48788,gamestate 0
49263,gamestate 0
49427,gamestate 0
49546,gamestate 0
49062,gamestate 0
48017,gamestate 0
48229,gamestate 0
47668,gamestate 0
47030,gamestate 0
48277,gamestate 0
49643,gamestate 0
50590,gamestate 0
47526,gamestate 0
47594,gamestate 0
49283,gamestate 0
48222,gamestate 0
46825,gamestate 0
47684,gamestate 0
46124,gamestate 0
47368,gamestate 0
46019,gamestate 0
46774,gamestate 0
47280,gamestate 0
46517,gamestate 0
46077,gamestate 0
45900,gamestate 0
46664,gamestate 0
46286,gamestate 0
46252,gamestate 0
46160,gamestate 0
46125,gamestate 0
47195,gamestate 0
47180,gamestate 0
46766,gamestate 0
47440,gamestate 0
46894,gamestate 0
47553,gamestate 0
46879,gamestate 0
45923,gamestate 0
47564,gamestate 0
46376,gamestate 0
48413,gamestate 0
6087,wipe
1009,wipe
1383,wipe
2321,wipe
1716,wipe
4349,wipe
10748,wipe
11558,wipe
10785,wipe
9578,wipe
9713,wipe
9126,wipe
8249,wipe
7876,wipe
7383,wipe
6999,wipe
6518,wipe
8509,wipe
5785,wipe
5374,wipe
4879,wipe
4521,wipe
3967,wipe
3583,wipe
3231,wipe
3253,wipe
2439,wipe
2081,wipe
1812,wipe
1607,wipe
1303,wipe
1071,wipe
895,wipe
922,wipe
1655,wipe
21423,gamestate 1
15172,gamestate 1
7935,gamestate 1
6724,gamestate 1
6155,gamestate 1
5649,gamestate 1
5761,gamestate 1
4916,gamestate 1
5968,gamestate 1
10937,gamestate 1
6295,gamestate 1
6294,gamestate 1
5231,gamestate 1
6576,gamestate 1
5473,gamestate 1
5217,gamestate 1
6171,gamestate 1
6097,gamestate 1
5498,gamestate 1
5933,gamestate 1
6196,gamestate 1
5813,gamestate 1
5970,gamestate 1
5175,gamestate 1
5374,gamestate 1
6421,gamestate 1
5260,gamestate 1
7323,gamestate 1
5424,gamestate 1
5318,gamestate 1
5750,gamestate 1
5969,gamestate 1
5759,gamestate 1
6573,gamestate 1
5550,gamestate 1
5200,gamestate 1
5819,gamestate 1
5114,gamestate 1
6405,gamestate 1
5723,gamestate 1
5276,gamestate 1
5703,gamestate 1
5893,gamestate 1
5688,gamestate 1
5342,gamestate 1
5792,gamestate 1
5992,gamestate 1
5143,gamestate 1
5952,gamestate 1
5808,gamestate 1
5708,gamestate 1
5838,gamestate 1
5228,gamestate 1
5955,gamestate 1
5653,gamestate 1
5700,gamestate 1
5206,gamestate 1
5866,gamestate 1
5112,gamestate 1
5326,gamestate 1
6671,gamestate 1
5497,gamestate 1
5510,gamestate 1
5494,gamestate 1
5199,gamestate 1
5500,gamestate 1
6140,gamestate 1
6005,gamestate 1
5793,gamestate 1
5313,gamestate 1
5311,gamestate 1
7621,gamestate 1
5245,gamestate 1
5782,gamestate 1
5839,gamestate 1
5138,gamestate 1
5358,gamestate 1
6204,gamestate 1
8721,gamestate 1
10867,gamestate 1
6840,gamestate 1
6072,gamestate 1
5475,gamestate 1
5217,gamestate 1
5758,gamestate 1
5720,gamestate 1
5509,gamestate 1
5733,gamestate 1
5213,gamestate 1
5312,gamestate 1
5990,gamestate 1
5226,gamestate 1
5334,gamestate 1
6038,gamestate 1
5627,gamestate 1
5630,gamestate 1
5327,gamestate 1
5267,gamestate 1
5630,gamestate 1
5577,gamestate 1
6144,gamestate 1
5012,gamestate 1
4827,gamestate 1
5476,gamestate 1
4997,gamestate 1
5197,gamestate 1
4782,gamestate 1
5006,gamestate 1
4602,gamestate 1
5534,gamestate 1
4741,gamestate 1
5329,gamestate 1
4816,gamestate 1
4751,gamestate 1
4854,gamestate 1
4741,gamestate 1
4741,gamestate 1
4762,gamestate 1
4740,gamestate 1
5124,gamestate 1
5402,gamestate 1
4723,gamestate 1
4810,gamestate 1
4922,gamestate 1
4964,gamestate 1
5203,gamestate 1
5573,gamestate 1
4844,gamestate 1
4657,gamestate 1
5363,gamestate 1
4768,gamestate 1
4863,gamestate 1
4700,gamestate 1
5220,gamestate 1
4797,gamestate 1
5161,gamestate 1
5014,gamestate 1
4936,gamestate 1
4949,gamestate 1
5167,gamestate 1
5077,gamestate 1
4872,gamestate 1
5012,gamestate 1
4806,gamestate 1
5291,gamestate 1
4573,gamestate 1
4984,gamestate 1
4520,gamestate 1
5393,gamestate 1
4755,gamestate 1
5317,gamestate 1
4506,gamestate 1
4759,gamestate 1
4847,gamestate 1
5645,gamestate 1
4933,gamestate 1
5185,gamestate 1
4972,gamestate 1
4944,gamestate 1
5023,gamestate 1
4999,gamestate 1
4784,gamestate 1
5266,gamestate 1
4919,gamestate 1
5043,gamestate 1
5033,gamestate 1
4995,gamestate 1
4796,gamestate 1
5058,gamestate 1
5229,gamestate 1
4934,gamestate 1
4923,gamestate 1
5032,gamestate 1
4809,gamestate 1
4983,gamestate 1
4783,gamestate 1
5120,gamestate 1
4553,gamestate 1
5071,gamestate 1
4615,gamestate 1
4930,gamestate 1
4582,gamestate 1
4743,gamestate 1
5086,gamestate 1
4661,gamestate 1
5121,gamestate 1
4733,gamestate 1
4814,gamestate 1
4574,gamestate 1
4962,gamestate 1
4794,gamestate 1
5164,gamestate 1
4608,gamestate 1
5097,gamestate 1
4624,gamestate 1
4987,gamestate 1
4811,gamestate 1
4949,gamestate 1
4884,gamestate 1
4964,gamestate 1
5150,gamestate 1
4884,gamestate 1
4931,gamestate 1
5049,gamestate 1
4954,gamestate 1
5081,gamestate 1
5126,gamestate 1
4893,gamestate 1
4921,gamestate 1
4556,gamestate 1
5043,gamestate 1
4883,gamestate 1
4750,gamestate 1
4719,gamestate 1
4894,gamestate 1
4891,gamestate 1
4781,gamestate 1
5472,gamestate 1
4775,gamestate 1
4916,gamestate 1
4872,gamestate 1
4763,gamestate 1
4913,gamestate 1
4727,gamestate 1
5287,gamestate 1
4835,gamestate 1
5062,gamestate 1
5492,gamestate 1
5028,gamestate 1
4805,gamestate 1
5073,gamestate 1
4839,gamestate 1
4948,gamestate 1
4672,gamestate 1
5105,gamestate 1
4783,gamestate 1
4934,gamestate 1
5005,gamestate 1
4630,gamestate 1
4941,gamestate 1
4818,gamestate 1
5151,gamestate 1
4860,gamestate 1
5178,gamestate 1
4871,gamestate 1
5151,gamestate 1
5168,gamestate 1
4944,gamestate 1
4783,gamestate 1
4673,gamestate 1
5138,gamestate 1
6670,wipe
1650,wipe
6434,wipe
7020,wipe
8543,wipe
9295,wipe
10040,wipe
10016,wipe
13757,wipe
9093,wipe
8573,wipe
8291,wipe
7705,wipe
7422,wipe
7107,wipe
6667,wipe
6010,wipe
5625,wipe
6036,wipe
4735,wipe
4436,wipe
3982,wipe
3574,wipe
3215,wipe
3301,wipe
2401,wipe
1970,wipe
1551,wipe
1375,wipe
1278,wipe
1122,wipe
1017,wipe
971,wipe
918,wipe
950,wipe
100085,gamestate 0
67210,gamestate 0
65250,gamestate 0
67959,gamestate 0
65639,gamestate 0
65644,gamestate 0
64368,gamestate 0
65030,gamestate 0
64251,gamestate 0
65096,gamestate 0
65230,gamestate 0
64510,gamestate 0
65578,gamestate 0
64339,gamestate 0
65844,gamestate 0
66264,gamestate 0
65596,gamestate 0
65047,gamestate 0
68766,gamestate 0
66113,gamestate 0
66798,gamestate 0
65141,gamestate 0
64751,gamestate 0
Error: timed 1121 gametics in 90 realtics
